*** Darwin 15x15 ***
Turn = 0.
  012345678901234
0 f..............
1 .........r.....
2 ...............
3 ....h..........
4 ...............
5 .....h.........
6 ...............
7 .......t...f...
8 ....h..........
9 ...............
0 ...............
1 ...............
2 ...............
3 ...............
4 ....r..........

Turn = 1.
  012345678901234
0 f..............
1 ...............
2 .........r.....
3 .....h.........
4 .....h.........
5 ...............
6 ...............
7 .......t...f...
8 ...h...........
9 ...............
0 ...............
1 ...............
2 ...............
3 ....r..........
4 ...............

Turn = 2.
  012345678901234
0 f..............
1 ...............
2 ...............
3 .....hh..r.....
4 ...............
5 ...............
6 ...............
7 .......t...f...
8 ..h............
9 ...............
0 ...............
1 ...............
2 ....r..........
3 ...............
4 ...............

Turn = 3.
  012345678901234
0 f..............
1 ...............
2 .....h.........
3 .......h.......
4 .........r.....
5 ...............
6 ...............
7 .......t...f...
8 .h.............
9 ...............
0 ...............
1 ....r..........
2 ...............
3 ...............
4 ...............

Turn = 4.
  012345678901234
0 f..............
1 .....h.........
2 ...............
3 ........h......
4 ...............
5 .........r.....
6 ...............
7 .......t...f...
8 h..............
9 ...............
0 ....r..........
1 ...............
2 ...............
3 ...............
4 ...............

Turn = 5.
  012345678901234
0 f....h.........
1 ...............
2 ...............
3 .........h.....
4 ...............
5 ...............
6 .........r.....
7 .......t...f...
8 h..............
9 ....r..........
0 ...............
1 ...............
2 ...............
3 ...............
4 ...............

Turn = 6.
  012345678901234
0 f....h.........
1 ...............
2 ...............
3 ..........h....
4 ...............
5 ...............
6 ...............
7 .......t.r.f...
8 h...r..........
9 ...............
0 ...............
1 ...............
2 ...............
3 ...............
4 ...............

Turn = 7.
  012345678901234
0 f....h.........
1 ...............
2 ...............
3 ...........h...
4 ...............
5 ...............
6 ...............
7 ....r..t...f...
8 h........r.....
9 ...............
0 ...............
1 ...............
2 ...............
3 ...............
4 ...............

Turn = 8.
  012345678901234
0 f....h.........
1 ...............
2 ...............
3 ............h..
4 ...............
5 ...............
6 ....r..........
7 .......t...f...
8 h..............
9 .........r.....
0 ...............
1 ...............
2 ...............
3 ...............
4 ...............

Turn = 9.
  012345678901234
0 f....h.........
1 ...............
2 ...............
3 .............h.
4 ...............
5 ....r..........
6 ...............
7 .......t...f...
8 h..............
9 ...............
0 .........r.....
1 ...............
2 ...............
3 ...............
4 ...............

Turn = 10.
  012345678901234
0 f....h.........
1 ...............
2 ...............
3 ..............h
4 ....r..........
5 ...............
6 ...............
7 .......t...f...
8 h..............
9 ...............
0 ...............
1 .........r.....
2 ...............
3 ...............
4 ...............

Turn = 11.
  012345678901234
0 f....h.........
1 ...............
2 ...............
3 ....r.........h
4 ...............
5 ...............
6 ...............
7 .......t...f...
8 h..............
9 ...............
0 ...............
1 ...............
2 .........r.....
3 ...............
4 ...............

Turn = 12.
  012345678901234
0 f....h.........
1 ...............
2 ....r..........
3 ..............h
4 ...............
5 ...............
6 ...............
7 .......t...f...
8 h..............
9 ...............
0 ...............
1 ...............
2 ...............
3 .........r.....
4 ...............

Turn = 13.
  012345678901234
0 f....h.........
1 ....r..........
2 ...............
3 ..............h
4 ...............
5 ...............
6 ...............
7 .......t...f...
8 h..............
9 ...............
0 ...............
1 ...............
2 ...............
3 ...............
4 .........r.....

Turn = 14.
  012345678901234
0 f...rh.........
1 ...............
2 ...............
3 ..............h
4 ...............
5 ...............
6 ...............
7 .......t...f...
8 h..............
9 ...............
0 ...............
1 ...............
2 ...............
3 ...............
4 .........r.....

Turn = 15.
  012345678901234
0 f...rh.........
1 ...............
2 ...............
3 ..............h
4 ...............
5 ...............
6 ...............
7 .......t...f...
8 h..............
9 ...............
0 ...............
1 ...............
2 ...............
3 ...............
4 ........r......

Turn = 16.
  012345678901234
0 f..r.h.........
1 ...............
2 ...............
3 ..............h
4 ...............
5 ...............
6 ...............
7 .......t...f...
8 h..............
9 ...............
0 ...............
1 ...............
2 ...............
3 ...............
4 .......r.......

Turn = 17.
  012345678901234
0 f.r..h.........
1 ...............
2 ...............
3 ..............h
4 ...............
5 ...............
6 ...............
7 .......t...f...
8 h..............
9 ...............
0 ...............
1 ...............
2 ...............
3 ...............
4 ......r........

Turn = 18.
  012345678901234
0 fr...h.........
1 ...............
2 ...............
3 ..............h
4 ...............
5 ...............
6 ...............
7 .......t...f...
8 h..............
9 ...............
0 ...............
1 ...............
2 ...............
3 ...............
4 .....r.........

Turn = 19.
  012345678901234
0 rr...h.........
1 ...............
2 ...............
3 ..............h
4 ...............
5 ...............
6 ...............
7 .......t...f...
8 h..............
9 ...............
0 ...............
1 ...............
2 ...............
3 ...............
4 ....r..........

Turn = 20.
  012345678901234
0 r....h.........
1 r..............
2 ...............
3 ..............h
4 ...............
5 ...............
6 ...............
7 .......t...f...
8 h..............
9 ...............
0 ...............
1 ...............
2 ...............
3 ...............
4 ...r...........

*** Darwin 10x10 ***
Turn = 1.
  0123456789
0 fh........
1 ..........
2 ..........
3 .....h....
4 ...t......
5 ....r.....
6 ..........
7 .......f..
8 ..........
9 .........f

Turn = 2.
  0123456789
0 fh........
1 ..........
2 ..........
3 ......h...
4 ...t......
5 ..........
6 ....r.....
7 .......f..
8 ..........
9 .........f

Turn = 3.
  0123456789
0 fh........
1 ..........
2 ..........
3 .......h..
4 ...t......
5 ..........
6 ..........
7 ....r..f..
8 ..........
9 .........f

Turn = 4.
  0123456789
0 fh........
1 ..........
2 ..........
3 ........h.
4 ...t......
5 ..........
6 ..........
7 .......f..
8 ....r.....
9 .........f

Turn = 5.
  0123456789
0 fh........
1 ..........
2 ..........
3 .........h
4 ...t......
5 ..........
6 ..........
7 .......f..
8 ..........
9 ....r....f

Turn = 10.
  0123456789
0 fh........
1 ..........
2 ..........
3 .........h
4 ...t......
5 ..........
6 ..........
7 .......f..
8 ..........
9 r........f

Turn = 15.
  0123456789
0 fh........
1 ..........
2 ..........
3 .........h
4 ...t......
5 r.........
6 ..........
7 .......f..
8 ..........
9 .........f

Turn = 20.
  0123456789
0 rh........
1 r.........
2 ..........
3 .........h
4 ...t......
5 ..........
6 ..........
7 .......f..
8 ..........
9 .........f

Turn = 25.
  0123456789
0 r....r....
1 ....r.....
2 ..........
3 .........h
4 ...t......
5 ..........
6 ..........
7 .......f..
8 ..........
9 .........f

Turn = 30.
  0123456789
0 .....r...r
1 .........r
2 ..........
3 .........h
4 ...t......
5 ..........
6 ..........
7 .......f..
8 ..........
9 .........f

Turn = 35.
  0123456789
0 ........rr
1 ........r.
2 ..........
3 .........h
4 ...t......
5 ..........
6 ..........
7 .......f..
8 ..........
9 .........f

Turn = 40.
  0123456789
0 ......r...
1 ...r......
2 ..........
3 .........h
4 ...t....r.
5 ..........
6 ..........
7 .......f..
8 ..........
9 .........f

Turn = 45.
  0123456789
0 .r........
1 ..........
2 r.........
3 .........h
4 ...t......
5 ..........
6 ..........
7 .......f..
8 ..........
9 ........rf

Turn = 50.
  0123456789
0 ..r.......
1 ..........
2 ..........
3 .........h
4 ...t......
5 ..........
6 .........r
7 r......f..
8 ..........
9 .........r

*** Darwin 15x9 ***
Turn = 1.
  012345678
0 t........
1 .........
2 ...t.....
3 ...h.....
4 ....r....
5 .........
6 ........t
7 .........
8 .........
9 .........
0 .........
1 .r.......
2 .........
3 .....t...
4 .........

Turn = 2.
  012345678
0 t........
1 .........
2 ...t.....
3 ...tr....
4 .........
5 .........
6 ........t
7 .........
8 .........
9 .........
0 .r.......
1 .........
2 .........
3 .....t...
4 .........

Turn = 3.
  012345678
0 t........
1 .........
2 ...tr....
3 ...t.....
4 .........
5 .........
6 ........t
7 .........
8 .........
9 .r.......
0 .........
1 .........
2 .........
3 .....t...
4 .........

Turn = 4.
  012345678
0 t........
1 .........
2 ...tt....
3 ...t.....
4 .........
5 .........
6 ........t
7 .........
8 .r.......
9 .........
0 .........
1 .........
2 .........
3 .....t...
4 .........

Turn = 5.
  012345678
0 t........
1 .........
2 ...tt....
3 ...t.....
4 .........
5 .........
6 ........t
7 .r.......
8 .........
9 .........
0 .........
1 .........
2 .........
3 .....t...
4 .........

Turn = 10.
  012345678
0 t........
1 .........
2 .r.tt....
3 ...t.....
4 .........
5 .........
6 ........t
7 .........
8 .........
9 .........
0 .........
1 .........
2 .........
3 .....t...
4 .........

Turn = 15.
  012345678
0 tt.......
1 .........
2 ...tt....
3 ...t.....
4 .........
5 .........
6 ........t
7 .........
8 .........
9 .........
0 .........
1 .........
2 .........
3 .....t...
4 .........

*** Darwin 35x35 ***
Turn = 1.
  01234567890123456789012345678901234
0 ...r...............................
1 .r..................h..............
2 ..f.................r..............
3 ..........f........................
4 ........................t.....r....
5 ............................tt.....
6 ...................................
7 ..................t................
8 ...................................
9 ..................................h
0 ........f....f............t........
1 ...............................h...
2 .r...........................f.....
3 .................................r.
4 ...................................
5 ..f................................
6 ........f..........................
7 ......................ft...........
8 ............f......t...........f...
9 ...................................
0 ...................................
1 .......h...........................
2 ....................f..............
3 ..t.....................h......f...
4 ...................................
5 ...................................
6 ............h.............r........
7 ...............................r...
8 ...................................
9 ...................................
0 ............f......................
1 ..f................................
2 .................h.................
3 ..f.t..t..........h.......h........
4 ...................................

Turn = 2.
  01234567890123456789012345678901234
0 .r.r...............................
1 .....................h.............
2 ..f................r...............
3 ..........f...................r....
4 ........................t..........
5 ............................tt.....
6 ...................................
7 ..................t................
8 ..................................h
9 ...................................
0 ........f....f............t........
1 .r..............................h..
2 .............................f.....
3 ..................................r
4 ...................................
5 ..f................................
6 ........f..........................
7 ......................ft...........
8 ............f......t...........f...
9 ...................................
0 ...................................
1 ......h............................
2 ....................f..............
3 ..t............................f...
4 ........................h..........
5 ..........................r........
6 ...........h...................r...
7 ...................................
8 ...................................
9 ...................................
0 ............f......................
1 ..f................................
2 ..................h................
3 ..f.t..t...........h...............
4 ..........................h........

Turn = 3.
  01234567890123456789012345678901234
0 .rr................................
1 ......................h............
2 ..f...............r...........r....
3 ..........f........................
4 ........................t..........
5 ............................tt.....
6 ...................................
7 ..................t...............h
8 ...................................
9 ...................................
0 .r......f....f............t........
1 .................................h.
2 .............................f.....
3 ..................................r
4 ...................................
5 ..f................................
6 ........f..........................
7 ......................tt...........
8 ............f......t...........f...
9 ...................................
0 ...................................
1 .....h.............................
2 ....................f..............
3 ..t............................f...
4 ..........................r........
5 ........................h......r...
6 ..........h........................
7 ...................................
8 ...................................
9 ...................................
0 ............f......................
1 ..f................................
2 ...................h...............
3 ..f.t..t............h..............
4 ..........................h........

Turn = 4.
  01234567890123456789012345678901234
0 rr.................................
1 .......................h......r....
2 ..f..............r.................
3 ..........f........................
4 ........................t..........
5 ............................tt.....
6 ..................................h
7 ..................t................
8 ...................................
9 .r.................................
0 ........f....f............t........
1 ..................................h
2 .............................f....r
3 ...................................
4 ...................................
5 ..f................................
6 ........f..........................
7 ......................tt...........
8 ............f......t...........f...
9 ...................................
0 ...................................
1 ....h..............................
2 ....................f..............
3 ..t.......................r....f...
4 ...............................r...
5 ...................................
6 .........h..............h..........
7 ...................................
8 ...................................
9 ...................................
0 ............f......................
1 ..f................................
2 ....................h..............
3 ..f.t..t.............h.............
4 ..........................h........

Turn = 5.
  01234567890123456789012345678901234
0 rr............................r....
1 ........................h..........
2 ..f.............r..................
3 ..........f........................
4 ........................t..........
5 ............................tt....h
6 ...................................
7 ..................t................
8 .r.................................
9 ...................................
0 ........f....f............t........
1 ..................................r
2 .............................f....r
3 ...................................
4 ...................................
5 ..f................................
6 ........f..........................
7 ......................tt...........
8 ............f......t...........f...
9 ...................................
0 ...................................
1 ...h...............................
2 ....................f.....r........
3 ..t............................r...
4 ...............................r...
5 ...................................
6 ........h..........................
7 ........................h..........
8 ...................................
9 ...................................
0 ............f......................
1 ..f................................
2 .....................h.............
3 ..f.t..t..............h............
4 ..........................h........

Turn = 6.
  01234567890123456789012345678901234
0 .r............................r....
1 r........................h.........
2 ..f............r...................
3 ..........f........................
4 ........................t.........h
5 ............................tt.....
6 ...................................
7 .r................t................
8 ...................................
9 ...................................
0 ........f....f............t........
1 ..................................r
2 .............................f....r
3 ...................................
4 ...................................
5 ..f................................
6 ........f..........................
7 ......................tt...........
8 ............f......t...........f...
9 ...................................
0 ...................................
1 ..h.......................r........
2 ....................f..............
3 ..t............................r...
4 ...............................r...
5 ...................................
6 .......h...........................
7 ...................................
8 ........................h..........
9 ...................................
0 ............f......................
1 ..f................................
2 ......................h............
3 ..f.t..t...............h...........
4 ..........................h........

Turn = 7.
  01234567890123456789012345678901234
0 r............................r.....
1 ..........................h........
2 r.f...........r....................
3 ..........f.......................h
4 ........................t..........
5 ............................tt.....
6 .r.................................
7 ..................t................
8 ...................................
9 ...................................
0 ........f....f............t.......r
1 ...................................
2 .............................f...r.
3 ...................................
4 ...................................
5 ..f................................
6 ........f..........................
7 ......................tt...........
8 ............f......t...........f...
9 ...................................
0 ..........................r........
1 .h.................................
2 ....................f..............
3 ..t...........................r....
4 ................................r..
5 ...................................
6 ......h............................
7 ...................................
8 ...................................
9 ........................h..........
0 ............f......................
1 ..f................................
2 .......................h...........
3 ..f.t..t................h..........
4 ..........................h........

Turn = 8.
  01234567890123456789012345678901234
0 r...........................r......
1 ...........................h.......
2 ..f..........r....................h
3 r.........f........................
4 ........................t..........
5 .r..........................tt.....
6 ...................................
7 ..................t................
8 ...................................
9 ..................................r
0 ........f....f............t........
1 ...................................
2 .............................f..r..
3 ...................................
4 ...................................
5 ..f................................
6 ........f..........................
7 ......................tt...........
8 ............f......t...........f...
9 ..........................r........
0 ...................................
1 h..................................
2 ....................f..............
3 ..t..........................r.....
4 .................................r.
5 ...................................
6 .....h.............................
7 ...................................
8 ...................................
9 ...................................
0 ............f...........h..........
1 ..f................................
2 ........................h..........
3 ..f.t..t.................h.........
4 ..........................h........

Turn = 9.
  01234567890123456789012345678901234
0 ...........................r.......
1 r...........................h.....h
2 ..f.........r......................
3 ..........f........................
4 rr......................t..........
5 ............................tt.....
6 ...................................
7 ..................t................
8 ..................................r
9 ...................................
0 ........f....f............t........
1 ...................................
2 .............................f.r...
3 ...................................
4 ...................................
5 ..f................................
6 ........f..........................
7 ......................tt...........
8 ............f......t......r....f...
9 ...................................
0 ...................................
1 h..................................
2 ....................f..............
3 ..t.........................r......
4 ..................................r
5 ...................................
6 ....h..............................
7 ...................................
8 ...................................
9 ...................................
0 ............f......................
1 ..f.....................h..........
2 .........................h.........
3 ..f.t..t..................h........
4 ..........................h........

Turn = 10.
  01234567890123456789012345678901234
0 ..........................r.......h
1 .............................h.....
2 r.f........r.......................
3 .r........f........................
4 ........................t..........
5 r...........................tt.....
6 ...................................
7 ..................t...............r
8 ...................................
9 ...................................
0 ........f....f............t........
1 ...................................
2 .............................fr....
3 ...................................
4 ...................................
5 ..f................................
6 ........f..........................
7 ......................tt..r........
8 ............f......t...........f...
9 ...................................
0 ...................................
1 h..................................
2 ....................f..............
3 ..t........................r.......
4 ..................................r
5 ...................................
6 ...h...............................
7 ...................................
8 ...................................
9 ...................................
0 ............f......................
1 ..f................................
2 ........................h.h........
3 ..f.t..t...................h.......
4 ..........................h........

Turn = 50.
  01234567890123456789012345678901234
0 r.....................rrr..........
1 ..r................................
2 .r................................r
3 ..........f.......r................
4 ........................t..........
5 r..................................
6 r..................................
7 ..................t................
8 .............................r.....
9 ...r...............................
0 ........f....f.....................
1 ...................................
2 ...................................
3 ...................................
4 .r.................................
5 ..f................................
6 ........f..........................
7 ......................tt...........
8 ............f......t...........f...
9 ...................................
0 .................................r.
1 .......................r...........
2 ....................f..............
3 ...................................
4 ...................................
5 ...........r.......................
6 ...................................
7 ...................................
8 ...................................
9 ...................................
0 ............f......................
1 .......r...........................
2 r.................................h
3 ..f.t..t..........................h
4 ...r....................h.h.rr.....

Turn = 100.
  01234567890123456789012345678901234
0 .................r.......r....r..r.
1 .............................r....r
2 .............................r.....
3 ...................................
4 ........................t....r.....
5 .............................r.....
6 ...................................
7 ..................t................
8 ...................................
9 ...................................
0 ........f....f.....................
1 ..................................r
2 ...................................
3 ...................................
4 ...................................
5 .rr................................
6 ........f.............tt...........
7 ...................tt..t...........
8 ............f......t...........f...
9 ...................................
0 ...................................
1 .................................r.
2 r...................f.............r
3 ...................................
4 ...................................
5 ..................................r
6 .....r.............................
7 ...................................
8 ...................................
9 .............r.....................
0 ............f.r....................
1 ...................................
2 ...................................
3 .......tt...............r..........
4 .r....ttt...r......................

Turn = 150.
  01234567890123456789012345678901234
0 .......r..rr.......................
1 r..................................
2 ....r.r............................
3 ....r..............................
4 ..........r........r...............
5 .......r...........................
6 ...r...............................
7 r.................t...............r
8 ......r............................
9 ..................................r
0 ........f....f.....................
1 r..................................
2 ...................................
3 ...................................
4 ..r................................
5 ...................................
6 ........f.............tt...........
7 ...................tt..t...........
8 .rr................t...........f...
9 ...................................
0 ...................................
1 ...................................
2 ....................f..............
3 ..............r....................
4 r..................................
5 ...................................
6 ...................................
7 ...................................
8 ..................................r
9 ..................................r
0 r..................................
1 ...................................
2 r..................................
3 .......ttt.........................
4 .......t..........................r

Turn = 200.
  01234567890123456789012345678901234
0 ...................................
1 ...................................
2 .rr................................
3 r.................................r
4 ...........r.......................
5 ...........................r.......
6 ...................................
7 ..................t................
8 .....r.............................
9 .....r............................r
0 .............f.....................
1 ...................................
2 ...................................
3 ...................................
4 ...................................
5 ...................................
6 ....................t.tt...........
7 ...................tt..t...........
8 ...................t...........f...
9 ................r..................
0 ..............r....................
1 ........r.....r.r.............r....
2 r......r......r.....f..............
3 .........r.................r.......
4 ........r..........................
5 ..................................r
6 ...................r...............
7 ..................................r
8 ...................................
9 ...................................
0 r......................r...........
1 ........................r..........
2 .........................r.........
3 ................r.r................
4 ....................r..............

Turn = 250.
  01234567890123456789012345678901234
0 ..........................rrr....r.
1 .........................r.........
2 ...................................
3 ...................................
4 ..............................rr...
5 ...................................
6 ......................r............
7 ..................t..r.............
8 ..................................r
9 ...................................
0 .............f..................r.r
1 ...................................
2 ...................................
3 r..................................
4 ...................................
5 .r.................................
6 ....................t.tt...........
7 ...................tt..tt..........
8 ...................tt...t..........
9 ...................t...............
0 ...................................
1 ....r..............................
2 ...................................
3 ......r............................
4 r........r.........................
5 .r.....r...rr......................
6 ...................................
7 ..r..........r.....................
8 ...................................
9 ...................................
0 r..................................
1 r..................................
2 ...................................
3 ..r................................
4 ...r...............r...............

Turn = 300.
  01234567890123456789012345678901234
0 r....r.............................
1 .r.................................
2 ...................................
3 ...................................
4 ...................................
5 .r.................................
6 ...................................
7 ...................................
8 r................r.................
9 ..................r................
0 ............r..r...................
1 .............r.....................
2 ...................................
3 r..................................
4 r....r............................r
5 .....r.............................
6 .....r..............t.tt...........
7 ...............r...tt..ttt.........
8 ..................ttt...t..........
9 ...................t...............
0 ...r..........r....................
1 .................................r.
2 r.............................r....
3 ...................................
4 ........................r..........
5 ...................................
6 .......................r...........
7 ...................................
8 ..................................r
9 ..................r................
0 ...................................
1 ...................................
2 ...............................r...
3 ..............................r....
4 ..............r....................

Turn = 350.
  01234567890123456789012345678901234
0 ...r.........................r.....
1 ...................................
2 ...r..........................r....
3 ...................................
4 ...............r..................r
5 ........................rr.........
6 ...................................
7 ...................................
8 ...r........r......................
9 ..r................................
0 ...................................
1 ...........................rr......
2 ...................................
3 ............rr.....................
4 ...................................
5 ...................................
6 ...................tt...tt.........
7 ...................ttt.ttt.........
8 ..................ttt..tt..........
9 ...................t....t..........
0 ...................................
1 ...................................
2 ..................................r
3 ...................................
4 ....r..............................
5 ...................................
6 ...................................
7 ...................................
8 ...................................
9 ...........r...................r...
0 r..................................
1 ...............................r...
2 ...................................
3 ................r................rr
4 ................................r..

Turn = 400.
  01234567890123456789012345678901234
0 .............................rr....
1 ...................................
2 r..................................
3 ...................................
4 ...................................
5 ...................................
6 ...................................
7 ..................................r
8 ...................................
9 ..........................r........
0 ...........................r.......
1 ............................r......
2 ...................................
3 ...................................
4 ...........................r.......
5 ....................t..............
6 ...................tt...t..........
7 ...................ttt.tt..........
8 .................tttt..ttt.........
9 ...................t....ttt........
0 ...................................
1 ...................................
2 ...................................
3 ...................................
4 ...................................
5 ...................................
6 ...................................
7 ...................................
8 ........r..........................
9 ......r............................
0 ......r............................
1 ...................................
2 r..................................
3 ...r......rr.......................
4 .rr............rr.rr......r........

Turn = 450.
  01234567890123456789012345678901234
0 .......r..r........................
1 ...................................
2 ...................................
3 ...................................
4 ...................................
5 r..................................
6 ..r................................
7 ..r................................
8 ...................................
9 ...................................
0 ...................................
1 .r.................r...............
2 ....................r..............
3 ...................................
4 ...................................
5 ....................t..............
6 ...................tt...t..........
7 ...................ttt.tt..........
8 r................ttt...tt.t........
9 ..................tt....tttt.......
0 ..................tt...............
1 ...................................
2 ...................................
3 ...................................
4 ...................................
5 ...................................
6 ...................................
7 .........................r.........
8 ............r......................
9 ............r......................
0 ...................................
1 ......................r............
2 ...................r...............
3 .................r.................
4 .................rr..........rr....

Turn = 500.
  01234567890123456789012345678901234
0 ..........r..r.r......r............
1 ...................................
2 ...................................
3 .r.................................
4 ...................................
5 .r.................................
6 ...................................
7 ...................................
8 ........r..........................
9 ...................................
0 ..................................r
1 ...................................
2 ...................................
3 ...................................
4 ...................................
5 .......................tt..........
6 ...................tt...t..........
7 r..................ttt.tt..........
8 r................ttt...tt.t........
9 ..................tt....tttt.......
0 ..................tt.....t.........
1 ...................................
2 ...................................
3 ...................................
4 ...................................
5 ..................................r
6 ...................................
7 ...................................
8 ..................................r
9 ...................................
0 ...................................
1 .......................r...........
2 ...................r....r.......r..
3 ...................................
4 ...............r...................

Turn = 550.
  01234567890123456789012345678901234
0 .........................r.........
1 ...................................
2 .................................r.
3 ................................r..
4 ...............................r...
5 ...................................
6 ...................................
7 ...................................
8 ...............................r...
9 ...................................
0 .............................r.....
1 ..r................................
2 ..................................r
3 ...................................
4 ...................................
5 .......................tt..........
6 ...................tt...t..........
7 ...................ttt.tt..........
8 .................ttt...tt.t........
9 ..............r...tt....tttt.......
0 ..................tt.....t.........
1 .........................t.........
2 ...........r.......................
3 ...................................
4 ............r......................
5 r..................................
6 ...................................
7 ...................................
8 r..................................
9 ...................................
0 r....r.............................
1 ...................................
2 ...................................
3 ...................................
4 .......................r...........

Turn = 600.
  01234567890123456789012345678901234
0 .........r....r..............r.....
1 ...................................
2 ...................................
3 ...................................
4 .................................r.
5 ...................................
6 ...................................
7 ...................................
8 .............................r.....
9 ..................r................
0 ...................................
1 ...................................
2 ...................................
3 ...................................
4 ...................................
5 .......................tt..........
6 ...................tt...t..........
7 ...................ttt.tt..........
8 .................ttt...tt.t........
9 ..................tt...ttttt.......
0 ..................tt.....t.........
1 .........................t.........
2 ...................................
3 ...................................
4 ...................................
5 ...................................
6 ..............................rr...
7 ..............r..............r.....
8 ...................................
9 ...................................
0 ...................................
1 ...................................
2 ...................................
3 ..................................r
4 rr.....r..................r........

*** Darwin 25x25 ***
Turn = 1.
  0123456789012345678901234
0 ........f..t.............
1 .................r.......
2 .........................
3 .........................
4 .........................
5 ..................t......
6 ........r................
7 ....t....................
8 ..........r..............
9 .........................
0 ..............h.......t..
1 ..f...............f......
2 .........................
3 .................r.......
4 .........................
5 ...........fr...........f
6 .....................h...
7 .........................
8 .........................
9 .........................
0 ............h............
1 ................h........
2 ...................t.....
3 ...............h.........
4 .........................

Turn = 2.
  0123456789012345678901234
0 ........f..t.....r.......
1 .........................
2 .........................
3 .........................
4 .........................
5 ..................t......
6 .........r...............
7 ....t....................
8 .........r...............
9 .........................
0 ...............h......t..
1 ..f...............f......
2 .........................
3 .........................
4 .................r.......
5 ...........f............f
6 ............r.......h....
7 .........................
8 .........................
9 .........................
0 .........................
1 ............h....h.......
2 ...................t.....
3 .........................
4 ...............h.........

Turn = 3.
  0123456789012345678901234
0 ........f..t.....r.......
1 .........................
2 .........................
3 .........................
4 .........................
5 ..................t......
6 ..........r..............
7 ....t....................
8 ........r................
9 .........................
0 ................h.....t..
1 ..f...............f......
2 .........................
3 .........................
4 .........................
5 ...........f.....r......f
6 ...................h.....
7 ............r............
8 .........................
9 .........................
0 .........................
1 ..................h......
2 ............h......t.....
3 .........................
4 ...............h.........

Turn = 4.
  0123456789012345678901234
0 ........f..t......r......
1 .........................
2 .........................
3 .........................
4 .........................
5 ..................t......
6 ...........r.............
7 ....t....................
8 .......r.................
9 .........................
0 .................h....t..
1 ..f...............f......
2 .........................
3 .........................
4 .........................
5 ...........f............f
6 .................rh......
7 .........................
8 ............r............
9 .........................
0 .........................
1 ...................h.....
2 ...................t.....
3 ............h............
4 ...............h.........

Turn = 5.
  0123456789012345678901234
0 ........f..t.......r.....
1 .........................
2 .........................
3 .........................
4 .........................
5 ..................t......
6 ............r............
7 ....t....................
8 ......r..................
9 .........................
0 ..................h...t..
1 ..f...............f......
2 .........................
3 .........................
4 .........................
5 ...........f............f
6 .................h.......
7 .................r.......
8 .........................
9 ............r............
0 .........................
1 ....................h....
2 ...................t.....
3 .........................
4 ............h..h.........

Turn = 6.
  0123456789012345678901234
0 ........f..t........r....
1 .........................
2 .........................
3 .........................
4 .........................
5 ..................t......
6 .............r...........
7 ....t....................
8 .....r...................
9 .........................
0 ...................h..t..
1 ..f...............f......
2 .........................
3 .........................
4 .........................
5 ...........f............f
6 ................h........
7 .........................
8 .................r.......
9 .........................
0 ............r............
1 .....................h...
2 ...................t.....
3 .........................
4 ............h..h.........

Turn = 7.
  0123456789012345678901234
0 ........f..t.........r...
1 .........................
2 .........................
3 .........................
4 .........................
5 ..................t......
6 ..............r..........
7 ....t....................
8 ....r....................
9 .........................
0 ....................h.t..
1 ..f...............f......
2 .........................
3 .........................
4 .........................
5 ...........f............f
6 ...............h.........
7 .........................
8 .........................
9 .................r.......
0 .........................
1 ............r.........h..
2 ...................t.....
3 .........................
4 ............h..h.........

Turn = 8.
  0123456789012345678901234
0 ........f..t..........r..
1 .........................
2 .........................
3 .........................
4 .........................
5 ..................t......
6 ...............r.........
7 ....t....................
8 ....t....................
9 .........................
0 .....................ht..
1 ..f...............f......
2 .........................
3 .........................
4 .........................
5 ...........f............f
6 ..............h..........
7 .........................
8 .........................
9 .........................
0 .................r.......
1 .......................h.
2 ............r......t.....
3 .........................
4 ............h..h.........

Turn = 9.
  0123456789012345678901234
0 ........f..t...........r.
1 .........................
2 .........................
3 .........................
4 .........................
5 ..................t......
6 ................r........
7 ....t....................
8 ....t....................
9 .........................
0 .....................ht..
1 ..f...............f......
2 .........................
3 .........................
4 .........................
5 ...........f............f
6 .............h...........
7 .........................
8 .........................
9 .........................
0 .........................
1 .................r......h
2 ...................t.....
3 ............r............
4 ............h..h.........

Turn = 10.
  0123456789012345678901234
0 ........f..t............r
1 .........................
2 .........................
3 .........................
4 .........................
5 ..................t......
6 .................r.......
7 ....t....................
8 ....t....................
9 .........................
0 .....................ht..
1 ..f...............f......
2 .........................
3 .........................
4 .........................
5 ...........f............f
6 ............h............
7 .........................
8 .........................
9 .........................
0 .........................
1 ........................h
2 .................r.t.....
3 ............r............
4 ............r..h.........

Turn = 50.
  0123456789012345678901234
0 ........f..t.............
1 .........................
2 .........................
3 .........................
4 ............r............
5 ..................t......
6 .........................
7 ....t....................
8 ....t....................
9 .........................
0 .....................ttt.
1 ..f...............f......
2 .........................
3 .........................
4 ..............r..........
5 .........................
6 r........................
7 .........................
8 .........................
9 .........................
0 .........................
1 r........................
2 ...................tt....
3 ........r...........t....
4 ..........r.............r

Turn = 100.
  0123456789012345678901234
0 .....r....r..............
1 .........................
2 ......r...........r......
3 .........................
4 .........................
5 ................r........
6 ................r........
7 ....t............r.......
8 ....t....................
9 ........................r
0 .....................ttt.
1 ..f...............f......
2 .........................
3 .........................
4 .........................
5 .........................
6 .........................
7 .........................
8 .........................
9 r........................
0 .........................
1 .........................
2 ...................tt....
3 ...................t.....
4 ....r....................

Turn = 150.
  0123456789012345678901234
0 .......................r.
1 ....................r..r.
2 .........................
3 .........................
4 .........................
5 .........................
6 .........................
7 ....t....................
8 ....t....................
9 .........................
0 .........................
1 ..f...............f......
2 .........................
3 ........r................
4 .........................
5 .........................
6 .........................
7 .........................
8 ......................r..
9 .........................
0 r.................r......
1 .........................
2 ...................tt...r
3 ...................ttt...
4 r..............rr........

Turn = 200.
  0123456789012345678901234
0 r........................
1 .r.......................
2 .........................
3 .........................
4 .........................
5 .........................
6 .........................
7 ....t....................
8 ....t....................
9 .........................
0 .........................
1 ..f...............f......
2 .........................
3 .........................
4 ........................r
5 .........................
6 .........................
7 .........................
8 .........................
9 .........................
0 .........................
1 ....................r....
2 ..................ttr....
3 ..r...............tttt..r
4 .r.................t....r

Turn = 250.
  0123456789012345678901234
0 ........r..............r.
1 ............r.........r.r
2 ...r....................r
3 ....r..................rr
4 .....r...................
5 .........................
6 .........................
7 ...rt...................r
8 ....t....................
9 .........................
0 r........................
1 ..f......................
2 r........................
3 .........................
4 .........................
5 .........................
6 .........................
7 .........................
8 .........................
9 .........................
0 .........................
1 .........................
2 .........................
3 .........................
4 ...............r........r

Turn = 300.
  0123456789012345678901234
0 ..........r..............
1 .........................
2 .........................
3 .........................
4 .....r...................
5 ......r..................
6 .........................
7 .........................
8 ....ttt..................
9 .........................
0 ..............rr.........
1 ..f......................
2 .........................
3 .........................
4 .........................
5 .........................
6 ......r..................
7 r........................
8 ........................r
9 r...............r........
0 .........................
1 .........................
2 .........................
3 ...r.r...................
4 ..r...r....rr............

Turn = 350.
  0123456789012345678901234
0 .........................
1 .........................
2 ........................r
3 ......................r..
4 .........................
5 ...................r.....
6 .........................
7 .........................
8 ........................r
9 .........................
0 ...r.....................
1 ..rr.....................
2 .........................
3 .........................
4 .........................
5 r........................
6 .........r.........r.....
7 .................rr......
8 .........r..rr...........
9 ..............r..........
0 .........................
1 .........................
2 ..........r..............
3 ........................r
4 .r..r....................

Turn = 400.
  0123456789012345678901234
0 ........r.............r.r
1 ........................r
2 rr.........r.............
3 ..rr.....................
4 .........................
5 .........................
6 .........................
7 .....r...................
8 .........................
9 r........................
0 ...............r..r......
1 .........................
2 .........................
3 .........................
4 .........................
5 .........................
6 .......................r.
7 .........................
8 .........................
9 .........................
0 .........................
1 .........................
2 ..........r..............
3 ........................r
4 ......r...r..r........r..

