*** 1x1 Test for Overlapping ***
*** 4x4 Test for Jamming ***
*** 10x10 Test for Survival ***
Turn = 10.
  0123456789
0 rrrrrrrrrr
1 rrrrrrrrrr
2 ..........
3 ..........
4 ..........
5 ..........
6 ..........
7 ..........
8 ..........
9 ..........

*** 10x10 Test for Survival ***
Turn = 40.
  0123456789
0 .bbb......
1 .bb.......
2 r.b.......
3 ....r.....
4 .r........
5 r.r.......
6 .......b.r
7 r........r
8 .......b..
9 r...r.b.b.

*** 10x10 Test for Survival 2 ***
Turn = 0.
  0123456789
0 rttttttttt
1 trtttttttt
2 ttrttttttt
3 tttrtttttt
4 ttttrttttt
5 tttttrtttt
6 ttttttrttt
7 tttttttrtt
8 ttttttttrt
9 tttttttttr

Turn = 11.
  0123456789
0 rrrrrrrrrr
1 rrrrrrrrrr
2 rrrrrrrrrr
3 rrrrrrrrrr
4 rrrrrrrrrr
5 rrrrrrrrrr
6 rrrrrrrrrr
7 rrrrrrrrrr
8 rrrtrrrrrr
9 rrttrrrrrr

Turn = 12.
  0123456789
0 rrrrrrrrrr
1 rrrrrrrrrr
2 rrrrrrrrrr
3 rrrrrrrrrr
4 rrrrrrrrrr
5 rrrrrrrrrr
6 rrrrrrrrrr
7 rrrrrrrrrr
8 rrrrrrrrrr
9 rrtrrrrrrr

*** 1x60 Test for Meeting a Friend ***
Turn = 0.
  012345678901234567890123456789012345678901234567890123456789
0 h..........................................................h

Turn = 29.
  012345678901234567890123456789012345678901234567890123456789
0 .............................hh.............................

*** 1x60 Test for Meeting a Friend ***
Turn = 0.
  012345678901234567890123456789012345678901234567890123456789
0 h............................rr............................h

Turn = 29.
  012345678901234567890123456789012345678901234567890123456789
0 .....r......................r..........................r.r..

*** 1x60 Test for Bottlenecking ***
Turn = 1.
  012345678901234567890123456789012345678901234567890123456789
0 rrrrrrrrrrrrrrrrrrrrrrrrrrrrrrrrrrrrrrrrrrrrrrrrrrrrrrrrrrrr

*** 1x60 Test for Reverse Bottlenecking ***
Turn = 270.
  012345678901234567890123456789012345678901234567890123456789
0 frrrrrrrrrrrrrrrrrrrrrrrrrrrrrrrrrrrrrrrrrrrrrrrrrrrrrrrrrrr

Turn = 271.
  012345678901234567890123456789012345678901234567890123456789
0 rrrrrrrrrrrrrrrrrrrrrrrrrrrrrrrrrrrrrrrrrrrrrrrrrrrrrrrrrrrr

*** 20x20 Test for Having Fun ***
Turn = 0.
  01234567890123456789
0 hh..................
1 hh..................
2 ....................
3 ....................
4 ....................
5 ....................
6 ....................
7 ....................
8 ....................
9 ....................
0 ....................
1 ....................
2 ....................
3 ....................
4 ....................
5 ....................
6 ....................
7 ....................
8 ..................rr
9 ..................rr

Turn = 10.
  01234567890123456789
0 hh..................
1 hh..................
2 ....................
3 ....................
4 ....................
5 ....................
6 ....................
7 ....................
8 ....................
9 ....................
0 ....................
1 ....................
2 ....................
3 ....................
4 ....................
5 ....................
6 ....................
7 ....................
8 .........r..........
9 .........rr...r.....

Turn = 20.
  01234567890123456789
0 hh..................
1 hh..................
2 ....................
3 ....................
4 ....................
5 ....................
6 ....................
7 ....................
8 ....................
9 ....................
0 ....................
1 ....................
2 ....................
3 ....................
4 ....................
5 ....................
6 ....................
7 ....................
8 r...................
9 rr..r...............

Turn = 30.
  01234567890123456789
0 hh..................
1 hh..................
2 ....................
3 ....................
4 ....................
5 ....................
6 ....................
7 ....................
8 ....................
9 ....................
0 ....................
1 rr..................
2 ....................
3 ....................
4 r...................
5 ....................
6 ....................
7 ....................
8 .........r..........
9 ....................

Turn = 40.
  01234567890123456789
0 hh..................
1 rr..................
2 rr..................
3 ....................
4 r...................
5 ....................
6 ....................
7 ....................
8 ....................
9 ....................
0 ....................
1 ....................
2 ....................
3 ....................
4 ....................
5 ....................
6 ....................
7 ....................
8 ...................r
9 ....................

Turn = 50.
  01234567890123456789
0 .r..................
1 ....................
2 rr...r.r..r.........
3 ....................
4 ....................
5 r...................
6 ....................
7 ....................
8 ....................
9 ....................
0 ....................
1 ....................
2 ....................
3 ....................
4 ....................
5 ...................r
6 ....................
7 ....................
8 ....................
9 ....................

