*** Clockwise test *** 
 01234567
0........
1........
2........
3........
4....c...
5........
6........
7........

 01234567
0........
1........
2........
3........
4....c...
5........
6........
7........

 01234567
0........
1........
2........
3....c...
4........
5........
6........
7........

 01234567
0........
1........
2....c...
3........
4........
5........
6........
7........

 01234567
0........
1....c...
2........
3........
4........
5........
6........
7........

 01234567
0....c...
1........
2........
3........
4........
5........
6........
7........

 01234567
0....c...
1........
2........
3........
4........
5........
6........
7........

 01234567
0.....c..
1........
2........
3........
4........
5........
6........
7........

 01234567
0......c.
1........
2........
3........
4........
5........
6........
7........

 01234567
0.......c
1........
2........
3........
4........
5........
6........
7........

 01234567
0.......c
1........
2........
3........
4........
5........
6........
7........

 01234567
0........
1.......c
2........
3........
4........
5........
6........
7........

 01234567
0........
1........
2.......c
3........
4........
5........
6........
7........

 01234567
0........
1........
2........
3.......c
4........
5........
6........
7........

 01234567
0........
1........
2........
3........
4.......c
5........
6........
7........

 01234567
0........
1........
2........
3........
4........
5.......c
6........
7........

 01234567
0........
1........
2........
3........
4........
5........
6.......c
7........

 01234567
0........
1........
2........
3........
4........
5........
6........
7.......c

 01234567
0........
1........
2........
3........
4........
5........
6........
7.......c

 01234567
0........
1........
2........
3........
4........
5........
6........
7......c.

 01234567
0........
1........
2........
3........
4........
5........
6........
7.....c..

*** Darwin 8x8 ***
 01234567
0........
1........
2........
3...hh...
4...hh...
5........
6........
7.......f

 01234567
0........
1........
2...h....
3...h....
4...h....
5....h...
6........
7.......f

 01234567
0........
1...h....
2........
3..h.....
4....h...
5........
6....h...
7.......f

 01234567
0...h....
1........
2........
3.h......
4.....h..
5........
6........
7....h..f

 01234567
0...h....
1........
2........
3h.......
4......h.
5........
6........
7....h..f

 01234567
0...h....
1........
2........
3h.......
4.......h
5........
6........
7....h..f

*** Darwin 72x72 without Best ***
*** Darwin 72x72 with Best ***
