*** Darwin 10X10 Test 1***
Turn = 0
  0123456789
0 hh........
1 ..........
2 ...t......
3 .r........
4 .........r
5 ..........
6 ..........
7 .......f..
8 ..........
9 ..........

Turn = 1
  0123456789
0 ..h.......
1 h.........
2 .r.t......
3 ..........
4 ..........
5 .........r
6 ..........
7 .......f..
8 ..........
9 ..........

Turn = 2
  0123456789
0 ...h......
1 .r........
2 h..t......
3 ..........
4 ..........
5 ..........
6 .........r
7 .......f..
8 ..........
9 ..........

Turn = 3
  0123456789
0 .r..h.....
1 ..........
2 ...t......
3 h.........
4 ..........
5 ..........
6 ..........
7 .......f.r
8 ..........
9 ..........

Turn = 4
  0123456789
0 .r...h....
1 ..........
2 ...t......
3 ..........
4 h.........
5 ..........
6 ..........
7 .......f..
8 .........r
9 ..........

Turn = 5
  0123456789
0 ..r...h...
1 ..........
2 ...t......
3 ..........
4 ..........
5 h.........
6 ..........
7 .......f..
8 ..........
9 .........r

Turn = 6
  0123456789
0 ...r...h..
1 ..........
2 ...t......
3 ..........
4 ..........
5 ..........
6 h.........
7 .......f..
8 ..........
9 .........r

Turn = 7
  0123456789
0 ....r...h.
1 ..........
2 ...t......
3 ..........
4 ..........
5 ..........
6 ..........
7 h......f..
8 ..........
9 .........r

Turn = 8
  0123456789
0 .....r...h
1 ..........
2 ...t......
3 ..........
4 ..........
5 ..........
6 ..........
7 .......f..
8 h.........
9 .........r

Turn = 9
  0123456789
0 ......r..h
1 ..........
2 ...t......
3 ..........
4 ..........
5 ..........
6 ..........
7 .......f..
8 ..........
9 h.......r.

Turn = 10
  0123456789
0 .......r.h
1 ..........
2 ...t......
3 ..........
4 ..........
5 ..........
6 ..........
7 .......f..
8 ..........
9 h......r..

Turn = 11
  0123456789
0 ........rh
1 ..........
2 ...t......
3 ..........
4 ..........
5 ..........
6 ..........
7 .......f..
8 ..........
9 h.....r...

Turn = 12
  0123456789
0 ........rr
1 ..........
2 ...t......
3 ..........
4 ..........
5 ..........
6 ..........
7 .......f..
8 ..........
9 h....r....

Turn = 13
  0123456789
0 ........r.
1 .........r
2 ...t......
3 ..........
4 ..........
5 ..........
6 ..........
7 .......f..
8 ..........
9 h...r.....

Turn = 14
  0123456789
0 ..........
1 ........r.
2 ...t.....r
3 ..........
4 ..........
5 ..........
6 ..........
7 .......f..
8 ..........
9 h..r......

Turn = 15
  0123456789
0 ..........
1 ..........
2 ...t....r.
3 .........r
4 ..........
5 ..........
6 ..........
7 .......f..
8 ..........
9 h.r.......

Turn = 16
  0123456789
0 ..........
1 ..........
2 ...t......
3 ........r.
4 .........r
5 ..........
6 ..........
7 .......f..
8 ..........
9 hr........

Turn = 17
  0123456789
0 ..........
1 ..........
2 ...t......
3 ..........
4 ........r.
5 .........r
6 ..........
7 .......f..
8 ..........
9 rr........

Turn = 18
  0123456789
0 ..........
1 ..........
2 ...t......
3 ..........
4 ..........
5 ........r.
6 .........r
7 .......f..
8 ..........
9 rr........

Turn = 19
  0123456789
0 ..........
1 ..........
2 ...t......
3 ..........
4 ..........
5 ..........
6 ........r.
7 .......f.r
8 ..........
9 rr........

Turn = 20
  0123456789
0 ..........
1 ..........
2 ...t......
3 ..........
4 ..........
5 ..........
6 ..........
7 .......fr.
8 .........r
9 rr........

Turn = 21
  0123456789
0 ..........
1 ..........
2 ...t......
3 ..........
4 ..........
5 ..........
6 ..........
7 .......f..
8 .r......r.
9 r........r

Turn = 22
  0123456789
0 ..........
1 ..........
2 ...t......
3 ..........
4 ..........
5 ..........
6 ..........
7 .r.....f..
8 r.........
9 ........rr

Turn = 23
  0123456789
0 ..........
1 ..........
2 ...t......
3 ..........
4 ..........
5 ..........
6 .r........
7 r......f..
8 ..........
9 ........rr

Turn = 24
  0123456789
0 ..........
1 ..........
2 ...t......
3 ..........
4 ..........
5 .r........
6 r.........
7 .......f..
8 ..........
9 .......r.r

Turn = 25
  0123456789
0 ..........
1 ..........
2 ...t......
3 ..........
4 .r........
5 r.........
6 ..........
7 .......f..
8 ..........
9 ......r..r

*** Darwin 25X25 Test 2 ***
Turn = 0
  0123456789012345678901234
0 ........f................
1 .........................
2 .................r.......
3 .........................
4 .........................
5 .........................
6 .........................
7 .........................
8 ...........r.............
9 .........................
0 .............h...........
1 ..f...............f......
2 .........................
3 .........................
4 .........................
5 ...........t............t
6 ......................r..
7 .........................
8 .........................
9 ............t............
0 .........................
1 ...............h.........
2 ...............h.........
3 .........................
4 .........................

Turn = 1
  0123456789012345678901234
0 ........f................
1 .................r.......
2 .........................
3 .........................
4 .........................
5 .........................
6 .........................
7 .........................
8 ..........r..............
9 .........................
0 ..............h..........
1 ..f...............f......
2 .........................
3 .........................
4 .........................
5 ...........t............t
6 .....................r...
7 .........................
8 .........................
9 ............t............
0 .........................
1 ................h........
2 .........................
3 ...............h.........
4 .........................

Turn = 2
  0123456789012345678901234
0 ........f........r.......
1 .........................
2 .........................
3 .........................
4 .........................
5 .........................
6 .........................
7 .........................
8 .........r...............
9 .........................
0 ...............h.........
1 ..f...............f......
2 .........................
3 .........................
4 .........................
5 ...........t............t
6 ....................r....
7 .........................
8 .........................
9 ............t............
0 .........................
1 .................h.......
2 .........................
3 .........................
4 ...............h.........

Turn = 3
  0123456789012345678901234
0 ........f........r.......
1 .........................
2 .........................
3 .........................
4 .........................
5 .........................
6 .........................
7 .........................
8 ........r................
9 .........................
0 ................h........
1 ..f...............f......
2 .........................
3 .........................
4 .........................
5 ...........t............t
6 ...................r.....
7 .........................
8 .........................
9 ............t............
0 .........................
1 ..................h......
2 .........................
3 .........................
4 ...............h.........

Turn = 4
  0123456789012345678901234
0 ........f.......r........
1 .........................
2 .........................
3 .........................
4 .........................
5 .........................
6 .........................
7 .........................
8 .......r.................
9 .........................
0 .................h.......
1 ..f...............f......
2 .........................
3 .........................
4 .........................
5 ...........t............t
6 ..................r......
7 .........................
8 .........................
9 ............t............
0 .........................
1 ...................h.....
2 .........................
3 .........................
4 ...............h.........

Turn = 5
  0123456789012345678901234
0 ........f......r.........
1 .........................
2 .........................
3 .........................
4 .........................
5 .........................
6 .........................
7 .........................
8 ......r..................
9 .........................
0 ..................h......
1 ..f...............f......
2 .........................
3 .........................
4 .........................
5 ...........t............t
6 .................r.......
7 .........................
8 .........................
9 ............t............
0 .........................
1 ....................h....
2 .........................
3 .........................
4 ...............h.........

Turn = 6
  0123456789012345678901234
0 ........f.....r..........
1 .........................
2 .........................
3 .........................
4 .........................
5 .........................
6 .........................
7 .........................
8 .....r...................
9 .........................
0 ...................h.....
1 ..f...............f......
2 .........................
3 .........................
4 .........................
5 ...........t............t
6 ................r........
7 .........................
8 .........................
9 ............t............
0 .........................
1 .....................h...
2 .........................
3 .........................
4 ...............h.........

Turn = 7
  0123456789012345678901234
0 ........f....r...........
1 .........................
2 .........................
3 .........................
4 .........................
5 .........................
6 .........................
7 .........................
8 ....r....................
9 .........................
0 ....................h....
1 ..f...............f......
2 .........................
3 .........................
4 .........................
5 ...........t............t
6 ...............r.........
7 .........................
8 .........................
9 ............t............
0 .........................
1 ......................h..
2 .........................
3 .........................
4 ...............h.........

Turn = 8
  0123456789012345678901234
0 ........f...r............
1 .........................
2 .........................
3 .........................
4 .........................
5 .........................
6 .........................
7 .........................
8 ...r.....................
9 .........................
0 .....................h...
1 ..f...............f......
2 .........................
3 .........................
4 .........................
5 ...........t............t
6 ..............r..........
7 .........................
8 .........................
9 ............t............
0 .........................
1 .......................h.
2 .........................
3 .........................
4 ...............h.........

Turn = 9
  0123456789012345678901234
0 ........f..r.............
1 .........................
2 .........................
3 .........................
4 .........................
5 .........................
6 .........................
7 .........................
8 ..r......................
9 .........................
0 ......................h..
1 ..f...............f......
2 .........................
3 .........................
4 .........................
5 ...........t............t
6 .............r...........
7 .........................
8 .........................
9 ............t............
0 .........................
1 ........................h
2 .........................
3 .........................
4 ...............h.........

Turn = 10
  0123456789012345678901234
0 ........f.r..............
1 .........................
2 .........................
3 .........................
4 .........................
5 .........................
6 .........................
7 .........................
8 .r.......................
9 .........................
0 .......................h.
1 ..f...............f......
2 .........................
3 .........................
4 .........................
5 ...........t............t
6 ............r............
7 .........................
8 .........................
9 ............t............
0 .........................
1 ........................h
2 .........................
3 .........................
4 ...............h.........

Turn = 11
  0123456789012345678901234
0 ........fr...............
1 .........................
2 .........................
3 .........................
4 .........................
5 .........................
6 .........................
7 .........................
8 r........................
9 .........................
0 ........................h
1 ..f...............f......
2 .........................
3 .........................
4 .........................
5 ...........t............t
6 ...........r.............
7 .........................
8 .........................
9 ............t............
0 .........................
1 ........................h
2 .........................
3 .........................
4 ...............h.........

Turn = 12
  0123456789012345678901234
0 ........rr...............
1 .........................
2 .........................
3 .........................
4 .........................
5 .........................
6 .........................
7 .........................
8 r........................
9 .........................
0 ........................h
1 ..f...............f......
2 .........................
3 .........................
4 .........................
5 ...........t............t
6 ..........r..............
7 .........................
8 .........................
9 ............t............
0 .........................
1 ........................h
2 .........................
3 .........................
4 ...............h.........

Turn = 13
  0123456789012345678901234
0 ........rr...............
1 .........................
2 .........................
3 .........................
4 .........................
5 .........................
6 .........................
7 .........................
8 r........................
9 .........................
0 ........................h
1 ..f...............f......
2 .........................
3 .........................
4 .........................
5 ...........t............t
6 .........r...............
7 .........................
8 .........................
9 ............t............
0 .........................
1 ........................h
2 .........................
3 .........................
4 ...............h.........

Turn = 14
  0123456789012345678901234
0 ........rr...............
1 .........................
2 .........................
3 .........................
4 .........................
5 .........................
6 .........................
7 .........................
8 r........................
9 .........................
0 ........................h
1 ..f...............f......
2 .........................
3 .........................
4 .........................
5 ...........t............t
6 ........r................
7 .........................
8 .........................
9 ............t............
0 .........................
1 ........................h
2 .........................
3 .........................
4 ...............h.........

Turn = 15
  0123456789012345678901234
0 ........rr...............
1 .........................
2 .........................
3 .........................
4 .........................
5 .........................
6 .........................
7 .........................
8 r........................
9 .........................
0 ........................h
1 ..f...............f......
2 .........................
3 .........................
4 .........................
5 ...........t............t
6 .......r.................
7 .........................
8 .........................
9 ............t............
0 .........................
1 ........................h
2 .........................
3 .........................
4 ...............h.........

*** Darwin 60X10 Test 3 ***
Turn = 0
  0123456789
0 ..........
1 .t........
2 .t........
3 ..........
4 ..........
5 ..........
6 ..r....t..
7 ..........
8 ..........
9 .t........
0 ..........
1 ..........
2 ..........
3 ..........
4 ..........
5 ..........
6 ..........
7 ..t....f..
8 ..t.......
9 ...t......
0 ..........
1 .t........
2 ..t.......
3 ..........
4 .........t
5 ..........
6 .........t
7 ..........
8 ..........
9 t.........
0 ..........
1 ..........
2 .........t
3 ..........
4 ..........
5 ......h...
6 ..t.......
7 ..........
8 ..........
9 ........t.
0 ..........
1 ...t......
2 .........t
3 ..........
4 ..........
5 ..........
6 ..........
7 ..........
8 ..........
9 ..........
0 ..........
1 .....t....
2 ..........
3 ..........
4 t.........
5 ..........
6 ...t...t..
7 ..........
8 ...ft.t...
9 ...t......

Turn = 1
  0123456789
0 ..........
1 .t........
2 .t........
3 ..........
4 ..........
5 ..........
6 ...r...t..
7 ..........
8 ..........
9 .t........
0 ..........
1 ..........
2 ..........
3 ..........
4 ..........
5 ..........
6 ..........
7 ..t....f..
8 ..t.......
9 ...t......
0 ..........
1 .t........
2 ..t.......
3 ..........
4 .........t
5 ..........
6 .........t
7 ..........
8 ..........
9 t.........
0 ..........
1 ..........
2 .........t
3 ..........
4 ......h...
5 ..........
6 ..t.......
7 ..........
8 ..........
9 ........t.
0 ..........
1 ...t......
2 .........t
3 ..........
4 ..........
5 ..........
6 ..........
7 ..........
8 ..........
9 ..........
0 ..........
1 .....t....
2 ..........
3 ..........
4 t.........
5 ..........
6 ...t...t..
7 ..........
8 ...ft.t...
9 ...t......

Turn = 2
  0123456789
0 ..........
1 .t........
2 .t........
3 ..........
4 ..........
5 ..........
6 ....r..t..
7 ..........
8 ..........
9 .t........
0 ..........
1 ..........
2 ..........
3 ..........
4 ..........
5 ..........
6 ..........
7 ..t....f..
8 ..t.......
9 ...t......
0 ..........
1 .t........
2 ..t.......
3 ..........
4 .........t
5 ..........
6 .........t
7 ..........
8 ..........
9 t.........
0 ..........
1 ..........
2 .........t
3 ......h...
4 ..........
5 ..........
6 ..t.......
7 ..........
8 ..........
9 ........t.
0 ..........
1 ...t......
2 .........t
3 ..........
4 ..........
5 ..........
6 ..........
7 ..........
8 ..........
9 ..........
0 ..........
1 .....t....
2 ..........
3 ..........
4 t.........
5 ..........
6 ...t...t..
7 ..........
8 ...tt.t...
9 ...t......

Turn = 3
  0123456789
0 ..........
1 .t........
2 .t........
3 ..........
4 ..........
5 ..........
6 .....r.t..
7 ..........
8 ..........
9 .t........
0 ..........
1 ..........
2 ..........
3 ..........
4 ..........
5 ..........
6 ..........
7 ..t....f..
8 ..t.......
9 ...t......
0 ..........
1 .t........
2 ..t.......
3 ..........
4 .........t
5 ..........
6 .........t
7 ..........
8 ..........
9 t.........
0 ..........
1 ..........
2 ......h..t
3 ..........
4 ..........
5 ..........
6 ..t.......
7 ..........
8 ..........
9 ........t.
0 ..........
1 ...t......
2 .........t
3 ..........
4 ..........
5 ..........
6 ..........
7 ..........
8 ..........
9 ..........
0 ..........
1 .....t....
2 ..........
3 ..........
4 t.........
5 ..........
6 ...t...t..
7 ..........
8 ...tt.t...
9 ...t......

Turn = 4
  0123456789
0 ..........
1 .t........
2 .t........
3 ..........
4 ..........
5 ..........
6 ......tt..
7 ..........
8 ..........
9 .t........
0 ..........
1 ..........
2 ..........
3 ..........
4 ..........
5 ..........
6 ..........
7 ..t....f..
8 ..t.......
9 ...t......
0 ..........
1 .t........
2 ..t.......
3 ..........
4 .........t
5 ..........
6 .........t
7 ..........
8 ..........
9 t.........
0 ..........
1 ......h...
2 .........t
3 ..........
4 ..........
5 ..........
6 ..t.......
7 ..........
8 ..........
9 ........t.
0 ..........
1 ...t......
2 .........t
3 ..........
4 ..........
5 ..........
6 ..........
7 ..........
8 ..........
9 ..........
0 ..........
1 .....t....
2 ..........
3 ..........
4 t.........
5 ..........
6 ...t...t..
7 ..........
8 ...tt.t...
9 ...t......

Turn = 5
  0123456789
0 ..........
1 .t........
2 .t........
3 ..........
4 ..........
5 ..........
6 ......tt..
7 ..........
8 ..........
9 .t........
0 ..........
1 ..........
2 ..........
3 ..........
4 ..........
5 ..........
6 ..........
7 ..t....f..
8 ..t.......
9 ...t......
0 ..........
1 .t........
2 ..t.......
3 ..........
4 .........t
5 ..........
6 .........t
7 ..........
8 ..........
9 t.........
0 ......h...
1 ..........
2 .........t
3 ..........
4 ..........
5 ..........
6 ..t.......
7 ..........
8 ..........
9 ........t.
0 ..........
1 ...t......
2 .........t
3 ..........
4 ..........
5 ..........
6 ..........
7 ..........
8 ..........
9 ..........
0 ..........
1 .....t....
2 ..........
3 ..........
4 t.........
5 ..........
6 ...t...t..
7 ..........
8 ...tt.t...
9 ...t......

Turn = 6
  0123456789
0 ..........
1 .t........
2 .t........
3 ..........
4 ..........
5 ..........
6 ......tt..
7 ..........
8 ..........
9 .t........
0 ..........
1 ..........
2 ..........
3 ..........
4 ..........
5 ..........
6 ..........
7 ..t....f..
8 ..t.......
9 ...t......
0 ..........
1 .t........
2 ..t.......
3 ..........
4 .........t
5 ..........
6 .........t
7 ..........
8 ..........
9 t.....h...
0 ..........
1 ..........
2 .........t
3 ..........
4 ..........
5 ..........
6 ..t.......
7 ..........
8 ..........
9 ........t.
0 ..........
1 ...t......
2 .........t
3 ..........
4 ..........
5 ..........
6 ..........
7 ..........
8 ..........
9 ..........
0 ..........
1 .....t....
2 ..........
3 ..........
4 t.........
5 ..........
6 ...t...t..
7 ..........
8 ...tt.t...
9 ...t......

Turn = 7
  0123456789
0 ..........
1 .t........
2 .t........
3 ..........
4 ..........
5 ..........
6 ......tt..
7 ..........
8 ..........
9 .t........
0 ..........
1 ..........
2 ..........
3 ..........
4 ..........
5 ..........
6 ..........
7 ..t....f..
8 ..t.......
9 ...t......
0 ..........
1 .t........
2 ..t.......
3 ..........
4 .........t
5 ..........
6 .........t
7 ..........
8 ......h...
9 t.........
0 ..........
1 ..........
2 .........t
3 ..........
4 ..........
5 ..........
6 ..t.......
7 ..........
8 ..........
9 ........t.
0 ..........
1 ...t......
2 .........t
3 ..........
4 ..........
5 ..........
6 ..........
7 ..........
8 ..........
9 ..........
0 ..........
1 .....t....
2 ..........
3 ..........
4 t.........
5 ..........
6 ...t...t..
7 ..........
8 ...tt.t...
9 ...t......

Turn = 8
  0123456789
0 ..........
1 .t........
2 .t........
3 ..........
4 ..........
5 ..........
6 ......tt..
7 ..........
8 ..........
9 .t........
0 ..........
1 ..........
2 ..........
3 ..........
4 ..........
5 ..........
6 ..........
7 ..t....f..
8 ..t.......
9 ...t......
0 ..........
1 .t........
2 ..t.......
3 ..........
4 .........t
5 ..........
6 .........t
7 ......h...
8 ..........
9 t.........
0 ..........
1 ..........
2 .........t
3 ..........
4 ..........
5 ..........
6 ..t.......
7 ..........
8 ..........
9 ........t.
0 ..........
1 ...t......
2 .........t
3 ..........
4 ..........
5 ..........
6 ..........
7 ..........
8 ..........
9 ..........
0 ..........
1 .....t....
2 ..........
3 ..........
4 t.........
5 ..........
6 ...t...t..
7 ..........
8 ...tt.t...
9 ...t......

Turn = 9
  0123456789
0 ..........
1 .t........
2 .t........
3 ..........
4 ..........
5 ..........
6 ......tt..
7 ..........
8 ..........
9 .t........
0 ..........
1 ..........
2 ..........
3 ..........
4 ..........
5 ..........
6 ..........
7 ..t....f..
8 ..t.......
9 ...t......
0 ..........
1 .t........
2 ..t.......
3 ..........
4 .........t
5 ..........
6 ......h..t
7 ..........
8 ..........
9 t.........
0 ..........
1 ..........
2 .........t
3 ..........
4 ..........
5 ..........
6 ..t.......
7 ..........
8 ..........
9 ........t.
0 ..........
1 ...t......
2 .........t
3 ..........
4 ..........
5 ..........
6 ..........
7 ..........
8 ..........
9 ..........
0 ..........
1 .....t....
2 ..........
3 ..........
4 t.........
5 ..........
6 ...t...t..
7 ..........
8 ...tt.t...
9 ...t......

Turn = 10
  0123456789
0 ..........
1 .t........
2 .t........
3 ..........
4 ..........
5 ..........
6 ......tt..
7 ..........
8 ..........
9 .t........
0 ..........
1 ..........
2 ..........
3 ..........
4 ..........
5 ..........
6 ..........
7 ..t....f..
8 ..t.......
9 ...t......
0 ..........
1 .t........
2 ..t.......
3 ..........
4 .........t
5 ......h...
6 .........t
7 ..........
8 ..........
9 t.........
0 ..........
1 ..........
2 .........t
3 ..........
4 ..........
5 ..........
6 ..t.......
7 ..........
8 ..........
9 ........t.
0 ..........
1 ...t......
2 .........t
3 ..........
4 ..........
5 ..........
6 ..........
7 ..........
8 ..........
9 ..........
0 ..........
1 .....t....
2 ..........
3 ..........
4 t.........
5 ..........
6 ...t...t..
7 ..........
8 ...tt.t...
9 ...t......

Turn = 11
  0123456789
0 ..........
1 .t........
2 .t........
3 ..........
4 ..........
5 ..........
6 ......tt..
7 ..........
8 ..........
9 .t........
0 ..........
1 ..........
2 ..........
3 ..........
4 ..........
5 ..........
6 ..........
7 ..t....f..
8 ..t.......
9 ...t......
0 ..........
1 .t........
2 ..t.......
3 ..........
4 ......h..t
5 ..........
6 .........t
7 ..........
8 ..........
9 t.........
0 ..........
1 ..........
2 .........t
3 ..........
4 ..........
5 ..........
6 ..t.......
7 ..........
8 ..........
9 ........t.
0 ..........
1 ...t......
2 .........t
3 ..........
4 ..........
5 ..........
6 ..........
7 ..........
8 ..........
9 ..........
0 ..........
1 .....t....
2 ..........
3 ..........
4 t.........
5 ..........
6 ...t...t..
7 ..........
8 ...tt.t...
9 ...t......

Turn = 12
  0123456789
0 ..........
1 .t........
2 .t........
3 ..........
4 ..........
5 ..........
6 ......tt..
7 ..........
8 ..........
9 .t........
0 ..........
1 ..........
2 ..........
3 ..........
4 ..........
5 ..........
6 ..........
7 ..t....f..
8 ..t.......
9 ...t......
0 ..........
1 .t........
2 ..t.......
3 ......h...
4 .........t
5 ..........
6 .........t
7 ..........
8 ..........
9 t.........
0 ..........
1 ..........
2 .........t
3 ..........
4 ..........
5 ..........
6 ..t.......
7 ..........
8 ..........
9 ........t.
0 ..........
1 ...t......
2 .........t
3 ..........
4 ..........
5 ..........
6 ..........
7 ..........
8 ..........
9 ..........
0 ..........
1 .....t....
2 ..........
3 ..........
4 t.........
5 ..........
6 ...t...t..
7 ..........
8 ...tt.t...
9 ...t......

Turn = 13
  0123456789
0 ..........
1 .t........
2 .t........
3 ..........
4 ..........
5 ..........
6 ......tt..
7 ..........
8 ..........
9 .t........
0 ..........
1 ..........
2 ..........
3 ..........
4 ..........
5 ..........
6 ..........
7 ..t....f..
8 ..t.......
9 ...t......
0 ..........
1 .t........
2 ..t...h...
3 ..........
4 .........t
5 ..........
6 .........t
7 ..........
8 ..........
9 t.........
0 ..........
1 ..........
2 .........t
3 ..........
4 ..........
5 ..........
6 ..t.......
7 ..........
8 ..........
9 ........t.
0 ..........
1 ...t......
2 .........t
3 ..........
4 ..........
5 ..........
6 ..........
7 ..........
8 ..........
9 ..........
0 ..........
1 .....t....
2 ..........
3 ..........
4 t.........
5 ..........
6 ...t...t..
7 ..........
8 ...tt.t...
9 ...t......

Turn = 14
  0123456789
0 ..........
1 .t........
2 .t........
3 ..........
4 ..........
5 ..........
6 ......tt..
7 ..........
8 ..........
9 .t........
0 ..........
1 ..........
2 ..........
3 ..........
4 ..........
5 ..........
6 ..........
7 ..t....f..
8 ..t.......
9 ...t......
0 ..........
1 .t....h...
2 ..t.......
3 ..........
4 .........t
5 ..........
6 .........t
7 ..........
8 ..........
9 t.........
0 ..........
1 ..........
2 .........t
3 ..........
4 ..........
5 ..........
6 ..t.......
7 ..........
8 ..........
9 ........t.
0 ..........
1 ...t......
2 .........t
3 ..........
4 ..........
5 ..........
6 ..........
7 ..........
8 ..........
9 ..........
0 ..........
1 .....t....
2 ..........
3 ..........
4 t.........
5 ..........
6 ...t...t..
7 ..........
8 ...tt.t...
9 ...t......

Turn = 15
  0123456789
0 ..........
1 .t........
2 .t........
3 ..........
4 ..........
5 ..........
6 ......tt..
7 ..........
8 ..........
9 .t........
0 ..........
1 ..........
2 ..........
3 ..........
4 ..........
5 ..........
6 ..........
7 ..t....f..
8 ..t.......
9 ...t......
0 ......h...
1 .t........
2 ..t.......
3 ..........
4 .........t
5 ..........
6 .........t
7 ..........
8 ..........
9 t.........
0 ..........
1 ..........
2 .........t
3 ..........
4 ..........
5 ..........
6 ..t.......
7 ..........
8 ..........
9 ........t.
0 ..........
1 ...t......
2 .........t
3 ..........
4 ..........
5 ..........
6 ..........
7 ..........
8 ..........
9 ..........
0 ..........
1 .....t....
2 ..........
3 ..........
4 t.........
5 ..........
6 ...t...t..
7 ..........
8 ...tt.t...
9 ...t......

*** Darwin 1X15 Test 4 ***
Turn = 0
  012345678901234
0 rhh..h..hh..ff.

Turn = 1
  012345678901234
0 rrh..h..hh..ff.

Turn = 2
  012345678901234
0 rrh..h..hh..ff.

Turn = 3
  012345678901234
0 rrh..h..hh..ff.

Turn = 4
  012345678901234
0 rrh..h..hh..ff.

Turn = 5
  012345678901234
0 rrh..h..hh..ff.

Turn = 6
  012345678901234
0 rrh..h..hh..ff.

Turn = 7
  012345678901234
0 rrh..h..hh..ff.

Turn = 8
  012345678901234
0 rrh..h..hh..ff.

Turn = 9
  012345678901234
0 rrh..h..hh..ff.

Turn = 10
  012345678901234
0 rrh..h..hh..ff.

Turn = 11
  012345678901234
0 rrh..h..hh..ff.

Turn = 12
  012345678901234
0 rrh..h..hh..ff.

Turn = 13
  012345678901234
0 rrh..h..hh..ff.

Turn = 14
  012345678901234
0 rrh..h..hh..ff.

Turn = 15
  012345678901234
0 rrh..h..hh..ff.

Turn = 16
  012345678901234
0 rrh..h..hh..ff.

Turn = 17
  012345678901234
0 rrh..h..hh..ff.

Turn = 18
  012345678901234
0 rrh..h..hh..ff.

Turn = 19
  012345678901234
0 rrh..h..hh..ff.

Turn = 20
  012345678901234
0 rrh..h..hh..ff.

Turn = 21
  012345678901234
0 rrh..h..hh..ff.

Turn = 22
  012345678901234
0 rrh..h..hh..ff.

Turn = 23
  012345678901234
0 rrh..h..hh..ff.

Turn = 24
  012345678901234
0 rrh..h..hh..ff.

Turn = 25
  012345678901234
0 rrh..h..hh..ff.

Turn = 26
  012345678901234
0 rrh..h..hh..ff.

Turn = 27
  012345678901234
0 rrh..h..hh..ff.

Turn = 28
  012345678901234
0 rrh..h..hh..ff.

Turn = 29
  012345678901234
0 rrh..h..hh..ff.

Turn = 30
  012345678901234
0 rrh..h..hh..ff.

*** Darwin 12X1 Test 5 ***
Turn = 0
  0
0 .
1 .
2 .
3 .
4 .
5 h
6 .
7 f
8 .
9 t
0 r
1 .

Turn = 1
  0
0 .
1 .
2 .
3 .
4 .
5 .
6 h
7 f
8 .
9 t
0 t
1 .

Turn = 2
  0
0 .
1 .
2 .
3 .
4 .
5 .
6 h
7 f
8 .
9 t
0 t
1 .

Turn = 3
  0
0 .
1 .
2 .
3 .
4 .
5 .
6 h
7 f
8 .
9 t
0 t
1 .

Turn = 4
  0
0 .
1 .
2 .
3 .
4 .
5 .
6 h
7 f
8 .
9 t
0 t
1 .

Turn = 5
  0
0 .
1 .
2 .
3 .
4 .
5 .
6 h
7 f
8 .
9 t
0 t
1 .

Turn = 6
  0
0 .
1 .
2 .
3 .
4 .
5 .
6 h
7 f
8 .
9 t
0 t
1 .

Turn = 7
  0
0 .
1 .
2 .
3 .
4 .
5 .
6 h
7 f
8 .
9 t
0 t
1 .

Turn = 8
  0
0 .
1 .
2 .
3 .
4 .
5 .
6 h
7 f
8 .
9 t
0 t
1 .

Turn = 9
  0
0 .
1 .
2 .
3 .
4 .
5 .
6 h
7 f
8 .
9 t
0 t
1 .

Turn = 10
  0
0 .
1 .
2 .
3 .
4 .
5 .
6 h
7 f
8 .
9 t
0 t
1 .

Turn = 11
  0
0 .
1 .
2 .
3 .
4 .
5 .
6 h
7 f
8 .
9 t
0 t
1 .

Turn = 12
  0
0 .
1 .
2 .
3 .
4 .
5 .
6 h
7 f
8 .
9 t
0 t
1 .

Turn = 13
  0
0 .
1 .
2 .
3 .
4 .
5 .
6 h
7 f
8 .
9 t
0 t
1 .

Turn = 14
  0
0 .
1 .
2 .
3 .
4 .
5 .
6 h
7 f
8 .
9 t
0 t
1 .

Turn = 15
  0
0 .
1 .
2 .
3 .
4 .
5 .
6 h
7 f
8 .
9 t
0 t
1 .

