*** Darwin 8x8 Corners ***
Turn = 0.
  01234567
0 ...hh...
1 ........
2 ........
3 ........
4 ........
5 ........
6 ........
7 ...hh...

Turn = 1.
  01234567
0 ..h..h..
1 ........
2 ........
3 ........
4 ........
5 ........
6 ........
7 ..h..h..

Turn = 2.
  01234567
0 .h....h.
1 ........
2 ........
3 ........
4 ........
5 ........
6 ........
7 .h....h.

Turn = 3.
  01234567
0 h......h
1 ........
2 ........
3 ........
4 ........
5 ........
6 ........
7 h......h

Turn = 4.
  01234567
0 h......h
1 ........
2 ........
3 ........
4 ........
5 ........
6 ........
7 h......h

Turn = 5.
  01234567
0 h......h
1 ........
2 ........
3 ........
4 ........
5 ........
6 ........
7 h......h

*** Darwin 8x8 Rover Around ***
Turn = 0.
  01234567
0 r......f
1 ........
2 ........
3 ........
4 ........
5 ........
6 ........
7 f......f

Turn = 1.
  01234567
0 .......f
1 r.......
2 ........
3 ........
4 ........
5 ........
6 ........
7 f......f

Turn = 2.
  01234567
0 .......f
1 ........
2 r.......
3 ........
4 ........
5 ........
6 ........
7 f......f

Turn = 3.
  01234567
0 .......f
1 ........
2 ........
3 r.......
4 ........
5 ........
6 ........
7 f......f

Turn = 4.
  01234567
0 .......f
1 ........
2 ........
3 ........
4 r.......
5 ........
6 ........
7 f......f

Turn = 5.
  01234567
0 .......f
1 ........
2 ........
3 ........
4 ........
5 r.......
6 ........
7 f......f

Turn = 6.
  01234567
0 .......f
1 ........
2 ........
3 ........
4 ........
5 ........
6 r.......
7 f......f

Turn = 7.
  01234567
0 .......f
1 ........
2 ........
3 ........
4 ........
5 ........
6 r.......
7 r......f

Turn = 8.
  01234567
0 .......f
1 ........
2 ........
3 ........
4 ........
5 ........
6 r.......
7 r......f

Turn = 9.
  01234567
0 .......f
1 ........
2 ........
3 ........
4 ........
5 ........
6 .r......
7 .r.....f

Turn = 10.
  01234567
0 .......f
1 ........
2 ........
3 ........
4 ........
5 ........
6 ..r.....
7 ..r....f

Turn = 11.
  01234567
0 .......f
1 ........
2 ........
3 ........
4 ........
5 ........
6 ...r....
7 ...r...f

Turn = 12.
  01234567
0 .......f
1 ........
2 ........
3 ........
4 ........
5 ........
6 ....r...
7 ....r..f

Turn = 13.
  01234567
0 .......f
1 ........
2 ........
3 ........
4 ........
5 ........
6 .....r..
7 .....r.f

Turn = 14.
  01234567
0 .......f
1 ........
2 ........
3 ........
4 ........
5 ........
6 ......r.
7 ......rf

Turn = 15.
  01234567
0 .......f
1 ........
2 ........
3 ........
4 ........
5 ........
6 .......r
7 ......rr

Turn = 16.
  01234567
0 .......f
1 ........
2 ........
3 ........
4 ........
5 ........
6 .......r
7 ......rr

Turn = 17.
  01234567
0 .......f
1 ........
2 ........
3 ........
4 ........
5 ........
6 .......r
7 ......rr

Turn = 18.
  01234567
0 .......f
1 ........
2 ........
3 ........
4 ........
5 ........
6 .......r
7 .....rr.

Turn = 19.
  01234567
0 .......f
1 ........
2 ........
3 ........
4 ........
5 .......r
6 ........
7 ....rr..

Turn = 20.
  01234567
0 .......f
1 ........
2 ........
3 ........
4 .......r
5 ........
6 ........
7 ...rr...

Turn = 21.
  01234567
0 .......f
1 ........
2 ........
3 .......r
4 ........
5 ........
6 ........
7 ..rr....

Turn = 22.
  01234567
0 .......f
1 ........
2 .......r
3 ........
4 ........
5 ........
6 ........
7 .rr.....

Turn = 23.
  01234567
0 .......f
1 .......r
2 ........
3 ........
4 ........
5 ........
6 ........
7 rr......

Turn = 24.
  01234567
0 .......r
1 .......r
2 ........
3 ........
4 ........
5 ........
6 ........
7 rr......

Turn = 25.
  01234567
0 .......r
1 .......r
2 ........
3 ........
4 ........
5 ........
6 r.......
7 .r......

*** Darwin 3x8 Guantlet***
Turn = 0.
  01234567
0 ...tt...
1 h.......
2 ...tt...

Turn = 1.
  01234567
0 ...tt...
1 .h......
2 ...tt...

Turn = 2.
  01234567
0 ...tt...
1 ..h.....
2 ...tt...

Turn = 3.
  01234567
0 ...tt...
1 ...h....
2 ...tt...

Turn = 4.
  01234567
0 ...tt...
1 ....h...
2 ...tt...

Turn = 5.
  01234567
0 ...tt...
1 .....h..
2 ...tt...

Turn = 6.
  01234567
0 ...tt...
1 ......h.
2 ...tt...

Turn = 7.
  01234567
0 ...tt...
1 .......h
2 ...tt...

Turn = 8.
  01234567
0 ...tt...
1 .......h
2 ...tt...

Turn = 9.
  01234567
0 ...tt...
1 .......h
2 ...tt...

Turn = 10.
  01234567
0 ...tt...
1 .......h
2 ...tt...

*** Darwin 5x5 Trap!***
Turn = 0.
  01234
0 ..h..
1 .....
2 h.t.h
3 .....
4 ..h..

Turn = 1.
  01234
0 .....
1 ..h..
2 .hth.
3 ..h..
4 .....

Turn = 2.
  01234
0 .....
1 ..h..
2 .htt.
3 ..h..
4 .....

Turn = 3.
  01234
0 .....
1 ..h..
2 .htt.
3 ..h..
4 .....

Turn = 4.
  01234
0 .....
1 ..t..
2 .htt.
3 ..h..
4 .....

Turn = 5.
  01234
0 .....
1 ..t..
2 .htt.
3 ..h..
4 .....

Turn = 6.
  01234
0 .....
1 ..t..
2 .ttt.
3 ..h..
4 .....

Turn = 7.
  01234
0 .....
1 ..t..
2 .ttt.
3 ..h..
4 .....

Turn = 8.
  01234
0 .....
1 ..t..
2 .ttt.
3 ..t..
4 .....

Turn = 9.
  01234
0 .....
1 ..t..
2 .ttt.
3 ..t..
4 .....

Turn = 10.
  01234
0 .....
1 ..t..
2 .ttt.
3 ..t..
4 .....

*** Darwin 3x3 infect all***
Turn = 0.
  012
0 fff
1 ftf
2 fff

Turn = 20.
  012
0 ttt
1 ttt
2 ttt

