*** Darwin 1x1 ***
Turn = 0.
  0
0 t

Turn = 1.
  0
0 t

Turn = 2.
  0
0 t

Turn = 3.
  0
0 t

Turn = 4.
  0
0 t

Turn = 5.
  0
0 t

*** Darwin 4x4 ***
Turn = 0.
  0123
0 ....
1 .tt.
2 .tt.
3 ....

Turn = 1.
  0123
0 ....
1 .tt.
2 .tt.
3 ....

Turn = 2.
  0123
0 ....
1 .tt.
2 .tt.
3 ....

Turn = 3.
  0123
0 ....
1 .tt.
2 .tt.
3 ....

Turn = 4.
  0123
0 ....
1 .tt.
2 .tt.
3 ....

Turn = 5.
  0123
0 ....
1 .tt.
2 .tt.
3 ....

*** Darwin 11x11 ***
Turn = 0.
  01234567890
0 r.........r
1 .tt........
2 .tt........
3 ...........
4 ...........
5 ...........
6 ...........
7 ...........
8 ...........
9 ...........
0 ...........

Turn = 1.
  01234567890
0 .r.......r.
1 .tt........
2 .tt........
3 ...........
4 ...........
5 ...........
6 ...........
7 ...........
8 ...........
9 ...........
0 ...........

Turn = 2.
  01234567890
0 ..t.....r..
1 .tt........
2 .tt........
3 ...........
4 ...........
5 ...........
6 ...........
7 ...........
8 ...........
9 ...........
0 ...........

Turn = 3.
  01234567890
0 ..t....r...
1 .tt........
2 .tt........
3 ...........
4 ...........
5 ...........
6 ...........
7 ...........
8 ...........
9 ...........
0 ...........

Turn = 4.
  01234567890
0 ..t...r....
1 .tt........
2 .tt........
3 ...........
4 ...........
5 ...........
6 ...........
7 ...........
8 ...........
9 ...........
0 ...........

Turn = 5.
  01234567890
0 ..t..r.....
1 .tt........
2 .tt........
3 ...........
4 ...........
5 ...........
6 ...........
7 ...........
8 ...........
9 ...........
0 ...........

Turn = 6.
  01234567890
0 ..t.r......
1 .tt........
2 .tt........
3 ...........
4 ...........
5 ...........
6 ...........
7 ...........
8 ...........
9 ...........
0 ...........

Turn = 7.
  01234567890
0 ..tr.......
1 .tt........
2 .tt........
3 ...........
4 ...........
5 ...........
6 ...........
7 ...........
8 ...........
9 ...........
0 ...........

Turn = 8.
  01234567890
0 ..rr.......
1 .tt........
2 .tt........
3 ...........
4 ...........
5 ...........
6 ...........
7 ...........
8 ...........
9 ...........
0 ...........

Turn = 9.
  01234567890
0 .rr........
1 .tt........
2 .tt........
3 ...........
4 ...........
5 ...........
6 ...........
7 ...........
8 ...........
9 ...........
0 ...........

Turn = 10.
  01234567890
0 rr.........
1 .tt........
2 .tt........
3 ...........
4 ...........
5 ...........
6 ...........
7 ...........
8 ...........
9 ...........
0 ...........

Turn = 11.
  01234567890
0 rt.........
1 .tt........
2 .tt........
3 ...........
4 ...........
5 ...........
6 ...........
7 ...........
8 ...........
9 ...........
0 ...........

Turn = 12.
  01234567890
0 rt.........
1 .tt........
2 .tt........
3 ...........
4 ...........
5 ...........
6 ...........
7 ...........
8 ...........
9 ...........
0 ...........

Turn = 13.
  01234567890
0 r.r........
1 .tt........
2 .tt........
3 ...........
4 ...........
5 ...........
6 ...........
7 ...........
8 ...........
9 ...........
0 ...........

Turn = 14.
  01234567890
0 .r.r.......
1 .tt........
2 .tt........
3 ...........
4 ...........
5 ...........
6 ...........
7 ...........
8 ...........
9 ...........
0 ...........

Turn = 15.
  01234567890
0 ..t.r......
1 .tt........
2 .tt........
3 ...........
4 ...........
5 ...........
6 ...........
7 ...........
8 ...........
9 ...........
0 ...........

Turn = 16.
  01234567890
0 ..t..r.....
1 .tt........
2 .tt........
3 ...........
4 ...........
5 ...........
6 ...........
7 ...........
8 ...........
9 ...........
0 ...........

Turn = 17.
  01234567890
0 ..t...r....
1 .tt........
2 .tt........
3 ...........
4 ...........
5 ...........
6 ...........
7 ...........
8 ...........
9 ...........
0 ...........

Turn = 18.
  01234567890
0 ..t....r...
1 .tt........
2 .tt........
3 ...........
4 ...........
5 ...........
6 ...........
7 ...........
8 ...........
9 ...........
0 ...........

Turn = 19.
  01234567890
0 ..t.....r..
1 .tt........
2 .tt........
3 ...........
4 ...........
5 ...........
6 ...........
7 ...........
8 ...........
9 ...........
0 ...........

Turn = 20.
  01234567890
0 ..t......r.
1 .tt........
2 .tt........
3 ...........
4 ...........
5 ...........
6 ...........
7 ...........
8 ...........
9 ...........
0 ...........

*** Darwin 9x9 ***
Turn = 0.
  012345678
0 r.......h
1 .........
2 .........
3 .........
4 .........
5 .........
6 .........
7 .........
8 h.......r

Turn = 1.
  012345678
0 .........
1 r.......h
2 .........
3 .........
4 .........
5 .........
6 .........
7 h.......r
8 .........

Turn = 2.
  012345678
0 .........
1 .........
2 r.......h
3 .........
4 .........
5 .........
6 h.......r
7 .........
8 .........

Turn = 3.
  012345678
0 .........
1 .........
2 .........
3 r.......h
4 .........
5 h.......r
6 .........
7 .........
8 .........

Turn = 4.
  012345678
0 .........
1 .........
2 .........
3 .........
4 r.......r
5 h.......r
6 .........
7 .........
8 .........

Turn = 5.
  012345678
0 .........
1 .........
2 .........
3 .........
4 r.......r
5 r.......r
6 .........
7 .........
8 .........

Turn = 6.
  012345678
0 .........
1 .........
2 .........
3 .........
4 r......r.
5 r.......r
6 .........
7 .........
8 .........

Turn = 7.
  012345678
0 .........
1 .........
2 .........
3 .........
4 r.....r..
5 r........
6 ........r
7 .........
8 .........

Turn = 8.
  012345678
0 .........
1 .........
2 .........
3 .........
4 r....r...
5 r........
6 .........
7 ........r
8 .........

Turn = 9.
  012345678
0 .........
1 .........
2 .........
3 .........
4 r...r....
5 r........
6 .........
7 .........
8 ........r

Turn = 10.
  012345678
0 .........
1 .........
2 .........
3 .........
4 r..r.....
5 .r.......
6 .........
7 .........
8 ........r

*** Darwin 20x20 ***
Turn = 0.
  01234567890123456789
0 tfffffffffffffffffff
1 ffffffffffffffffffff
2 ffffffffffffffffffff
3 ffffffffffffffffffff
4 ffffffffffffffffffff
5 ffffffffffffffffffff
6 ffffffffffffffffffff
7 ffffffffffffffffffff
8 ffffffffffffffffffff
9 ffffffffffffffffffff
0 ffffffffffffffffffff
1 ffffffffffffffffffff
2 ffffffffffffffffffff
3 ffffffffffffffffffff
4 ffffffffffffffffffff
5 ffffffffffffffffffff
6 ffffffffffffffffffff
7 ffffffffffffffffffff
8 ffffffffffffffffffff
9 ffffffffffffffffffff

Turn = 1.
  01234567890123456789
0 tfffffffffffffffffff
1 tfffffffffffffffffff
2 ffffffffffffffffffff
3 ffffffffffffffffffff
4 ffffffffffffffffffff
5 ffffffffffffffffffff
6 ffffffffffffffffffff
7 ffffffffffffffffffff
8 ffffffffffffffffffff
9 ffffffffffffffffffff
0 ffffffffffffffffffff
1 ffffffffffffffffffff
2 ffffffffffffffffffff
3 ffffffffffffffffffff
4 ffffffffffffffffffff
5 ffffffffffffffffffff
6 ffffffffffffffffffff
7 ffffffffffffffffffff
8 ffffffffffffffffffff
9 ffffffffffffffffffff

Turn = 2.
  01234567890123456789
0 tfffffffffffffffffff
1 tfffffffffffffffffff
2 ffffffffffffffffffff
3 ffffffffffffffffffff
4 ffffffffffffffffffff
5 ffffffffffffffffffff
6 ffffffffffffffffffff
7 ffffffffffffffffffff
8 ffffffffffffffffffff
9 ffffffffffffffffffff
0 ffffffffffffffffffff
1 ffffffffffffffffffff
2 ffffffffffffffffffff
3 ffffffffffffffffffff
4 ffffffffffffffffffff
5 ffffffffffffffffffff
6 ffffffffffffffffffff
7 ffffffffffffffffffff
8 ffffffffffffffffffff
9 ffffffffffffffffffff

Turn = 3.
  01234567890123456789
0 ttffffffffffffffffff
1 ttffffffffffffffffff
2 ttffffffffffffffffff
3 ttffffffffffffffffff
4 ttffffffffffffffffff
5 ttffffffffffffffffff
6 ttffffffffffffffffff
7 ttffffffffffffffffff
8 ttffffffffffffffffff
9 ttffffffffffffffffff
0 ttffffffffffffffffff
1 ttffffffffffffffffff
2 ttffffffffffffffffff
3 ttffffffffffffffffff
4 ttffffffffffffffffff
5 ttffffffffffffffffff
6 ttffffffffffffffffff
7 ttffffffffffffffffff
8 ttffffffffffffffffff
9 ttffffffffffffffffff

Turn = 4.
  01234567890123456789
0 ttffffffffffffffffff
1 ttffffffffffffffffff
2 ttffffffffffffffffff
3 ttffffffffffffffffff
4 ttffffffffffffffffff
5 ttffffffffffffffffff
6 ttffffffffffffffffff
7 ttffffffffffffffffff
8 ttffffffffffffffffff
9 ttffffffffffffffffff
0 ttffffffffffffffffff
1 ttffffffffffffffffff
2 ttffffffffffffffffff
3 ttffffffffffffffffff
4 ttffffffffffffffffff
5 ttffffffffffffffffff
6 ttffffffffffffffffff
7 ttffffffffffffffffff
8 ttffffffffffffffffff
9 tttttttttttttttttttt

Turn = 5.
  01234567890123456789
0 tttfffffffffffffffff
1 tttfffffffffffffffff
2 tttfffffffffffffffff
3 tttfffffffffffffffff
4 tttfffffffffffffffff
5 tttfffffffffffffffff
6 tttfffffffffffffffff
7 tttfffffffffffffffff
8 tttfffffffffffffffff
9 tttfffffffffffffffff
0 tttfffffffffffffffff
1 tttfffffffffffffffff
2 tttfffffffffffffffff
3 tttfffffffffffffffff
4 tttfffffffffffffffff
5 tttfffffffffffffffff
6 tttfffffffffffffffff
7 tttfffffffffffffffff
8 tttfffffffffffffffft
9 tttttttttttttttttttt

Turn = 6.
  01234567890123456789
0 tttfffffffffffffffff
1 tttfffffffffffffffff
2 tttfffffffffffffffff
3 tttfffffffffffffffff
4 tttfffffffffffffffff
5 tttfffffffffffffffff
6 tttfffffffffffffffff
7 tttfffffffffffffffff
8 tttfffffffffffffffff
9 tttfffffffffffffffff
0 tttfffffffffffffffff
1 tttfffffffffffffffff
2 tttfffffffffffffffff
3 tttfffffffffffffffff
4 tttfffffffffffffffff
5 tttfffffffffffffffff
6 tttfffffffffffffffff
7 tttfffffffffffffffff
8 tttttttttttttttttttt
9 tttttttttttttttttttt

Turn = 7.
  01234567890123456789
0 tttfffffffffffffffff
1 tttfffffffffffffffff
2 tttfffffffffffffffff
3 tttfffffffffffffffff
4 tttfffffffffffffffff
5 tttfffffffffffffffff
6 tttfffffffffffffffff
7 tttfffffffffffffffff
8 tttfffffffffffffffff
9 tttfffffffffffffffff
0 tttfffffffffffffffff
1 tttfffffffffffffffff
2 tttfffffffffffffffff
3 tttfffffffffffffffff
4 tttfffffffffffffffff
5 tttfffffffffffffffff
6 tttfffffffffffffffff
7 tttfffffffffffffffff
8 tttttttttttttttttttt
9 tttttttttttttttttttt

Turn = 8.
  01234567890123456789
0 tttttttttttttttttttt
1 tttttttttttttttttttt
2 tttttttttttttttttttt
3 tttttttttttttttttttt
4 tttttttttttttttttttt
5 tttttttttttttttttttt
6 tttttttttttttttttttt
7 tttttttttttttttttttt
8 tttttttttttttttttttt
9 tttttttttttttttttttt
0 tttttttttttttttttttt
1 tttttttttttttttttttt
2 tttttttttttttttttttt
3 tttttttttttttttttttt
4 tttttttttttttttttttt
5 tttttttttttttttttttt
6 tttttttttttttttttttt
7 tttttttttttttttttttt
8 tttttttttttttttttttt
9 tttttttttttttttttttt

Turn = 9.
  01234567890123456789
0 tttttttttttttttttttt
1 tttttttttttttttttttt
2 tttttttttttttttttttt
3 tttttttttttttttttttt
4 tttttttttttttttttttt
5 tttttttttttttttttttt
6 tttttttttttttttttttt
7 tttttttttttttttttttt
8 tttttttttttttttttttt
9 tttttttttttttttttttt
0 tttttttttttttttttttt
1 tttttttttttttttttttt
2 tttttttttttttttttttt
3 tttttttttttttttttttt
4 tttttttttttttttttttt
5 tttttttttttttttttttt
6 tttttttttttttttttttt
7 tttttttttttttttttttt
8 tttttttttttttttttttt
9 tttttttttttttttttttt

Turn = 10.
  01234567890123456789
0 tttttttttttttttttttt
1 tttttttttttttttttttt
2 tttttttttttttttttttt
3 tttttttttttttttttttt
4 tttttttttttttttttttt
5 tttttttttttttttttttt
6 tttttttttttttttttttt
7 tttttttttttttttttttt
8 tttttttttttttttttttt
9 tttttttttttttttttttt
0 tttttttttttttttttttt
1 tttttttttttttttttttt
2 tttttttttttttttttttt
3 tttttttttttttttttttt
4 tttttttttttttttttttt
5 tttttttttttttttttttt
6 tttttttttttttttttttt
7 tttttttttttttttttttt
8 tttttttttttttttttttt
9 tttttttttttttttttttt

