*** 5x1 test: two hoppers meet ***
Turn = 0.
  0
0 h
1 .
2 .
3 .
4 h

Turn = 1.
  0
0 .
1 h
2 .
3 h
4 .

Turn = 2.
  0
0 .
1 .
2 h
3 h
4 .

Turn = 3.
  0
0 .
1 .
2 h
3 h
4 .

Turn = 4.
  0
0 .
1 .
2 h
3 h
4 .

Turn = 5.
  0
0 .
1 .
2 h
3 h
4 .

1x4 test: eat the food
Turn = 0.
  0123
0 fttf

Turn = 1.
  0123
0 fttf

Turn = 2.
  0123
0 fttf

Turn = 3.
  0123
0 fttf

Turn = 4.
  0123
0 fttf

Turn = 5.
  0123
0 fttf

5x5 test: eat all the food!
Turn = 0.
  01234
0 fffff
1 fffff
2 ffrff
3 fffff
4 fffff

Turn = 1.
  01234
0 fffff
1 fffff
2 ffrff
3 ffrff
4 fffff

Turn = 2.
  01234
0 fffff
1 fffff
2 ffrff
3 ffrrf
4 fffff

Turn = 3.
  01234
0 fffff
1 fffff
2 ffrrf
3 ffrrf
4 fffff

Turn = 4.
  01234
0 fffff
1 fffff
2 ffrrf
3 ffrrr
4 ffrrr

Turn = 5.
  01234
0 fffff
1 ffrff
2 ffrrf
3 ffrrr
4 ffrrr

Turn = 6.
  01234
0 fffff
1 frrff
2 ffrrf
3 frrrr
4 ffrrr

Turn = 7.
  01234
0 fffff
1 frrrf
2 frrrf
3 frrrr
4 frrrr

Turn = 8.
  01234
0 fffff
1 frrrr
2 frrrf
3 frrrr
4 frrrr

Turn = 9.
  01234
0 fffff
1 rrrrr
2 frrrr
3 rrrrr
4 frrrr

Turn = 10.
  01234
0 ffrrf
1 rrrrr
2 frrrr
3 rrrrr
4 frrrr

Turn = 11.
  01234
0 frrrf
1 rrrrr
2 frrrr
3 rrrrr
4 frrrr

Turn = 12.
  01234
0 frrrf
1 rrrrr
2 frrrr
3 rrrrr
4 frrrr

Turn = 13.
  01234
0 frrrf
1 rrrrr
2 frrrr
3 rrrrr
4 frrrr

Turn = 14.
  01234
0 frrrr
1 rrrrr
2 rrrrr
3 rrrrr
4 frrrr

Turn = 15.
  01234
0 frrrr
1 rrrrr
2 rrrrr
3 rrrrr
4 frrrr

Turn = 16.
  01234
0 rrrrr
1 rrrrr
2 rrrrr
3 rrrrr
4 frrrr

Turn = 17.
  01234
0 rrrrr
1 rrrrr
2 rrrrr
3 rrrrr
4 frrrr

Turn = 18.
  01234
0 rrrrr
1 rrrrr
2 rrrrr
3 rrrrr
4 frrrr

Turn = 19.
  01234
0 rrrrr
1 rrrrr
2 rrrrr
3 rrrrr
4 frrrr

Turn = 20.
  01234
0 rrrrr
1 rrrrr
2 rrrrr
3 rrrrr
4 frrrr

5x5 test: trapped war
Turn = 0.
  01234
0 ttttt
1 t...t
2 tr.rt
3 t...t
4 ttttt

Turn = 1.
  01234
0 ttttt
1 t...t
2 rr.rr
3 t...t
4 ttttt

Turn = 2.
  01234
0 ttttt
1 t...t
2 rr.rt
3 t...t
4 ttttt

Turn = 3.
  01234
0 ttttt
1 t...t
2 tt..t
3 t..tt
4 ttttt

Turn = 4.
  01234
0 ttttt
1 t...t
2 tt..t
3 t..tt
4 ttttt

Turn = 5.
  01234
0 ttttt
1 t...t
2 tt..t
3 t..tt
4 ttttt

Turn = 6.
  01234
0 ttttt
1 t...t
2 tt..t
3 t..tt
4 ttttt

Turn = 7.
  01234
0 ttttt
1 t...t
2 tt..t
3 t..tt
4 ttttt

Turn = 8.
  01234
0 ttttt
1 t...t
2 tt..t
3 t..tt
4 ttttt

Turn = 9.
  01234
0 ttttt
1 t...t
2 tt..t
3 t..tt
4 ttttt

Turn = 10.
  01234
0 ttttt
1 t...t
2 tt..t
3 t..tt
4 ttttt

Turn = 11.
  01234
0 ttttt
1 t...t
2 tt..t
3 t..tt
4 ttttt

Turn = 12.
  01234
0 ttttt
1 t...t
2 tt..t
3 t..tt
4 ttttt

Turn = 13.
  01234
0 ttttt
1 t...t
2 tt..t
3 t..tt
4 ttttt

Turn = 14.
  01234
0 ttttt
1 t...t
2 tt..t
3 t..tt
4 ttttt

Turn = 15.
  01234
0 ttttt
1 t...t
2 tt..t
3 t..tt
4 ttttt

Turn = 16.
  01234
0 ttttt
1 t...t
2 tt..t
3 t..tt
4 ttttt

Turn = 17.
  01234
0 ttttt
1 t...t
2 tt..t
3 t..tt
4 ttttt

Turn = 18.
  01234
0 ttttt
1 t...t
2 tt..t
3 t..tt
4 ttttt

Turn = 19.
  01234
0 ttttt
1 t...t
2 tt..t
3 t..tt
4 ttttt

Turn = 20.
  01234
0 ttttt
1 t...t
2 tt..t
3 t..tt
4 ttttt

*** Fod Walk Meet In Middle 4x4 by davismc ***
Turn = 0.
  012345
0 h....h
1 h....h
2 h....h
3 h....h

Turn = 1.
  012345
0 .h..h.
1 .h..h.
2 .h..h.
3 .h..h.

Turn = 2.
  012345
0 ..hh..
1 ..hh..
2 ..hh..
3 ..hh..

Turn = 3.
  012345
0 ..hh..
1 ..hh..
2 ..hh..
3 ..hh..

Turn = 4.
  012345
0 ..hh..
1 ..hh..
2 ..hh..
3 ..hh..

*** Hopper Collide 10x4 by ensign ***
Turn = 0.
  0123
0 hhhh
1 ....
2 ....
3 ....
4 ....
5 ....
6 ....
7 ....
8 ....
9 hhhh

Turn = 1.
  0123
0 ....
1 hhhh
2 ....
3 ....
4 ....
5 ....
6 ....
7 ....
8 hhhh
9 ....

Turn = 2.
  0123
0 ....
1 ....
2 hhhh
3 ....
4 ....
5 ....
6 ....
7 hhhh
8 ....
9 ....

Turn = 3.
  0123
0 ....
1 ....
2 ....
3 hhhh
4 ....
5 ....
6 hhhh
7 ....
8 ....
9 ....

Turn = 4.
  0123
0 ....
1 ....
2 ....
3 ....
4 hhhh
5 hhhh
6 ....
7 ....
8 ....
9 ....

Turn = 5.
  0123
0 ....
1 ....
2 ....
3 ....
4 hhhh
5 hhhh
6 ....
7 ....
8 ....
9 ....

Turn = 6.
  0123
0 ....
1 ....
2 ....
3 ....
4 hhhh
5 hhhh
6 ....
7 ....
8 ....
9 ....

Turn = 7.
  0123
0 ....
1 ....
2 ....
3 ....
4 hhhh
5 hhhh
6 ....
7 ....
8 ....
9 ....

Turn = 8.
  0123
0 ....
1 ....
2 ....
3 ....
4 hhhh
5 hhhh
6 ....
7 ....
8 ....
9 ....

Turn = 9.
  0123
0 ....
1 ....
2 ....
3 ....
4 hhhh
5 hhhh
6 ....
7 ....
8 ....
9 ....

Turn = 10.
  0123
0 ....
1 ....
2 ....
3 ....
4 hhhh
5 hhhh
6 ....
7 ....
8 ....
9 ....

*** Darwin 3x8 Guantlet by ethan ***
Turn = 0.
  01234567
0 ...tt...
1 h.......
2 ...tt...

Turn = 1.
  01234567
0 ...tt...
1 .h......
2 ...tt...

Turn = 2.
  01234567
0 ...tt...
1 ..h.....
2 ...tt...

Turn = 3.
  01234567
0 ...tt...
1 ...h....
2 ...tt...

Turn = 4.
  01234567
0 ...tt...
1 ....h...
2 ...tt...

Turn = 5.
  01234567
0 ...tt...
1 .....h..
2 ...tt...

Turn = 6.
  01234567
0 ...tt...
1 ......h.
2 ...tt...

Turn = 7.
  01234567
0 ...tt...
1 .......h
2 ...tt...

Turn = 8.
  01234567
0 ...tt...
1 .......h
2 ...tt...

Turn = 9.
  01234567
0 ...tt...
1 .......h
2 ...tt...

Turn = 10.
  01234567
0 ...tt...
1 .......h
2 ...tt...

*** Darwin 1x15 by jkovar ***
Turn = 0.
  01234567891011121314
0 h..............

Turn = 1.
  01234567891011121314
0 .h.............

Turn = 2.
  01234567891011121314
0 ..h............

Turn = 3.
  01234567891011121314
0 ...h...........

Turn = 4.
  01234567891011121314
0 ....h..........

Turn = 5.
  01234567891011121314
0 .....h.........

Turn = 6.
  01234567891011121314
0 ......h........

Turn = 7.
  01234567891011121314
0 .......h.......

Turn = 8.
  01234567891011121314
0 ........h......

Turn = 9.
  01234567891011121314
0 .........h.....

Turn = 10.
  01234567891011121314
0 ..........h....

Turn = 11.
  01234567891011121314
0 ...........h...

Turn = 12.
  01234567891011121314
0 ............h..

Turn = 13.
  01234567891011121314
0 .............h.

Turn = 14.
  01234567891011121314
0 ..............h

Turn = 15.
  01234567891011121314
0 ..............h

*** Darwin 4x4 by nlaz ***
Turn = 0.
  0123
0 t...
1 .f..
2 ..f.
3 ...f

Turn = 1.
  0123
0 t...
1 .f..
2 ..f.
3 ...f

Turn = 2.
  0123
0 t...
1 .f..
2 ..f.
3 ...f

Turn = 3.
  0123
0 t...
1 .f..
2 ..f.
3 ...f

Turn = 4.
  0123
0 t...
1 .f..
2 ..f.
3 ...f

Turn = 5.
  0123
0 t...
1 .f..
2 ..f.
3 ...f

*** Darwin 4x4 Swap Corners by ss48333 ***
Turn = 0.
  0123
0 h..h
1 ....
2 ....
3 h..h

Turn = 1.
  0123
0 .h..
1 ...h
2 h...
3 ..h.

Turn = 2.
  0123
0 ..h.
1 h...
2 ...h
3 .h..

Turn = 3.
  0123
0 h..h
1 ....
2 ....
3 h..h

Turn = 4.
  0123
0 h..h
1 ....
2 ....
3 h..h

Turn = 5.
  0123
0 h..h
1 ....
2 ....
3 h..h

*** Fod Walk West 4x4 by davismc ***
Turn = 0.
  0123
0 ...h
1 ...h
2 ...h
3 ...h

Turn = 1.
  0123
0 ..h.
1 ..h.
2 ..h.
3 ..h.

Turn = 2.
  0123
0 .h..
1 .h..
2 .h..
3 .h..

Turn = 3.
  0123
0 h...
1 h...
2 h...
3 h...

Turn = 4.
  0123
0 h...
1 h...
2 h...
3 h...

Turn = 5.
  0123
0 h...
1 h...
2 h...
3 h...

