*** Darwin 18x18 ***
Turn = 0.
  012345678901234567
0 .....t.....t...rr.
1 r.......r.t..t....
2 ...............t..
3 ................t.
4 ..............t...
5 ...r...t....t.....
6 ....t.r...........
7 ..r...........t...
8 ........t..r......
9 t.......t..r...t..
0 ..r..r..........t.
1 .........t........
2 ..........tt..r...
3 ..................
4 .t...........t.r..
5 ........t.......t.
6 .t................
7 ..................

Turn = 20.
  012345678901234567
0 .....t.r....t.....
1 .....t.......t....
2 ...............r..
3 .........r.....rr.
4 ...........rr.t...
5 ..........r..r....
6 ..........r...t...
7 ..............t...
8 .......r...rr.....
9 ....r.............
0 ................tt
1 r..........r......
2 .........ttt......
3 ..................
4 .t...........tt...
5 ........t.......t.
6 .t................
7 ......r.r......r..

Turn = 40.
  012345678901234567
0 r....ttt....r...r.
1 .....t.........r..
2 ...............r..
3 ...r..........r.r.
4 r...............r.
5 ..................
6 ........r....r....
7 ..............r...
8 ........r.........
9 ..................
0 .........r........
1 ...........r.....r
2 .........ttr......
3 ............r....r
4 .t...........tt...
5 ........tr.....r..
6 .t.....r..........
7 ..r..........rr...

Turn = 60.
  012345678901234567
0 r.....t........r..
1 .............rr..r
2 .r................
3 r.................
4 ........r.........
5 ....r.............
6 r.r..............r
7 r.................
8 r.r...............
9 .......rr.......r.
0 ........rr.r......
1 .......r..t....r..
2 .........ttt......
3 ................rr
4 .t.tr.............
5 .ttrr.............
6 ..................
7 ..................

Turn = 80.
  012345678901234567
0 r.........r.....r.
1 .r...........r....
2 ..................
3 r.................
4 ............r.....
5 ..r...r...........
6 ........r......r.r
7 ...............r..
8 r.r...............
9 ........r.........
0 ................rr
1 ....r.....t.......
2 ....rr....tt......
3 .....rr...........
4 ..ttr..........rrr
5 .ttrr.............
6 ..................
7 ............r.....

Turn = 100.
  012345678901234567
0 ............r.....
1 r...........r.....
2 ..................
3 ......r.........rr
4 .................r
5 ..................
6 rr................
7 ..r...............
8 ..........r.r.....
9 ..........r.....r.
0 r.................
1 ......rr..........
2 r.rr........r.....
3 r.ttt.............
4 ..rtt..r.........r
5 .....rr...........
6 ..r...............
7 .rr....r.........r

Turn = 120.
  012345678901234567
0 ..r.rr.r.r..r.r...
1 .r................
2 ......r..........r
3 .........r........
4 ...r......r......r
5 r................r
6 ................r.
7 ..................
8 ..................
9 ................rr
0 ...r.....r........
1 ........r.........
2 ..r...............
3 .rtt....r.........
4 ...r.t.r..........
5 ..................
6 .rr...............
7 ..r....r..r.r.r...

Turn = 140.
  012345678901234567
0 ......r.r....r.r..
1 ....r.............
2 ..r..r...rrr......
3 ..r...............
4 .................r
5 r.................
6 ..................
7 ..................
8 ..................
9 .............r.r..
0 ................r.
1 ...............r..
2 ..tt............r.
3 ..ttt...........r.
4 ..r.............r.
5 ..r.............rr
6 .......r.rr.......
7 .........r....rrrr

Turn = 160.
  012345678901234567
0 ............r.....
1 ..................
2 .......r........r.
3 ................r.
4 ......r...........
5 r................r
6 ..r..............r
7 .................r
8 r..............rrr
9 r..r........r.....
0 ...t..............
1 ...t.............r
2 ..tt............r.
3 ..trtt...r........
4 ...r..............
5 r................r
6 r..r......r...r...
7 r........r........

Turn = 180.
  012345678901234567
0 ............rr....
1 r.r.r......r......
2 ..r..............r
3 ......r...........
4 .....r............
5 r.................
6 ...............r..
7 .....rr.........rr
8 ....r.r.........r.
9 ..................
0 ..................
1 ....r......r......
2 rr.r..............
3 rrr....r..........
4 ..................
5 ...r..............
6 rr...r............
7 ...r..rrr.r.......

*** Darwin 25x25 ***
Turn = 0.
  0123456789012345678901234
0 ...r.wr...........w...r..
1 ......wrw............r...
2 ....w....................
3 .........w....r.......r..
4 .w.r.r.........r.w..rw...
5 .......w.......r.........
6 ...............r..w......
7 .....................rr..
8 ..................r......
9 .............w.w.w.......
0 .......w.................
1 .ww.r...w.............w..
2 ..............r......w...
3 ...r.........r...........
4 .........r........w......
5 .w......r................
6 .w.........w......r......
7 ..r....r...w.....ww....w.
8 r..rr.....r....w.......rr
9 ...r....w.....w......w...
0 .......w......ww.........
1 ....................w...r
2 .w...............r.......
3 ....r.w.....w............
4 .......w.......r...r.....

Turn = 20.
  0123456789012345678901234
0 ...rr..wr......rr.......r
1 .......rr...r............
2 .r..r...........w........
3 ..r........r...w.........
4 .w..r....................
5 .........................
6 .....wr..................
7 .......................ww
8 .........................
9 ......w...w......w.rr....
0 .......w.................
1 r............w...........
2 r...............w...r....
3 r...rr...r...........r..r
4 w.w.........r............
5 .......r.................
6 ..........ww...........r.
7 .....r....ww....ww.......
8 r.....r.r.r........w.....
9 .......r.....w...ww......
0 ......................r..
1 ..........w..............
2 r........w...........w..w
3 .....................r..w
4 r.r.rr...w...r.r.......rr

Turn = 40.
  0123456789012345678901234
0 ...rr.................r..
1 w...........r............
2 ...r.r............r......
3 r........................
4 .............r......w....
5 ..............rrr..w....r
6 ...w.............r......r
7 ........w........r.....w.
8 .........................
9 r.......w......w.........
0 .........................
1 ......rr.w........w......
2 ......rw.w..........r....
3 r...w.r............r.....
4 ......r.....r......w.....
5 .....w...w...........r.r.
6 .........wr.....w........
7 .......r...r........w....
8 ..........rr.............
9 .......r.rr.w............
0 r..............r..wr.....
1 r............r....r.w....
2 .r..............r.r......
3 r.r............r.........
4 r..r..r.......r...r..r.r.

Turn = 60.
  0123456789012345678901234
0 .r.ww....r........r......
1 .........r....r..........
2 ................r........
3 ...................ww...w
4 ................r..w.....
5 r................r.......
6 .................r...rw..
7 ...............r......w.w
8 .....................w..w
9 .......r.............wr..
0 .....r.r.................
1 ........r.r..............
2 r.......rr...............
3 ..r.r.w.r..r.....w.......
4 r..rr.r...........w..rr.r
5 .r...r..............w....
6 ......r...w...........wwr
7 .........r.............w.
8 ...r....r................
9 ...........r.............
0 ......w..r......r........
1 rr.....w.................
2 .........................
3 .r.r......rr....r........
4 r.........r...r....r..r.r

Turn = 80.
  0123456789012345678901234
0 r...r....................
1 ...............r.........
2 .............r...........
3 ............wrr......w...
4 .........................
5 r......rr...............w
6 .......r............w...w
7 r.........rw............w
8 ..................r......
9 ...................r.w.ww
0 ........r.....r.r.rrr...w
1 ....ww.w.........r.r..w..
2 .........................
3 r....w.r......w..........
4 .r.w...r..........r......
5 ..rr.r...r............w.w
6 ..............ww..w......
7 w......................rr
8 .............r........r..
9 ..r...rr....r......r.....
0 r.r.........r......r.....
1 r..r..r.......r...rw.....
2 r........................
3 .........................
4 ................r...r....

Turn = 100.
  0123456789012345678901234
0 rr...r.........r.r......r
1 ...r...r...........r.....
2 r............r...........
3 .........................
4 .r.r.....r..............r
5 .r..r.................w.r
6 r....rr.......rr.........
7 r.......r............w.w.
8 r......................w.
9 ..........r..............
0 r........................
1 ...r.........r...........
2 ................r........
3 ....r....r.r............w
4 .....r.r.r.w...........w.
5 ..r........w.......w.....
6 .r.................w.....
7 ......r...w.........r....
8 ....r.............r......
9 ........................r
0 ....rr.............r.....
1 .....r..r................
2 ....rrr.r................
3 ......r.....rrrrr.......r
4 r....r.......r...r...r..r

Turn = 120.
  0123456789012345678901234
0 r...r.rr...............rr
1 ......................rrw
2 r.....r................w.
3 r.............r.r........
4 ...............r.....r..w
5 .............w...........
6 ............r.r.....w....
7 ............rr..........w
8 ...r...........r......r.r
9 r.rrr.r........r.......rr
0 .rr......r..............r
1 .r................r....rr
2 ..r.............w.r......
3 .........................
4 .....rr......r......r....
5 .....................r..r
6 .r.........w.r...........
7 .r....r..................
8 ...r..r.......r..........
9 r........................
0 r........................
1 .........................
2 ...r...r.............r...
3 r.....r.r...............r
4 ...r.....r..r.rr........r

Turn = 140.
  0123456789012345678901234
0 .rr...rr......r..r......r
1 r...........r...........w
2 ...rr..r................w
3 .....r...r.......rrrw..ww
4 ..r.............rr......w
5 .........................
6 ................r.......r
7 .........................
8 ......r...rr.............
9 ..........r.....r.......r
0 ....r..........r.r....r..
1 ....r........r....r......
2 r.......r.r.....r..r.....
3 .......r.....rr..........
4 rr....r.........r........
5 ...r.....................
6 ......r.................r
7 .......r................r
8 .......................r.
9 ......rr...............rr
0 ........r..............r.
1 ..r...................rr.
2 rr.....r.r...............
3 ........r.......r........
4 r......r.r...............

Turn = 160.
  0123456789012345678901234
0 .r.r...r.r.r...r.r....r..
1 ....r.r..................
2 .r.......................
3 .....r....rr..........w..
4 ..........r.......w..ww..
5 ..r.....rr..r............
6 ........r................
7 .r..r..rr.......r...r.w..
8 r.r.r..................r.
9 ......r.................r
0 ..................r.r....
1 .........................
2 ................r........
3 .r...r......r......r.r...
4 .r.........r.............
5 .rrr..................r..
6 ...........r.....r.......
7 ...r...r.....r.r.........
8 .rr.....................r
9 ...........r.........r.r.
0 ..........r.............r
1 ..........r.............r
2 ...............r........r
3 ......r..............r...
4 ...r...r..rrrr...........

Turn = 180.
  0123456789012345678901234
0 rr.rr.....r............rr
1 .....r................r..
2 ....r....................
3 r..r............r.......r
4 ........................r
5 ................r.....rrr
6 .r.r...r........r........
7 .....r.........r......r.r
8 ..................r......
9 ..r.r....................
0 .....rr.................r
1 .........r...............
2 r...r.......r............
3 ...............r..r......
4 .................r.......
5 .........r...r...rr......
6 .r...........r...........
7 rr.................r...r.
8 ..r....rr..............r.
9 .r.......................
0 .....r............rr.....
1 ..r...r.r.rr.............
2 ....r..r....rr...........
3 ....r..............r.....
4 r...r......rr.r...r.r..r.

*** Darwin 30x30 ***
Turn = 0.
  012345678901234567890123456789
0 .....b......b...t.............
1 ................b.........b...
2 .t...................b........
3 .................b........b...
4 .............................b
5 .....................b........
6 ................b.b...........
7 .............t................
8 .......b......................
9 ..........b.....b.....b.......
0 ..............................
1 ..............................
2 ................t..........b.b
3 ..............................
4 ...........b...............b.b
5 ............b..b.............b
6 .....b.......t......b.t.......
7 .....................b........
8 ..............................
9 ..................b.t.........
0 ..tb..........................
1 ..............................
2 ..............................
3 .........................t....
4 ........b........b............
5 ..............................
6 ...........................b..
7 .......bt.....................
8 ..............b...b...........
9 ...b..............b..b........

Turn = 20.
  012345678901234567890123456789
0 ......b.......................
1 .t....................b.b.....
2 .t..................b.........
3 ...............b........b.....
4 ..............................
5 ................b.............
6 ......b...................bb..
7 .............t................
8 ...........b..................
9 ..............................
0 ................b.b...........
1 ..................b...........
2 .........b..b......b.b........
3 .......b......................
4 ...........b.....bb...........
5 ........b....ttt.....b........
6 .............tt.......t.......
7 ...................b..........
8 .....b........................
9 ...t....b...........t.........
0 ..tt..........................
1 ..............................
2 ..............................
3 .........................t....
4 .....b.......................b
5 ..............................
6 ...........b..................
7 ..............................
8 ..............................
9 ...b...b..b...................

Turn = 40.
  012345678901234567890123456789
0 ..........b...................
1 .t..b...b.....................
2 .t............................
3 ...b....b.......b...b.........
4 ..................b...........
5 .......b......................
6 ........b..bb.................
7 .............t........b.......
8 .......................b......
9 ..................b...........
0 ..............................
1 ..........b...................
2 .b..b..b...................b..
3 ..............................
4 .....bb.......................
5 .............ttt..............
6 .............tt......tt......b
7 b.............................
8 .....b........................
9 ...t..........................
0 ..tt.b........................
1 ....................b.........
2 ..............................
3 ....................b....t....
4 ..............................
5 .....................b........
6 ..............................
7 ..............................
8 ..............................
9 ...b...........bbb............

Turn = 60.
  012345678901234567890123456789
0 ..........................b...
1 tt......b.....................
2 .t...b........................
3 .b....................b.......
4 ...........b..................
5 ..............................
6 .............t..............b.
7 ..........b..t................
8 ...................b..........
9 ..............................
0 .................b............
1 ................b.............
2 ...............b........b..b..
3 ..............................
4 .............t..b.........b...
5 ........b....ttt......t.......
6 .............tt......tt.......
7 .......b............bt........
8 ..............................
9 ...t..........................
0 ..tt.........................b
1 ....................b.........
2 .....b........................
3 .........................t....
4 ..................b...........
5 .......b......................
6 ..............................
7 ..............................
8 ...........................b..
9 b.................b....b......

Turn = 80.
  012345678901234567890123456789
0 ..............b...............
1 tt......b...........b.........
2 .t............................
3 .....b............b...........
4 .....b........................
5 ....................b.........
6 .............t...b............
7 .............t................
8 b................b.........b..
9 ..............................
0 ..............................
1 ..............................
2 ...............b..b....b......
3 ..................b...........
4 .............tb...............
5 .......b.....tttt.....t.......
6 .....b.......tt......tt.......
7 ................b.b.......b...
8 .............................b
9 ...t..........................
0 ..tt..........................
1 ........b.....................
2 ..............................
3 .........................t....
4 ...........b..................
5 ..............................
6 ................b.............
7 ..........b...................
8 ..............................
9 .............b...b............

Turn = 100.
  012345678901234567890123456789
0 .t................b...........
1 tt............................
2 .t............................
3 .t........b...................
4 ..............................
5 ..............................
6 .............t...............b
7 .............t................
8 ...b..........................
9 ..............................
0 .................b.........b..
1 .......b......................
2 b.b..............b............
3 ..........b...................
4 .....b.....b.tt...............
5 .............tttt.....t.......
6 .............tt.t....tt.......
7 ........b.....t......t........
8 ..............................
9 ...t....b.....................
0 ..tt..........................
1 ....................b.........
2 ..............................
3 .........................t....
4 .....b........................
5 ....................b.........
6 .............................b
7 ..............................
8 ..............................
9 ...........b......b........b..

Turn = 120.
  012345678901234567890123456789
0 .t............................
1 tt............................
2 .t............................
3 .tt...........................
4 ...........b..................
5 ..........b...................
6 .............tt...............
7 .............t................
8 .............t................
9 ..............................
0 ..............................
1 ..............................
2 b.................b..b.......b
3 ..............................
4 .............tt...t...........
5 .............tttttt...t.......
6 .............tt.t....tt.......
7 ..............t.....bt........
8 .....b........................
9 ...t................b.........
0 ..tt..........................
1 ..............................
2 ..............................
3 ........b................t....
4 ........b.....................
5 ..............................
6 .....b........................
7 ..............................
8 ..............................
9 .......b.b...b.............b..

Turn = 140.
  012345678901234567890123456789
0 .t..................b.........
1 tt..................b.........
2 .t............................
3 .tt...........................
4 ..............................
5 ........b.....................
6 .............tt..............b
7 .............t................
8 .....b.......t................
9 .......b......................
0 ...........................b..
1 ..............................
2 ...................bb..b......
3 ..............................
4 .............tt...t...........
5 ........b....tttttt...t.......
6 .............tt.t....tt.......
7 ..............t......t........
8 ..............................
9 ...t..........................
0 ..tt..........................
1 ..............................
2 .....b........................
3 .........................t....
4 ...........b..................
5 ..........b...................
6 ..............................
7 ..............................
8 ..............................
9 ...b.....b....................

Turn = 160.
  012345678901234567890123456789
0 .t............................
1 tt......b.....................
2 .t............................
3 .tt...........................
4 .....b........................
5 ..............................
6 .............tt...............
7 .............t................
8 .............t.............b..
9 .......b......................
0 .....b........................
1 ..............................
2 .b..b..................b......
3 ........b.....................
4 .............tt...t...........
5 ..........b..tttttt...t.......
6 ...........b.tt.t....tt.......
7 ..............t.....bt........
8 ..............................
9 ...t..........................
0 ..tt..........................
1 ....................b.........
2 ..............................
3 .........................t....
4 ..............................
5 ..............................
6 .............................b
7 ..............................
8 ..............................
9 .b...........................b

Turn = 180.
  012345678901234567890123456789
0 .t............................
1 tt............................
2 .t.........b..................
3 .tt.......b...................
4 ..............................
5 ..............................
6 .............tt...............
7 .............t................
8 .............t................
9 ..............................
0 ..............................
1 ..............................
2 .b..b......b.................b
3 ..............................
4 .....b.......tt...t...........
5 .............tttttt...t.......
6 .............tt.t....tt.......
7 ..............t......t........
8 ..............................
9 ...t..........................
0 ..tt..........................
1 ........b...........b.........
2 ..............................
3 ....................b....t....
4 ..............................
5 ..............................
6 ..............................
7 ........b.....................
8 ...........................b..
9 .....b.b.............b.......b

*** Darwin 30x30 ***
Turn = 0.
  012345678901234567890123456789
0 .....b......b...t.............
1 ................b.........b...
2 .t...................b........
3 .................b........b...
4 .............................b
5 .....................b........
6 ................b.b...........
7 .............t................
8 .......b......w........w......
9 ..........b.....b.....b.......
0 ..............................
1 ..............................
2 ................t..........b.b
3 ..............................
4 ...........b...............b.b
5 ............b..b.............b
6 .....b.......t......b.t.......
7 .....................b........
8 ..............................
9 ..................b.t.........
0 ..tb..........................
1 ..........................w...
2 ..............................
3 .........................t....
4 ........b........b............
5 ..............................
6 ...........................b..
7 .......bt.....................
8 ..............b...b...........
9 ...b.w............b..b........

Turn = 20.
  012345678901234567890123456789
0 ......b.......................
1 .t....................b.b.....
2 .t..................b.........
3 ...............b........b.....
4 ..............................
5 ................b.............
6 ......b...................bb..
7 .............t................
8 ...........b..................
9 .................w............
0 ................b.b...........
1 ..................b...........
2 .........b..b......b.b....w...
3 .......b......................
4 ...........b.....bb...........
5 ........b....ttt.....b........
6 .............tt.......t.......
7 ...................b..........
8 .....b........................
9 ...t....b...........t.........
0 ..tt..........................
1 ..............................
2 ..............................
3 .....b...................t....
4 ...........................w.b
5 ..............................
6 ...........b..................
7 .....b........................
8 w.............................
9 .........bb...................

Turn = 40.
  012345678901234567890123456789
0 ..........................b...
1 .t..b...b.....................
2 .t............................
3 ...b....b.......b...b.........
4 .....b........................
5 .......b......................
6 ........b..bb.................
7 .............t.....w..b.......
8 .......................b......
9 .....b.............w..........
0 ....................w.........
1 ..........b...................
2 .b.bb..............w.......b..
3 ..............................
4 .....bb.......................
5 .............ttt..............
6 .............tt......tt.......
7 b.............................
8 ..............................
9 ...b..........................
0 ..tb..........................
1 ...b.b..............b.........
2 ..............................
3 ....................b....t....
4 ..............................
5 .....................b.......w
6 ..............................
7 .............................w
8 ..............................
9 ..............b.bb............

Turn = 60.
  012345678901234567890123456789
0 ..............b...............
1 tt............................
2 .t............................
3 .t........b...................
4 ..............................
5 ..............................
6 .............t.............b.b
7 ........b.b..t................
8 .....b.............w..........
9 ................w...w.........
0 ..............................
1 .....b..........b.............
2 ...b.......b...b..b...b.......
3 ..............................
4 .b..............bb........b...
5 .............ttt......t.......
6 .............tt......tt.......
7 ........b..........bbt........
8 ..............................
9 ...t..........................
0 ..tt..........................
1 ...t................b.........
2 ..............................
3 .....b...................t....
4 ..............................
5 .......b......................
6 ..............................
7 ........................w...w.
8 .............................w
9 b.............................

Turn = 80.
  012345678901234567890123456789
0 .t............................
1 tt................w...........
2 .t............................
3 .t..................b........b
4 ..............................
5 ..............................
6 .....b......b..b..............
7 ................b..b..........
8 ..............................
9 ..............................
0 .........................w....
1 .............b.......w........
2 .b............b.....bbb.......
3 ..............................
4 ...b..........b...............
5 .......b.....ttt......t.......
6 .............tt......tt.......
7 .....b.......t.......t........
8 ..............................
9 ...t..........................
0 ..tt..........................
1 ...t..........................
2 ..............................
3 .........................t....
4 ..............................
5 ........b.....................
6 ................bb............
7 .....b..b.b...................
8 ...........b.................w
9 ....b...................w....w

Turn = 100.
  012345678901234567890123456789
0 .t...b..........w.............
1 tt............................
2 .t............................
3 .t.....b..b...................
4 ..............................
5 ........b.....................
6 ..b..b...........b............
7 .....................b........
8 ...........b..................
9 ..............................
0 ..............................
1 ..............................
2 .....b..b...........b..b..b.b.
3 .....b..b.b...................
4 ...b...........t..............
5 .b...........ttt....bwt.......
6 ...............tt....tt.......
7 .............tt.t....t........
8 ..............................
9 ...t..........................
0 ..tt..........................
1 ...t..........................
2 ..............................
3 .........................t....
4 ..............................
5 .....b..................w.....
6 .............................w
7 ..............................
8 ..............................
9 ......b...............w.......

Turn = 120.
  012345678901234567890123456789
0 .t............................
1 tt............................
2 .t............................
3 .tt.....b.....................
4 .....b........................
5 ..........b...................
6 ....b....................b....
7 .b............................
8 .................b............
9 .......b.........b............
0 ...........b..................
1 ..............................
2 b.....b.b..b....b.....b.......
3 ..............................
4 .............t.t..............
5 ......b......ttt.....wt.......
6 ...............tt....tt.......
7 .....b.......tt.t....t........
8 ..............................
9 ...t.b........................
0 ..tt..........................
1 ...t....b.....................
2 ..............................
3 .........................t....
4 ..............................
5 ....................b....w....
6 ..............................
7 ..............................
8 ..............................
9 ..............b.........w...w.

Turn = 140.
  012345678901234567890123456789
0 .t...b........................
1 tt............................
2 .t............................
3 .tt...........................
4 ..............................
5 ....................b.........
6 ......b........b..............
7 .................b............
8 ..............................
9 .....b........................
0 .................b............
1 ..............................
2 .bb...b..b......b.....b.......
3 ..............................
4 .............t.t..............
5 ............tttt.....wt.......
6 ...............ttt...tt.......
7 .............tt.t....t........
8 ............................w.
9 ...t.b........................
0 ..tt..........................
1 ...t....b.....................
2 ..............................
3 ........b.....................
4 ..............................
5 ..........b...................
6 ..................w...........
7 ..............................
8 ..........................w...
9 ....b..b...b..............w...

Turn = 160.
  012345678901234567890123456789
0 .t............................
1 tt...b..b.....................
2 .t...b........................
3 .tt..............b............
4 ..............................
5 ..............................
6 ..b......................b....
7 .......................b......
8 ..............................
9 ..............................
0 ...........b..................
1 ..............................
2 .b......b.......b..bb.......b.
3 .......b............b.........
4 .............t.t..............
5 ..........b.tttt.....wt.......
6 ...............tt....tt.......
7 ........b....tt.tt...t........
8 ..............................
9 ...t.b........................
0 ..tt..........................
1 ...t.......................w..
2 ..............................
3 ...........................w..
4 ..............................
5 ..............................
6 ..............................
7 ..............................
8 ...........................w..
9 ........b.......w.............

Turn = 180.
  012345678901234567890123456789
0 .t......b.....................
1 tt............................
2 .t............................
3 .tt.......b...................
4 ..............................
5 ..............................
6 ................b....b........
7 ...b..........................
8 ...........b..................
9 ..............................
0 ..............................
1 ..............................
2 .......b....b..bb........bb...
3 ..............................
4 .............t.t..............
5 ............tttt.b...wt.......
6 .....b.........tt....tt.......
7 ........b....tt.tt...t........
8 ..............................
9 ...t..........................
0 ..tt..........................
1 ...t.b................w.......
2 .....b.......................w
3 ..............................
4 ......................bw......
5 ..............................
6 ..............................
7 .......b............b.........
8 ..............................
9 .......................b......

*** Darwin 30x30 ***
Turn = 0.
  012345678901234567890123456789
0 .....b......b...t.............
1 ................b.......w.b...
2 .t...................b........
3 ........w.....w..b........b...
4 ..........w...w..............b
5 .....................bw.....w.
6 ................b.b...........
7 .............t................
8 .......b......w........w......
9 ..........b.....b.w...b..w....
0 ..............................
1 ......................w.......
2 ................t..........b.b
3 ....w..........w....w.........
4 ...........b...............b.b
5 ............b..b.............b
6 .....b.......t......b.t.......
7 ....w................b.....w..
8 ..................w...........
9 ..................b.t.........
0 ..tb...................w......
1 ...w......................w...
2 ..............................
3 .........................t....
4 ........b........b............
5 ..............................
6 ...........................b..
7 .......bt.....................
8 ..............b...b...........
9 ...b.w............b..b...w....

Turn = 20.
  012345678901234567890123456789
0 ......b.............b.........
1 .t.............bbb............
2 .t............................
3 ....................b....w.w.w
4 ...............ww.............
5 ...........................w..
6 .......b.....t...w......b.b...
7 .............t.ww.....b.......
8 ..........b.b..............b..
9 ..............................
0 ..............................
1 ..............................
2 .........b....b...b..bb.......
3 .......b......................
4 ..............t...b...........
5 .w......b....tbb.b...b.b......
6 .............tt.......t.......
7 ....................b.........
8 ....ww...........b............
9 ........b...........t.........
0 ..ttt........................w
1 ...t..............b..........w
2 ..................w..........w
3 .........................t....
4 .......................b......
5 ..............................
6 ...........b..............w...
7 .............................w
8 .........w....................
9 ...w..ww..w...................

Turn = 40.
  012345678901234567890123456789
0 ............b.............w...
1 .t......b.........b..b......w.
2 .t...................b....w...
3 ........b.....................
4 ......................b...w.b.
5 .......b..................b...
6 ...........b.tt.w.....b...w...
7 .............tt...............
8 .............t....w.b........b
9 ..............................
0 ...............b..............
1 w.....................b.......
2 .bb.....b.....................
3 ..............................
4 ..............t...............
5 ..w..........tt.......tt......
6 .............tt.......tb......
7 b...................b.........
8 ..............................
9 ....................t.........
0 ..ttt.............b..........w
1 ...tt............b....w.......
2 .................bb.......w...
3 ..................b.......w...
4 .w............................
5 .............................w
6 ..............................
7 ....w.w.w.....................
8 ...........b..................
9 .......w.............b.......w

Turn = 60.
  012345678901234567890123456789
0 ..............w...b..b.....b.b
1 b..b..........................
2 .t............................
3 ........b........b.......ww...
4 ..................b.....w...w.
5 .............t................
6 w............tt.......b.......
7 ...w.........tt...........w..w
8 .............tt...............
9 ..............................
0 ..............................
1 ....................b.........
2 ...........b........b.b.....b.
3 .....................b........
4 ..............tt..............
5 ..w..........tt......b........
6 .............tt........t......
7 ..................b...........
8 ..................b...b.....w.
9 .....................wbw......
0 ..ttt............b...........b
1 w..tt.........................
2 .w............................
3 ........b...................w.
4 ....................b.........
5 .......b..............b....w.w
6 .........w....................
7 ..............................
8 ..............................
9 w....w.....w.................w

Turn = 80.
  012345678901234567890123456789
0 ...............www....b.....w.
1 ................wb......w....w
2 .t................b......w....
3 .t............................
4 ....................w.b.......
5 .............t................
6 ...........b.tt.....b.........
7 .............tt..............w
8 .....w.......tt...............
9 ..............................
0 ..............................
1 ..............................
2 b.................b.....b.....
3 .w............................
4 ..............tt.b............
5 .............tt...............
6 .............tt.......bt......
7 .b..b..........b......btt....b
8 ..................b...........
9 .....................b........
0 ..ttt.....b.........b.........
1 ...tt.........................
2 ........b.......w............w
3 .........w..............w.....
4 w.............................
5 .....................b........
6 ..............................
7 ............................w.
8 ....w....w....................
9 ....w...w............b.....w.w

Turn = 100.
  012345678901234567890123456789
0 .........w............b....w..
1 .........................w...w
2 .t..............w.............
3 .t.......................w....
4 ..........................w...
5 .............t................
6 .............ttt..............
7 .............tt...............
8 .............tt...............
9 ..............................
0 ...w........................w.
1 ..............................
2 ................b.b...........
3 .................b...b........
4 w.............tt..............
5 .............tt...b...........
6 .............tt........t......
7 .b..........b.t...b..b.ttt....
8 ........b.......wb............
9 ........................w.....
0 ..tttb........................
1 ...tt................b........
2 ....................b.b.......
3 ..............................
4 ..................b...b.......
5 ..............................
6 ....w......b.....b..b.....w...
7 .....w....................w...
8 .........w........b...........
9 .ww.........w...............ww

Turn = 120.
  012345678901234567890123456789
0 .....w..b....................w
1 .......................w......
2 .t..................b.........
3 .t............................
4 .....................b...w....
5 .............t.......b........
6 .............tttt............w
7 ...w.........tt..........w....
8 .............tt...............
9 ..............................
0 ..............................
1 ..............................
2 ..b...................b.......
3 ..............................
4 ..............tt....b.........
5 .............ttt..............
6 .............tt........t......
7 ......b......t.........tttt...
8 w............w........b.......
9 .........................bbb..
0 ..tttt................b.......
1 w..tt.................b.......
2 ....t.........................
3 .............ww......b........
4 .............................w
5 ..............................
6 ..............................
7 ..............w..bw...........
8 .................b.w...w......
9 ww.......w........b..........w

Turn = 140.
  012345678901234567890123456789
0 ......................b......w
1 ..............................
2 .t....................b..ww...
3 .t......................w.....
4 ..............................
5 .............t................
6 .............tttt.............
7 w.......w....tt......b........
8 .............tt...............
9 ..................b........w..
0 ..............................
1 ..............................
2 ....b...............b.........
3 .................b...b........
4 ........b.....tt..............
5 .............ttt..............
6 .............tt..b..b..t......
7 ............bt.........tttt...
8 .............t................
9 ......b......bb...............
0 ..tttt...........w....b.......
1 w..tt.........................
2 ....t.........w...............
3 ..............................
4 ..............................
5 .ww.....w............b........
6 ..................w...........
7 .......................w......
8 ................w...w.........
9 .........w..........ww...w....

Turn = 160.
  012345678901234567890123456789
0 ..............................
1 .....................w.....w..
2 .t............................
3 .t............................
4 .......ww.............b.......
5 .............t...b....b......w
6 .............tttt........w....
7 .............tt...............
8 .............tt...............
9 ..................b...........
0 ....w......................w..
1 ..............................
2 ..b...........b...............
3 ..............................
4 ..............tt......b.......
5 .............ttt..............
6 .............ttt.......t......
7 ...b.........t.........tttt...
8 .............t................
9 ...ttt.......................b
0 ..tttt................b.......
1 ...tt.........................
2 ....t.........................
3 ..............................
4 ..............................
5 w.............................
6 w....................w........
7 ..............w...w...w....w..
8 .....................w.ww.....
9 ..w.......ww......w..w...w....

Turn = 180.
  012345678901234567890123456789
0 ...........w..........w.......
1 .....................ww..w....
2 .t............................
3 .t............w...............
4 ............................ww
5 ...........w..................
6 ...........w..tttt............
7 .............tt...............
8 .............tt...............
9 .........................w....
0 ..............................
1 ..............................
2 ....bb..........b.............
3 ..............................
4 ..............tt..............
5 .............ttt..............
6 .............ttt.......t......
7 ............tt.........tttt...
8 .............t........b.......
9 ...ttt....b............b......
0 ..tttt........................
1 ...tt........................w
2 ....t................ww.......
3 ...w.....................b....
4 .........w....................
5 ...............w..............
6 .....w........................
7 ..................b...........
8 ..................b......w....
9 w...........w........ww.w....w

*** Darwin 20x20 ***
Turn = 0.
  01234567890123456789
0 ......f.....f.......
1 ......f.........f...
2 .f.......f..........
3 ....................
4 ........ff....c..f.c
5 ..f..f..............
6 ...f.cf.............
7 ...f...cf.....c.....
8 ....c...c...........
9 c.f...f...........f.
0 ..ff...........f....
1 ...c..f.....w.......
2 ......f....c.....f..
3 ..........c....ffc..
4 .......f...f........
5 .c.................f
6 .......ff.f.ff......
7 .f...............c..
8 ...c..........f..f..
9 .f.c.c..f.f....c....

Turn = 20.
  01234567890123456789
0 ......f.....f.......
1 ......f........cf...
2 .f.......f..........
3 ....................
4 ........ff.......f..
5 ..f..f..............
6 ...f.c..c....c......
7 ...f..c.c.......w..c
8 ..c......c..........
9 ..cc..f.....w.....f.
0 .c.fc...............
1 ......f.............
2 ......f........w.f..
3 c..............f.c..
4 ....c.c....f....c...
5 ...................f
6 .......ff.f.ff......
7 c...................
8 ...c.c........f....c
9 .fc.....f.f.......cc

Turn = 40.
  01234567890123456789
0 ......f.....f..c....
1 ......f.........f...
2 .f.......f..........
3 ....................
4 .....c..ff.......f..
5 ..f..c...c..........
6 ...f......c.c.......
7 ...f................
8 ..c..cc.............
9 ......cc..........fc
0 ..cc............w...
1 ...c..f.........c...
2 .....cc..........f..
3 .......c..w..ww....c
4 ..c....c...f........
5 ...................f
6 .c.....ff....w......
7 ...c.........w......
8 c.......w......w...c
9 cc......w.f.......cc

Turn = 60.
  01234567890123456789
0 ......f.....f.......
1 ......f.........f...
2 .f.......f..........
3 .....c......c.......
4 ........cc.c.....f..
5 ..f.c....c..........
6 .c.c................
7 c..c....c...........
8 ........c...........
9 ....ccc.........www.
0 .......c............
1 ......f...w.......w.
2 ..........ww.....w..
3 ...c...cc..........w
4 ..c.....w..w......w.
5 ...c..............ww
6 ...c.c.w............
7 .......w.......w....
8 cc.c...............w
9 ...c..w.w...w.....w.

Turn = 80.
  01234567890123456789
0 ......f.....f.......
1 ......f.........f...
2 .f.......f.c........
3 ........c...........
4 c...........c....f.w
5 .cf.....c.c........w
6 .c..........c.......
7 ...cc....c..........
8 .........c..........
9 .......c...........w
0 c.......c........w..
1 ..c...w......w......
2 ....wwww.....w...w..
3 ..................w.
4 ...c.w...........ww.
5 ...w.w.......w......
6 ........ww..........
7 ....................
8 ...c..w.........w..w
9 cc.c..w....w..w..ww.

Turn = 100.
  01234567890123456789
0 ......f.....f.......
1 ......f.........f...
2 ...c.....f..........
3 ..c.........c.c....w
4 .c..........c.......
5 ....c..c....c...w...
6 ...c..............w.
7 w.c..........w......
8 .....c..c..c..w.....
9 ...c................
0 .....w..w.c.....w...
1 ......w........w...w
2 ......w..w..........
3 ...ww....w.....w....
4 ..www..........w....
5 ..w...............ww
6 ..............w.....
7 w............w...w..
8 w........w..w....w.w
9 ww...............ww.

Turn = 120.
  01234567890123456789
0 ......f...w..c..w...
1 ......f.......w.....
2 ..c.....cf.....w....
3 ...w............w.w.
4 .c.c........cc......
5 ..w.cc.............w
6 ...c................
7 .......c.....c....w.
8 ..w.................
9 ...w..........w...w.
0 ww......c...........
1 w....w...........w..
2 .w..................
3 ................ww..
4 w.w..............w.w
5 .w..w......w........
6 ...w....ww......ww..
7 ...........w....w...
8 ...................w
9 .w..w........ww..w.w

Turn = 140.
  01234567890123456789
0 ......f....ww.w.....
1 ......f.............
2 ..w.....w...........
3 w.......wwwc..w.....
4 .........w..........
5 .w......w..........w
6 w.w..........ww..www
7 ....c.c.............
8 ww..................
9 ......ww............
0 ...w..w.........w..w
1 ....ww.......w....w.
2 ....w......w.....ww.
3 ............w......w
4 .............w......
5 ..........w.w.....ww
6 ....................
7 .....w........ww....
8 .............w.....w
9 w....w.w....w......w

Turn = 160.
  01234567890123456789
0 .w....fw...w.......w
1 .w....w.............
2 ......w...w...w.w...
3 ....w...wwww........
4 ....................
5 ...ww.w.......w.w...
6 w....w.........ww...
7 w.............w.....
8 ......c.............
9 ....www......w......
0 ..................w.
1 ...w......w.....w...
2 ...www.....w..w.....
3 ..............w...w.
4 .....w..............
5 ....................
6 ............w..w..w.
7 w...........w...wwww
8 ....w.............w.
9 w......w.......w...w

Turn = 180.
  01234567890123456789
0 .w.w..ww.....w.ww...
1 .........w.....w....
2 .w...w.ww...........
3 .w...w..ww..........
4 w.....w.............
5 w............w......
6 ....w..www..........
7 .w.w.........w......
8 ....................
9 .....w...w...w.ww..w
0 ................w...
1 ...ww.........w.....
2 ....................
3 w...w........w.....w
4 ..w...w............w
5 ............w.w.....
6 ......ww....ww....w.
7 .......w...........w
8 ...................w
9 .......w..w..w.....w

*** Darwin 20x20 ***
Turn = 0.
  01234567890123456789
0 ......f.....c.......
1 ......c.........c...
2 .f.......c..........
3 ....................
4 ........cc.......c.c
5 ..c..c..............
6 ...f.cc.............
7 ...f...cf...........
8 ........c...........
9 c.c...c...........c.
0 ..fc...........c....
1 ......c.............
2 ......f....c.....c..
3 ...............fcc..
4 .......c...c........
5 .c.................c
6 .......cc.c.fc......
7 .c...............c..
8 ..............c..c..
9 .c.c....c.f.........

Turn = 20.
  01234567890123456789
0 ........c......c....
1 .c..................
2 .f................c.
3 .......c............
4 .......c.......c....
5 ....c...............
6 ...fcc..c.c........c
7 ...f...cf.......c...
8 ....................
9 ...c..cc...c.....c..
0 ..f...c..........c..
1 c....c..............
2 ......f.....c.......
3 ..c........c...f..c.
4 ...................c
5 ....c.c..........c..
6 ............f.......
7 .....c........c.c...
8 c.c......c..........
9 ....c.c...f...c.....

Turn = 40.
  01234567890123456789
0 ......c............c
1 ....................
2 .cc...............c.
3 .............c......
4 ..c..c..............
5 ..............c....c
6 ...fcc.c............
7 ...f..c.c..........c
8 .....c..c...........
9 .......c.c..........
0 ..f....c............
1 ...............c....
2 ..c.cc.....c...c..c.
3 ....c.....c.....c...
4 ....................
5 .........c.........c
6 ......c.....f...cc..
7 ....c..c........c...
8 .c...cc........cc...
9 c.........f.........

Turn = 60.
  01234567890123456789
0 ....c...........c...
1 ....................
2 ...c...............c
3 ...c.c..............
4 .c..................
5 ...c.........c.....c
6 .c.........c........
7 ...fc.........c.....
8 ........ccc.......c.
9 ......c.....c.......
0 ..fc.cc.........c...
1 ..............cc....
2 ....c........c...c..
3 ...cc.c.............
4 ....................
5 ....c.c.......c.....
6 c.c.........f.......
7 .......c.......cc...
8 .c............c.c...
9 ....c..c..f........c

Turn = 80.
  01234567890123456789
0 c.................c.
1 ....................
2 c..............c....
3 ..c.................
4 ..c.c...............
5 c.....c.............
6 ......c.....c.....c.
7 ...f.....c..c..c....
8 ..................cc
9 ....c.c.............
0 ..fc...cc......c....
1 ...cc......c....c...
2 ..........c..c......
3 ..c.........c.......
4 ..c...............c.
5 c...................
6 ......cc....f.c.....
7 ...c................
8 .....c.c..........c.
9 ....cc....f...c..cc.

Turn = 100.
  01234567890123456789
0 ..............c..c..
1 ....................
2 c...................
3 .c.c................
4 c...................
5 .............c......
6 c...c.........c.....
7 ...f.c..c.c...c.....
8 ......ccc.........c.
9 ......c...........c.
0 .c.c................
1 .....c..............
2 cc.c...........ccc..
3 ..........c.........
4 ...........c..c...c.
5 ....................
6 ....c......cf.......
7 ....c.cc.....c.....c
8 .c..c...............
9 ..cc.c....f.....c..c

Turn = 120.
  01234567890123456789
0 .............c......
1 ....................
2 .c.............c....
3 .c..................
4 ....................
5 c.c....c..c...c.....
6 .c..c...............
7 ...f........c.......
8 .........c.........c
9 ..c.c.c....c........
0 ...c.cc.c....c....c.
1 .c...............c..
2 ....................
3 ..c.......c..c......
4 ....................
5 ..........c.c.......
6 .........c..f..c....
7 .ccc.c.......cc.c.cc
8 ...c.c....c.........
9 ....c....c........c.

Turn = 140.
  01234567890123456789
0 ...........c........
1 ...c................
2 ..................c.
3 ....................
4 ........c...........
5 .ccc....c.c..c....c.
6 ....................
7 .c.cc.c.........c...
8 c....c..............
9 ..c....c...c.......c
0 ....................
1 ...cc..c............
2 ....c.......c.....c.
3 ..........c.........
4 ..........c.........
5 .cc.......c...c.c...
6 .......c.c..f......c
7 ......c...c........c
8 .....c........cc....
9 c.c.c...c..........c

Turn = 160.
  01234567890123456789
0 ......c.............
1 ............c......c
2 ............c.......
3 .......c............
4 ....................
5 ...c.c..............
6 cc......c....c..c...
7 ..c....cc..........c
8 ..c....c............
9 ...c....cc.......c..
0 .....c..............
1 ...c.c..............
2 ...........cc.......
3 ...c................
4 .c..c..c..c.........
5 .....c.c.......c....
6 ............f.....c.
7 .....c.............c
8 ...c..c.....c......c
9 .cc....cc...ccc.....

Turn = 180.
  01234567890123456789
0 ....................
1 ....................
2 ....c..c.....c......
3 ....................
4 ..............c.....
5 ............c.....c.
6 .cc.................
7 .c...ccc...c.....c..
8 ...c...c............
9 ...c..............cc
0 ....c..c............
1 ...c.....c..........
2 .......c............
3 c..........cc.......
4 ...c......c.c.....c.
5 ....c...c...cc....c.
6 ....cc..............
7 ........c........cc.
8 ....cc.c............
9 c.c...cc......cc....

*** Darwin 20x20 ***
Turn = 0.
  01234567890123456789
0 ......c.....c.......
1 ......c.........c...
2 .c.......c..........
3 ....................
4 ........cc.......c.c
5 ..c..c..............
6 ...r.cc.............
7 ...c...cc...........
8 ........c...........
9 c.c...c...........c.
0 ..cc...........c....
1 ......c.............
2 ......c....c.....c..
3 ...............rcc..
4 .......c...c........
5 .c.................c
6 .......cc.c.cc......
7 .c...............c..
8 ...c..........c..c..
9 .c.c....c.c.........

Turn = 20.
  01234567890123456789
0 .........c..........
1 ..c......c.........c
2 .....c............r.
3 ....................
4 ......cc............
5 r....c...c........c.
6 .....c..............
7 r...c....c..........
8 cc.c.....c....r...r.
9 .......c.........c..
0 .........c..........
1 ....c.c.c...........
2 ......c.........c..c
3 ......c........c...r
4 c.......c....c......
5 ...cc......cc.......
6 .................r..
7 .........c..........
8 c..c.........cc.....
9 .c.......c....c....c

Turn = 40.
  01234567890123456789
0 ....r..r...r.r......
1 ...........r..r.....
2 ...r................
3 ..c....r..r.........
4 .............r......
5 ....r.r.............
6 .r......rr..........
7 .r.................r
8 ....................
9 r.....c.c......c....
0 ....................
1 ...c....c.....c.....
2 ...c..cc............
3 ..c..cc.crr...c.....
4 .............cc.....
5 .........cc.........
6 ............cc...c.c
7 ...................c
8 .c.....c..c.........
9 .rc......rr.........

Turn = 60.
  01234567890123456789
0 ...........r.r...r..
1 ....................
2 cc......r...........
3 ....c...r....r......
4 ....................
5 ....................
6 ....................
7 ...ccr............r.
8 ....................
9 r...................
0 c..r.......r..c...r.
1 ...........r..c.cr.r
2 .........r..........
3 r..........r....r.rr
4 .rr.........r....r..
5 r...................
6 cr..........c......r
7 r...............r...
8 r.r.r....r....r...cr
9 ....r....r...c......

Turn = 80.
  01234567890123456789
0 ...r......rr.....rr.
1 .rc.................
2 ..c....c............
3 .........r..........
4 c.......r...........
5 ..c............r....
6 ..........r.......r.
7 .r.rr..............r
8 ..r......r..........
9 .....c.............r
0 ......r...r........r
1 .................r.r
2 ...............r....
3 .................rr.
4 .......r....r......r
5 ........r....rr....r
6 r................r..
7 ..r........rr....r..
8 ..........r....r.r..
9 r..........rr.......

Turn = 100.
  01234567890123456789
0 r.rr....r...........
1 ....................
2 r..................r
3 .......r....rrr.....
4 ......r..r.r..rr....
5 .....r..r......r..r.
6 ..r..............rr.
7 rr...cr.....r.r.r...
8 ...........r........
9 ..r.......r.........
0 ....................
1 .........r..........
2 .......r..r.........
3 r...rr...........r..
4 rr..................
5 r....r..............
6 .........r.r........
7 rr..................
8 ....................
9 r.......r........rr.

Turn = 120.
  01234567890123456789
0 rr..rr....r..r.....r
1 ....................
2 r.............r..r..
3 ....r........r......
4 .r...........r......
5 r...................
6 rr..r.....r.........
7 ....................
8 ..........r.........
9 .r...........r......
0 rr..r...............
1 rr.....r............
2 ..............r.....
3 .rr............r...r
4 ....r...............
5 ...r................
6 .rr.................
7 r..r................
8 ...............rr.rr
9 r.rr..r.r......rr..r

*** Darwin 5x5 ***
Turn = 0.
  01234
0 w....
1 .....
2 .....
3 .....
4 ....c

Turn = 1.
  01234
0 .....
1 w....
2 .....
3 .....
4 ....c

Turn = 2.
  01234
0 .....
1 .....
2 w....
3 .....
4 ....c

Turn = 3.
  01234
0 .....
1 .....
2 w....
3 .....
4 ....c

Turn = 4.
  01234
0 .....
1 .....
2 w....
3 .....
4 ....c

Turn = 5.
  01234
0 .....
1 .....
2 .....
3 w....
4 ....c

Turn = 6.
  01234
0 .....
1 .....
2 .....
3 w....
4 ....c

Turn = 7.
  01234
0 .....
1 .....
2 .....
3 w....
4 ....c

Turn = 8.
  01234
0 .....
1 .....
2 .....
3 w....
4 ....c

Turn = 9.
  01234
0 .....
1 .....
2 .....
3 w....
4 ....c

Turn = 10.
  01234
0 .....
1 .....
2 .....
3 w....
4 ....c

Turn = 11.
  01234
0 .....
1 .....
2 w....
3 .....
4 ....c

Turn = 12.
  01234
0 .....
1 .....
2 w....
3 .....
4 ....c

Turn = 13.
  01234
0 .....
1 .....
2 w....
3 .....
4 ....c

Turn = 14.
  01234
0 .....
1 .....
2 w....
3 .....
4 ....c

Turn = 15.
  01234
0 .....
1 w....
2 .....
3 .....
4 ....c

Turn = 16.
  01234
0 .....
1 w....
2 .....
3 .....
4 ....c

Turn = 17.
  01234
0 .....
1 w....
2 .....
3 .....
4 ....c

Turn = 18.
  01234
0 .....
1 .....
2 w....
3 .....
4 ....c

Turn = 19.
  01234
0 .....
1 .....
2 w....
3 .....
4 ....c

Turn = 20.
  01234
0 .....
1 .....
2 .w...
3 .....
4 ....c

Turn = 21.
  01234
0 .....
1 .....
2 ..w..
3 .....
4 ....c

Turn = 22.
  01234
0 .....
1 .....
2 ..w..
3 .....
4 ....c

Turn = 23.
  01234
0 .....
1 ..w..
2 .....
3 .....
4 ....c

Turn = 24.
  01234
0 .....
1 ..w..
2 .....
3 .....
4 ....c

Turn = 25.
  01234
0 .....
1 ..w..
2 .....
3 .....
4 ....c

Turn = 26.
  01234
0 ..w..
1 .....
2 .....
3 ....c
4 .....

Turn = 27.
  01234
0 ..w..
1 .....
2 .....
3 ....c
4 .....

Turn = 28.
  01234
0 ..w..
1 .....
2 .....
3 ....c
4 .....

Turn = 29.
  01234
0 .....
1 ..w..
2 .....
3 ...c.
4 .....

Turn = 30.
  01234
0 .....
1 ..w..
2 .....
3 ...c.
4 .....

Turn = 31.
  01234
0 .....
1 ..w..
2 ...c.
3 .....
4 .....

Turn = 32.
  01234
0 .....
1 ..wc.
2 .....
3 .....
4 .....

Turn = 33.
  01234
0 .....
1 .w.c.
2 .....
3 .....
4 .....

Turn = 34.
  01234
0 .....
1 .w.c.
2 .....
3 .....
4 .....

Turn = 35.
  01234
0 .....
1 ...c.
2 .w...
3 .....
4 .....

Turn = 36.
  01234
0 .....
1 ...c.
2 .....
3 .w...
4 .....

Turn = 37.
  01234
0 .....
1 ...c.
2 .....
3 .....
4 .w...

Turn = 38.
  01234
0 .....
1 ...c.
2 .....
3 .....
4 .w...

Turn = 39.
  01234
0 .....
1 ...c.
2 .....
3 .....
4 .w...

Turn = 40.
  01234
0 .....
1 ...c.
2 .....
3 .....
4 .w...

Turn = 41.
  01234
0 .....
1 ...c.
2 .....
3 .w...
4 .....

Turn = 42.
  01234
0 .....
1 ...c.
2 .....
3 .w...
4 .....

Turn = 43.
  01234
0 .....
1 ...c.
2 .....
3 ..w..
4 .....

Turn = 44.
  01234
0 .....
1 ...c.
2 .....
3 ..w..
4 .....

Turn = 45.
  01234
0 .....
1 ...c.
2 ..w..
3 .....
4 .....

Turn = 46.
  01234
0 .....
1 ...c.
2 ..w..
3 .....
4 .....

Turn = 47.
  01234
0 .....
1 ...c.
2 ..w..
3 .....
4 .....

Turn = 48.
  01234
0 .....
1 .....
2 ..wc.
3 .....
4 .....

Turn = 49.
  01234
0 .....
1 .....
2 ..ww.
3 .....
4 .....

