*** Darwin 4x45 ***
Turn = 0.
  012345678901234567890123456789012345678901234
0 .............t.........f.......h.............
1 .f...f.f...t...f.h......f.h.ht.r....r.....h..
2 .r............rtt......f..rf....ft...h.......
3 .........t....h.....r..r...hf.........r......

Turn = 1.
  012345678901234567890123456789012345678901234
0 .............t.........f.......rh.........h..
1 .f...f.f...t..rt..h.....fhrh.t...............
2 r..............tt......f...f....ft..r........
3 .........t.....h.....rr....hf........h.r.....

Turn = 2.
  012345678901234567890123456789012345678901234
0 .............tr........f..r....r.h........h..
1 .f...f.f...t...t...h....fhh..t...............
2 r..............tt......f...f....ft...........
3 .........t......h....rr....hf.......rh..r....

Turn = 3.
  012345678901234567890123456789012345678901234
0 .............tr........f..r.....r.h.......h..
1 .f...f.f...t...t....h...fhh..t...............
2 ...............tt....r.f...f....tt...........
3 r........t......t.....r....hf.......rh...r...

Turn = 4.
  012345678901234567890123456789012345678901234
0 .............tt........f.r.......r.h......h..
1 .f...f.f...t...t.....r..fhh..t...............
2 ...............tt....r.f...f....tt...........
3 r........t......t....r.....hf......r.h....r..

Turn = 5.
  012345678901234567890123456789012345678901234
0 .............tt........fr.........r.h.....h..
1 .f...f.f...t...t.....rr.fhh..t...............
2 ...............tt......f...f....tt...........
3 .r.......t......t...r......hf.....r..h.....r.

Turn = 6.
  012345678901234567890123456789012345678901234
0 .............tt......r.rr..........r.h....h..
1 .f...f.f...t...t.......rfhh..t...............
2 ...............tt......f...f....tt...........
3 ..r......t......t..r.......hf....r...h......r

Turn = 7.
  012345678901234567890123456789012345678901234
0 .............tt......rrr............r.h...h..
1 .f...f.f...t...t.......rhh...t...............
2 ...............tt......fr..f....tt...........
3 ...r.....t......t.r........hf...r....h......r

Turn = 8.
  012345678901234567890123456789012345678901234
0 .............tt......rrr.............r.h..h..
1 .f...f.f...t...t.......rrh...t...............
2 ...............tt......f...f....tt..........r
3 ....r....t......tr......r..hf..r.....h.......

Turn = 9.
  012345678901234567890123456789012345678901234
0 .............tt......r.rr.............r.h.h..
1 .f...f.f...t...t......rrh....t..............r
2 ...............tt......f...f....tt...........
3 .....r...t......rr......r..hf.r......h.......

Turn = 10.
  012345678901234567890123456789012345678901234
0 .............tt.....r..rr..............r.hh.r
1 .f...f.f...t...t.......rh....t...............
2 ...............tt.....rf...f....tt...........
3 ......r..t......rr.......r.hfr.......h.......

*** Darwin 45x4 ***
Turn = 0.
  0123
0 ....
1 ....
2 ....
3 .t..
4 ....
5 ...f
6 ....
7 ...h
8 ....
9 ....
0 ....
1 ..f.
2 ..f.
3 f...
4 t...
5 f.h.
6 ....
7 .f.h
8 .ht.
9 r...
0 .r..
1 ...h
2 ...r
3 ....
4 ....
5 ....
6 rtt.
7 ....
8 .f..
9 rf..
0 ..ft
1 ...h
2 ....
3 ....
4 ....
5 ....
6 t...
7 .h..
8 ...r
9 ..r.
0 ..hf
1 ....
2 ....
3 .r..
4 ....

Turn = 1.
  0123
0 ....
1 ....
2 ....
3 .t..
4 ....
5 ...f
6 ....
7 ...h
8 ....
9 ....
0 ....
1 ..f.
2 ..f.
3 t...
4 t...
5 f..h
6 ....
7 .fh.
8 r.t.
9 r...
0 ...h
1 .r..
2 ..r.
3 ....
4 ....
5 r...
6 .tt.
7 ....
8 rf..
9 .f..
0 ..ft
1 ....
2 ...h
3 ....
4 ....
5 ....
6 t...
7 ..h.
8 ...r
9 .r..
0 ..hf
1 ....
2 ....
3 ..r.
4 ....

Turn = 2.
  0123
0 ....
1 ....
2 ....
3 .t..
4 ....
5 ...f
6 ....
7 ...h
8 ....
9 ....
0 ....
1 ..f.
2 ..f.
3 t...
4 t...
5 f..h
6 ....
7 .fh.
8 r.t.
9 r..h
0 ....
1 ....
2 .rr.
3 ....
4 r...
5 ....
6 .tt.
7 r...
8 .f..
9 .f..
0 ..ft
1 ....
2 ....
3 ...h
4 ....
5 ....
6 t...
7 ...h
8 ....
9 r..r
0 ..hf
1 ....
2 ....
3 ...r
4 ....

Turn = 3.
  0123
0 ....
1 ....
2 ....
3 .t..
4 ....
5 ...f
6 ....
7 ...h
8 ....
9 ....
0 ....
1 ..f.
2 ..f.
3 t...
4 t...
5 f..h
6 ....
7 .ft.
8 r.th
9 r...
0 ....
1 ....
2 ....
3 rrr.
4 ....
5 ....
6 rtt.
7 ....
8 .f..
9 .f..
0 ..tt
1 ....
2 ....
3 ....
4 ...h
5 ....
6 t...
7 ...h
8 ....
9 r..r
0 ..rr
1 ....
2 ....
3 ...r
4 ....

Turn = 4.
  0123
0 ....
1 ....
2 ....
3 .t..
4 ....
5 ...f
6 ....
7 ...h
8 ....
9 ....
0 ....
1 ..f.
2 ..f.
3 t...
4 t...
5 t..h
6 ....
7 .tth
8 .rt.
9 ....
0 r...
1 ....
2 r...
3 ....
4 .rr.
5 r...
6 .tt.
7 ....
8 .f..
9 .f..
0 ..tt
1 ....
2 ....
3 ....
4 ....
5 ...h
6 t...
7 ...h
8 r...
9 ...r
0 ..rr
1 ....
2 ....
3 ....
4 ...r

Turn = 5.
  0123
0 ....
1 ....
2 ....
3 .t..
4 ....
5 ...f
6 ....
7 ...h
8 ....
9 ....
0 ....
1 ..f.
2 ..f.
3 t...
4 t...
5 t..h
6 ...h
7 .tt.
8 .rr.
9 ....
0 ....
1 r...
2 r...
3 ....
4 r...
5 .tt.
6 .tt.
7 ....
8 .f..
9 .f..
0 ..tt
1 ....
2 ....
3 ....
4 ....
5 ....
6 t..h
7 r..h
8 ....
9 ...r
0 ....
1 ..rr
2 ....
3 ....
4 ...r

Turn = 6.
  0123
0 ....
1 ....
2 ....
3 .t..
4 ....
5 ...f
6 ....
7 ...h
8 ....
9 ....
0 ....
1 ..f.
2 ..f.
3 t...
4 t...
5 t..h
6 ...h
7 .tt.
8 .r..
9 ..r.
0 ....
1 r...
2 r...
3 r...
4 ....
5 .tt.
6 .tt.
7 ....
8 .f..
9 .f..
0 ..tt
1 ....
2 ....
3 ....
4 ....
5 ....
6 r..h
7 r..h
8 ...r
9 ....
0 ....
1 ....
2 ..rr
3 ....
4 ..r.

Turn = 7.
  0123
0 ....
1 ....
2 ....
3 .t..
4 ....
5 ...f
6 ....
7 ...h
8 ....
9 ....
0 ....
1 ..f.
2 ..f.
3 t...
4 t...
5 t..h
6 ...h
7 .tt.
8 .t..
9 ....
0 ..r.
1 .r..
2 r...
3 r...
4 ....
5 .tt.
6 .tt.
7 ....
8 .f..
9 .f..
0 ..tt
1 ....
2 ....
3 ....
4 ....
5 r...
6 r..h
7 ...r
8 ...r
9 ....
0 ....
1 ....
2 ....
3 ..rr
4 .r..

Turn = 8.
  0123
0 ....
1 ....
2 ....
3 .t..
4 ....
5 ...f
6 ....
7 ...h
8 ....
9 ....
0 ....
1 ..f.
2 ..f.
3 t...
4 t...
5 t..h
6 ...h
7 .tt.
8 .t..
9 ....
0 ....
1 .rr.
2 .r..
3 r...
4 ....
5 .tt.
6 .tt.
7 ....
8 .f..
9 .f..
0 ..tt
1 ....
2 ....
3 ....
4 r...
5 r...
6 ...h
7 ...r
8 ...r
9 ....
0 ....
1 ....
2 ....
3 ....
4 r.rr

Turn = 9.
  0123
0 ....
1 ....
2 ....
3 .t..
4 ....
5 ...f
6 ....
7 ...h
8 ....
9 ....
0 ....
1 ..f.
2 ..f.
3 t...
4 t...
5 t..h
6 ...h
7 .tt.
8 .t..
9 ....
0 ....
1 .r..
2 rrr.
3 ....
4 ....
5 .tt.
6 .tt.
7 ....
8 .f..
9 .f..
0 ..tt
1 ....
2 ....
3 r...
4 r...
5 ....
6 ...r
7 ...r
8 ..r.
9 ....
0 ....
1 ....
2 ....
3 ....
4 r.rr

Turn = 10.
  0123
0 ....
1 ....
2 ....
3 .t..
4 ....
5 ...f
6 ....
7 ...h
8 ....
9 ....
0 ....
1 ..f.
2 ..f.
3 t...
4 t...
5 t..h
6 ...h
7 .tt.
8 .t..
9 ....
0 ....
1 r.r.
2 ....
3 .rr.
4 ....
5 .tt.
6 .tt.
7 ....
8 .f..
9 .f..
0 ..tt
1 ....
2 r...
3 r...
4 ....
5 ....
6 ...r
7 ...r
8 .r..
9 ....
0 ....
1 ....
2 ....
3 r...
4 .r.r

*** Darwin 4x4 ***
Turn = 0.
  0123
0 tfff
1 frhf
2 rffh
3 fhh.

Turn = 1.
  0123
0 trff
1 rrhf
2 rffh
3 fhh.

Turn = 2.
  0123
0 trrr
1 rrhf
2 rffh
3 fhh.

Turn = 3.
  0123
0 trrr
1 tthf
2 rffh
3 fhh.

Turn = 4.
  0123
0 trrr
1 rthr
2 ttrr
3 fhh.

Turn = 5.
  0123
0 rtrr
1 tthr
2 trrr
3 fhh.

Turn = 6.
  0123
0 trrr
1 trrr
2 trr.
3 frhr

Turn = 7.
  0123
0 tttr
1 tttr
2 trr.
3 rrrr

Turn = 8.
  0123
0 tttr
1 ttrr
2 trr.
3 rrrr

Turn = 9.
  0123
0 ttrt
1 ttrr
2 trrr
3 tt.r

Turn = 10.
  0123
0 ttrr
1 ttrr
2 trrr
3 ttr.

*** Darwin 13x30 ***
Turn = 0.
  012345678901234567890123456789
0 ..f..........f................
1 ...t...................f......
2 .h............tt.....r........
3 .r...r........................
4 .......h......r.r.............
5 ..............................
6 .............t................
7 ............h.t........f..rh.h
8 ....................f........h
9 ........r....h.............f..
0 ..h.........t...t.....f.t.t...
1 .........f....................
2 f.r........h..t.f.............

Turn = 1.
  012345678901234567890123456789
0 ..f..........f................
1 ...t...................f......
2 ..h...........tt..............
3 r.....r.......r.r....r........
4 ..............................
5 .......h......................
6 .............t............rh..
7 .............ht........f.....h
8 ....................f........h
9 .......r....t..............f..
0 ...h........t...t.....f.t.t...
1 .........f....................
2 f..r......h...t.f.............

Turn = 2.
  012345678901234567890123456789
0 ..f..........f................
1 ...t...................f......
2 ...h..........ttr.............
3 r......r......t...............
4 .....................r........
5 ..........................rh..
6 .......h.....t................
7 .............ht........f.....h
8 ....................f........h
9 ......r.....t..............f..
0 ....h.......t...t.....f.t.t...
1 .........f....................
2 f...r....h....t.f.............

Turn = 3.
  012345678901234567890123456789
0 ..f..........f................
1 ...t............r......f......
2 r...h.........tt..............
3 ........r.....t...............
4 ..........................rh..
5 .....................r........
6 .............t................
7 .......h.....tt........f.....h
8 ....................f........h
9 .....r......t..............f..
0 .....h......t...t.....f.t.t...
1 .........f....................
2 f....r..h.....t.f.............

Turn = 4.
  012345678901234567890123456789
0 ..f..........f..r.............
1 r..t...................f......
2 .....h........tt..............
3 .........r....t...........rh..
4 ..............................
5 ..............................
6 .............t.......r........
7 .............tt........f.....h
8 .......h............f........h
9 ....r.......t..............f..
0 ......h.....t...t.....f.t.t...
1 .........f....................
2 f.....rh......t.f.............

Turn = 5.
  012345678901234567890123456789
0 r.f..........f..r.............
1 ...t...................f......
2 ......h.......tt..........rh..
3 ..........r...t...............
4 ..............................
5 ..............................
6 .............t................
7 .............tt......r.f.....h
8 ....................f........h
9 ...r...h....t..............f..
0 .......h....t...t.....f.t.t...
1 .........f....................
2 f.....rr......t.f.............

Turn = 6.
  012345678901234567890123456789
0 r.f..........f.r..............
1 ...t...................f..rh..
2 .......h......tt..............
3 ...........r..t...............
4 ..............................
5 ..............................
6 .............t................
7 .............tt........f.....h
8 ....................fr.......h
9 ..r....h....t..............f..
0 ........h...t...t.....f.t.t...
1 .........f....................
2 f.....rr......t.f.............

Turn = 7.
  012345678901234567890123456789
0 r.f..........fr...........rh..
1 ...t...................f......
2 ........h.....tt..............
3 ............r.t...............
4 ..............................
5 ..............................
6 .............t................
7 .............tt........f.....h
8 ....................f........h
9 .r..........t........r.....f..
0 .......h.h..t...t.....f.t.t...
1 ......r..f....................
2 f.......r.....t.f.............

Turn = 8.
  012345678901234567890123456789
0 r.f..........rr...........rh..
1 ...t...................f......
2 .........h....tt..............
3 .............rt...............
4 ..............................
5 ..............................
6 .............t................
7 .............tt........f.....h
8 ....................f........h
9 r...........t..............f..
0 ......r...h.t...t....rf.t.t...
1 .......h.f....................
2 f........r....t.f.............

Turn = 9.
  012345678901234567890123456789
0 .rf..........rr..........r.h..
1 ...t...................f......
2 ..........h...tt..............
3 .............r.r..............
4 ..............................
5 ..............................
6 .............t................
7 .............tt........f.....h
8 ....................f........h
9 r.....r.....t..............f..
0 ...........ht...t.....f.t.t...
1 .........f...........r........
2 f......h..r...t.f.............

Turn = 10.
  012345678901234567890123456789
0 .r.t....................r..h..
1 ...t.........rr........f......
2 ...........h..tt..............
3 ..............r.r.............
4 ..............................
5 ..............................
6 .............t................
7 .............tt........f.....h
8 ......r.............f........h
9 ............t..............f..
0 r..........ht...t.....f.t.t...
1 .........f....................
2 f......h...r..t.f....r........

