*** Darwin 8x8 ***
turn = 0
  01234567
0 f.......
1 ........
2 ........
3 ...hh...
4 ...hh...
5 ........
6 ........
7 .......f

turn = 1
  01234567
0 f.......
1 ........
2 ...h....
3 .....h..
4 ..h.....
5 ....h...
6 ........
7 .......f

turn = 2
  01234567
0 f.......
1 ...h....
2 ........
3 ......h.
4 .h......
5 ........
6 ....h...
7 .......f

turn = 3
  01234567
0 f..h....
1 ........
2 ........
3 .......h
4 h.......
5 ........
6 ........
7 ....h..f

turn = 4
  01234567
0 f..h....
1 ........
2 ........
3 .......h
4 h.......
5 ........
6 ........
7 ....h..f

turn = 5
  01234567
0 f..h....
1 ........
2 ........
3 .......h
4 h.......
5 ........
6 ........
7 ....h..f


*** Darwin 7x9 ***
turn = 0
  012345678
0 t........
1 .........
2 .........
3 ..h......
4 .........
5 ....r....
6 ........t

turn = 1
  012345678
0 t........
1 .........
2 .........
3 ...h.....
4 ....r....
5 .........
6 ........t

turn = 2
  012345678
0 t........
1 .........
2 .........
3 ....r....
4 ....r....
5 .........
6 ........t

turn = 3
  012345678
0 t........
1 .........
2 .........
3 ....rr...
4 .........
5 .........
6 ........t

turn = 4
  012345678
0 t........
1 .........
2 ....r....
3 ......r..
4 .........
5 .........
6 ........t

turn = 5
  012345678
0 t........
1 ....r....
2 .........
3 .......r.
4 .........
5 .........
6 ........t


*** Darwin 20x20 Test ***
*** eshabanov ***
Turn = 0.
  01234567890123456789
0 ...........f........
1 ....................
2 ....................
3 ..f.................
4 ....................
5 ....................
6 ....................
7 r...................
8 ...h...f............
9 ..fh..h......h......
0 ....................
1 ....................
2 .........h..........
3 ....................
4 ..........h.........
5 ....................
6 ....................
7 ....................
8 ..h.........r....h..
9 ....................

Turn = 1.
  01234567890123456789
0 ...........f........
1 ....................
2 ....................
3 ..f.................
4 ....................
5 ....................
6 ....................
7 .r..................
8 ....h..f............
9 ..f.hh..............
0 .............h......
1 .........h..........
2 ....................
3 ....................
4 ....................
5 ..........h.........
6 ....................
7 ....................
8 ...........r........
9 ..h..............h..

Turn = 2.
  01234567890123456789
0 ...........f........
1 ....................
2 ....................
3 ..f.................
4 ....................
5 ....................
6 ....................
7 ..r.................
8 .....h.f............
9 ..f.hh..............
0 .........h..........
1 .............h......
2 ....................
3 ....................
4 ....................
5 ....................
6 ..........h.........
7 ....................
8 ..........r.........
9 ..h..............h..

Turn = 3.
  01234567890123456789
0 ...........f........
1 ....................
2 ....................
3 ..f.................
4 ....................
5 ....................
6 ....................
7 ...r................
8 ......hf............
9 ..f.hh...h..........
0 ....................
1 ....................
2 .............h......
3 ....................
4 ....................
5 ....................
6 ....................
7 ..........h.........
8 .........r..........
9 ..h..............h..

Turn = 4.
  01234567890123456789
0 ...........f........
1 ....................
2 ....................
3 ..f.................
4 ....................
5 ....................
6 ....................
7 ....r...............
8 ......hf.h..........
9 ..f.hh..............
0 ....................
1 ....................
2 ....................
3 .............h......
4 ....................
5 ....................
6 ....................
7 ....................
8 ........r.h.........
9 ..h..............h..


*** Rover Skinny Board 8x1 ***
*** davismc ***
Turn = 0.
  01234567
0 ...r....

Turn = 10.
  01234567
0 .....r..

Turn = 20.
  01234567
0 ...r....

Turn = 30.
  01234567
0 ...r....

Turn = 40.
  01234567
0 .....r..

Turn = 50.
  01234567
0 .......r

Turn = 60.
  01234567
0 .r......

Turn = 70.
  01234567
0 .......r

Turn = 80.
  01234567
0 .r......

Turn = 90.
  01234567
0 .......r

Turn = 100.
  01234567
0 r.......


*** Darwin 1x20 ***
*** rj2339 ***
Turn = 0
  01234567890123456789
0 hh..hhh.h...h...hhhr

Turn = 1
  01234567890123456789
0 hh.h.hh..h...h.hhh.r

Turn = 2
  01234567890123456789
0 hhh..hh...h...hhhh.r

Turn = 3
  01234567890123456789
0 hhh..hh....h..hhhh.r

Turn = 4
  01234567890123456789
0 hhh..hh.....h.hhhh.r

Turn = 5
  01234567890123456789
0 hhh..hh......hhhhh.r

Turn = 6
  01234567890123456789
0 hhh..hh......hhhhhr.

Turn = 7
  01234567890123456789
0 hhh..hh......hhhhrr.

Turn = 8
  01234567890123456789
0 hhh..hh......hhhrrr.

Turn = 9
  01234567890123456789
0 hhh..hh......hhrrrr.


*** Darwin 3x3 ***
*** jokvar ***
Turn = 0.
  012
0 fff
1 ftf
2 fff

Turn = 1.
  012
0 ftf
1 ftf
2 fff

Turn = 2.
  012
0 ttf
1 ftf
2 fff

Turn = 3.
  012
0 ttf
1 ttf
2 tff

Turn = 4.
  012
0 ttf
1 ttf
2 ttt

Turn = 5.
  012
0 ttt
1 ttt
2 ttt

Turn = 6.
  012
0 ttt
1 ttt
2 ttt


*** Darwin 11x11 ***
*** ianhays ***
Turn = 0.
  01234567890
0 r.........r
1 .tt........
2 .tt........
3 ...........
4 ...........
5 ...........
6 ...........
7 ...........
8 ...........
9 ...........
0 ...........

Turn = 1.
  01234567890
0 .r.......r.
1 .tt........
2 .tt........
3 ...........
4 ...........
5 ...........
6 ...........
7 ...........
8 ...........
9 ...........
0 ...........

Turn = 2.
  01234567890
0 ..t.....r..
1 .tt........
2 .tt........
3 ...........
4 ...........
5 ...........
6 ...........
7 ...........
8 ...........
9 ...........
0 ...........

Turn = 3.
  01234567890
0 ..t....r...
1 .tt........
2 .tt........
3 ...........
4 ...........
5 ...........
6 ...........
7 ...........
8 ...........
9 ...........
0 ...........

Turn = 4.
  01234567890
0 ..t...r....
1 .tt........
2 .tt........
3 ...........
4 ...........
5 ...........
6 ...........
7 ...........
8 ...........
9 ...........
0 ...........

Turn = 5.
  01234567890
0 ..t..r.....
1 .tt........
2 .tt........
3 ...........
4 ...........
5 ...........
6 ...........
7 ...........
8 ...........
9 ...........
0 ...........

Turn = 6.
  01234567890
0 ..t.r......
1 .tt........
2 .tt........
3 ...........
4 ...........
5 ...........
6 ...........
7 ...........
8 ...........
9 ...........
0 ...........

Turn = 7.
  01234567890
0 ..tr.......
1 .tt........
2 .tt........
3 ...........
4 ...........
5 ...........
6 ...........
7 ...........
8 ...........
9 ...........
0 ...........

Turn = 8.
  01234567890
0 ..rr.......
1 .tt........
2 .tt........
3 ...........
4 ...........
5 ...........
6 ...........
7 ...........
8 ...........
9 ...........
0 ...........

Turn = 9.
  01234567890
0 .rr........
1 .tt........
2 .tt........
3 ...........
4 ...........
5 ...........
6 ...........
7 ...........
8 ...........
9 ...........
0 ...........

Turn = 10.
  01234567890
0 rr.........
1 .tt........
2 .tt........
3 ...........
4 ...........
5 ...........
6 ...........
7 ...........
8 ...........
9 ...........
0 ...........

Turn = 11.
  01234567890
0 rt.........
1 .tt........
2 .tt........
3 ...........
4 ...........
5 ...........
6 ...........
7 ...........
8 ...........
9 ...........
0 ...........

Turn = 12.
  01234567890
0 rt.........
1 .tt........
2 .tt........
3 ...........
4 ...........
5 ...........
6 ...........
7 ...........
8 ...........
9 ...........
0 ...........

Turn = 13.
  01234567890
0 r.r........
1 .tt........
2 .tt........
3 ...........
4 ...........
5 ...........
6 ...........
7 ...........
8 ...........
9 ...........
0 ...........

Turn = 14.
  01234567890
0 .r.r.......
1 .tt........
2 .tt........
3 ...........
4 ...........
5 ...........
6 ...........
7 ...........
8 ...........
9 ...........
0 ...........

Turn = 15.
  01234567890
0 ..t.r......
1 .tt........
2 .tt........
3 ...........
4 ...........
5 ...........
6 ...........
7 ...........
8 ...........
9 ...........
0 ...........

Turn = 16.
  01234567890
0 ..t..r.....
1 .tt........
2 .tt........
3 ...........
4 ...........
5 ...........
6 ...........
7 ...........
8 ...........
9 ...........
0 ...........

Turn = 17.
  01234567890
0 ..t...r....
1 .tt........
2 .tt........
3 ...........
4 ...........
5 ...........
6 ...........
7 ...........
8 ...........
9 ...........
0 ...........

Turn = 18.
  01234567890
0 ..t....r...
1 .tt........
2 .tt........
3 ...........
4 ...........
5 ...........
6 ...........
7 ...........
8 ...........
9 ...........
0 ...........

Turn = 19.
  01234567890
0 ..t.....r..
1 .tt........
2 .tt........
3 ...........
4 ...........
5 ...........
6 ...........
7 ...........
8 ...........
9 ...........
0 ...........

Turn = 20.
  01234567890
0 ..t......r.
1 .tt........
2 .tt........
3 ...........
4 ...........
5 ...........
6 ...........
7 ...........
8 ...........
9 ...........
0 ...........



