*** Darwin 1x20 Buffet ***
    Turn: 0
   01234567890123456789

0  ffffffffffffffffffft


    Turn: 1
   01234567890123456789

0  fffffffffffffffffftt


    Turn: 2
   01234567890123456789

0  fffffffffffffffffftt


    Turn: 3
   01234567890123456789

0  fffffffffffffffffftt


    Turn: 4
   01234567890123456789

0  fffffffffffffffffftt


    Turn: 5
   01234567890123456789

0  fffffffffffffffffttt


    Turn: 6
   01234567890123456789

0  fffffffffffffffffttt


    Turn: 7
   01234567890123456789

0  fffffffffffffffffttt


    Turn: 8
   01234567890123456789

0  fffffffffffffffffttt


    Turn: 9
   01234567890123456789

0  fffffffffffffffftttt


    Turn: 10
   01234567890123456789

0  fffffffffffffffftttt


    Turn: 12
   01234567890123456789

0  fffffffffffffffftttt


    Turn: 16
   01234567890123456789

0  fffffffffffffffttttt


    Turn: 20
   01234567890123456789

0  fffffffffffffftttttt


    Turn: 24
   01234567890123456789

0  fffffffffffffttttttt


    Turn: 28
   01234567890123456789

0  fffffffffffftttttttt


    Turn: 32
   01234567890123456789

0  fffffffffffttttttttt


    Turn: 36
   01234567890123456789

0  fffffffffftttttttttt


    Turn: 40
   01234567890123456789

0  fffffffffttttttttttt


*** Darwin 1x1 Lonely ***
    Turn: 0
   0

0  f


    Turn: 1
   0

0  f


    Turn: 2
   0

0  f


    Turn: 3
   0

0  f


    Turn: 4
   0

0  f


*** Darwin 2x2 Circle ***
    Turn: 0
   01

0  rr
1  r.


    Turn: 1
   01

0  rr
1  .r


    Turn: 2
   01

0  r.
1  rr


    Turn: 3
   01

0  rr
1  r.


    Turn: 4
   01

0  rr
1  .r


    Turn: 5
   01

0  rr
1  .r


    Turn: 6
   01

0  rr
1  .r


    Turn: 7
   01

0  rr
1  r.


    Turn: 8
   01

0  rr
1  r.


*** Darwin 4x4 Gang Fight ***
    Turn: 0
   0123

0  rrrr
1  rrrr
2  tttt
3  tttt


    Turn: 1
   0123

0  rrrr
1  rrrr
2  tttt
3  tttt


    Turn: 2
   0123

0  rrrr
1  rrrr
2  rrrr
3  tttt


    Turn: 3
   0123

0  rrrr
1  rrrr
2  rrrr
3  tttt


    Turn: 4
   0123

0  rrrr
1  rrrr
2  rrrr
3  rrrr


    Turn: 5
   0123

0  rrrr
1  rrrr
2  rrrr
3  rrrr


    Turn: 6
   0123

0  rrrr
1  rrrr
2  rrrr
3  rrrr


    Turn: 7
   0123

0  rrrr
1  rrrr
2  rrrr
3  rrrr


    Turn: 8
   0123

0  rrrr
1  rrrr
2  rrrr
3  rrrr


    Turn: 9
   0123

0  rrrr
1  rrrr
2  rrrr
3  rrrr


    Turn: 10
   0123

0  rrrr
1  rrrr
2  rrrr
3  rrrr


*** Darwin 2x20 Drag Race ***
    Turn: 0
   01234567890123456789

0  h...............ffff
1  r...............ffff


    Turn: 1
   01234567890123456789

0  .h..............ffff
1  .r..............ffff


    Turn: 2
   01234567890123456789

0  ..h.............ffff
1  ..r.............ffff


    Turn: 3
   01234567890123456789

0  ...h............ffff
1  ...r............ffff


    Turn: 4
   01234567890123456789

0  ....h...........ffff
1  ....r...........ffff


    Turn: 5
   01234567890123456789

0  .....h..........ffff
1  .....r..........ffff


    Turn: 6
   01234567890123456789

0  ......h.........ffff
1  ......r.........ffff


    Turn: 7
   01234567890123456789

0  .......h........ffff
1  .......r........ffff


    Turn: 8
   01234567890123456789

0  ........h.......ffff
1  ........r.......ffff


    Turn: 9
   01234567890123456789

0  .........h......ffff
1  .........r......ffff


    Turn: 10
   01234567890123456789

0  ..........h.....ffff
1  ..........r.....ffff


    Turn: 11
   01234567890123456789

0  ...........h....ffff
1  ...........r....ffff


    Turn: 12
   01234567890123456789

0  ............h...ffff
1  ............r...ffff


    Turn: 13
   01234567890123456789

0  .............h..ffff
1  .............r..ffff


    Turn: 14
   01234567890123456789

0  ..............h.ffff
1  ..............r.ffff


    Turn: 15
   01234567890123456789

0  ...............hffff
1  ...............rffff


    Turn: 16
   01234567890123456789

0  ...............hrfff
1  ...............rrfff


    Turn: 17
   01234567890123456789

0  ...............rrfff
1  ...............rrfff


    Turn: 18
   01234567890123456789

0  ...............rrfff
1  ...............rrfff


    Turn: 19
   01234567890123456789

0  ...............rrfff
1  ..............r.rfff


    Turn: 20
   01234567890123456789

0  ..............r.rrff
1  .............r..rrff


