*** Darwin 8x8 ***
Turn = 0
  01234567
0 h......t
1 ........
2 ........
3 ........
4 ........
5 ........
6 ........
7 t......h

Turn = 1
  01234567
0 .......t
1 h.......
2 ........
3 ........
4 ........
5 ........
6 .......h
7 t.......

Turn = 2
  01234567
0 .......t
1 ........
2 h.......
3 ........
4 ........
5 .......h
6 ........
7 t.......

Turn = 3
  01234567
0 .......t
1 ........
2 ........
3 h.......
4 .......h
5 ........
6 ........
7 t.......

Turn = 4
  01234567
0 .......t
1 ........
2 ........
3 .......h
4 h.......
5 ........
6 ........
7 t.......

Turn = 5
  01234567
0 .......t
1 ........
2 .......h
3 ........
4 ........
5 h.......
6 ........
7 t.......

Turn = 6
  01234567
0 .......t
1 .......h
2 ........
3 ........
4 ........
5 ........
6 h.......
7 t.......

Turn = 7
  01234567
0 .......t
1 .......h
2 ........
3 ........
4 ........
5 ........
6 h.......
7 t.......

Turn = 8
  01234567
0 .......t
1 .......t
2 ........
3 ........
4 ........
5 ........
6 t.......
7 t.......

Turn = 9
  01234567
0 .......t
1 .......t
2 ........
3 ........
4 ........
5 ........
6 t.......
7 t.......

*** Darwin 5x5
Turn = 0
  01234
0 ....r
1 .....
2 ...t.
3 .r...
4 h.r..

Turn = 1
  01234
0 .....
1 ....r
2 ...t.
3 ..r..
4 .hr..

Turn = 2
  01234
0 .....
1 .....
2 ...tr
3 ...r.
4 .h.r.

Turn = 3
  01234
0 .....
1 .....
2 ...t.
3 ...tt
4 ..h.r

Turn = 4
  01234
0 .....
1 .....
2 ...t.
3 ...tt
4 ...ht

Turn = 5
  01234
0 .....
1 .....
2 ...t.
3 ...tt
4 ...ht

Turn = 6
  01234
0 .....
1 .....
2 ...t.
3 ...tt
4 ...tt

*** Darwin 3x3 ***
Turn = 0
  012
0 r..
1 .t.
2 ...

Turn = 1
  012
0 .r.
1 .t.
2 ...

Turn = 2
  012
0 ..r
1 .t.
2 ...

Turn = 3
  012
0 ..r
1 .t.
2 ...

Turn = 4
  012
0 ...
1 .tr
2 ...

Turn = 5
  012
0 ...
1 .t.
2 ..r

Turn = 6
  012
0 ...
1 .t.
2 ..r

Turn = 7
  012
0 ...
1 .t.
2 ..r

Turn = 8
  012
0 ...
1 .t.
2 ..r

Turn = 9
  012
0 ...
1 .t.
2 .r.

Turn = 10
  012
0 ...
1 .t.
2 r..

Turn = 11
  012
0 ...
1 .t.
2 r..

Turn = 12
  012
0 ...
1 rt.
2 ...

Turn = 13
  012
0 r..
1 .t.
2 ...

Turn = 14
  012
0 r..
1 .t.
2 ...

Turn = 15
  012
0 .t.
1 .t.
2 ...

