*** Darwin 1x1 ***
Turn = 0
  0
0 h
Turn = 1
  0
0 h
Turn = 2
  0
0 h
*** Darwin 3x3 ***
Turn = 0
  012
0 h..
1 ..h
2 ...
Turn = 1
  012
0 .h.
1 .h.
2 ...
Turn = 2
  012
0 ..h
1 h..
2 ...
Turn = 3
  012
0 ..h
1 h..
2 ...
Turn = 4
  012
0 ..h
1 h..
2 ...
*** Darwin 1x10 ***
Turn = 0
  01
0 h.
1 ..
2 ..
3 .h
4 h.
5 ..
6 ..
7 .h
8 ..
9 r.
Turn = 1
  01
0 .h
1 ..
2 ..
3 h.
4 h.
5 ..
6 ..
7 h.
8 r.
9 ..
Turn = 2
  01
0 .h
1 ..
2 ..
3 h.
4 h.
5 ..
6 ..
7 r.
8 r.
9 ..
Turn = 3
  01
0 .h
1 ..
2 ..
3 h.
4 h.
5 ..
6 ..
7 r.
8 r.
9 ..
Turn = 4
  01
0 .h
1 ..
2 ..
3 h.
4 h.
5 ..
6 r.
7 ..
8 r.
9 ..
Turn = 5
  01
0 .h
1 ..
2 ..
3 h.
4 h.
5 r.
6 ..
7 r.
8 ..
9 ..
Turn = 6
  01
0 .h
1 ..
2 ..
3 h.
4 r.
5 r.
6 r.
7 ..
8 ..
9 ..
Turn = 7
  01
0 .h
1 ..
2 ..
3 h.
4 r.
5 r.
6 r.
7 ..
8 ..
9 ..
Turn = 8
  01
0 .h
1 ..
2 ..
3 r.
4 r.
5 .r
6 .r
7 ..
8 ..
9 ..
Turn = 9
  01
0 .h
1 ..
2 ..
3 r.
4 r.
5 .r
6 .r
7 ..
8 ..
9 ..
*** Darwin 1x20 ***
Turn = 0
  01234567890123456789
0 hh..hhh.h...h...hhhr
Turn = 1
  01234567890123456789
0 hh.h.hh..h...h.hhh.r
Turn = 2
  01234567890123456789
0 hhh..hh...h...hhhh.r
Turn = 3
  01234567890123456789
0 hhh..hh....h..hhhh.r
Turn = 4
  01234567890123456789
0 hhh..hh.....h.hhhh.r
Turn = 5
  01234567890123456789
0 hhh..hh......hhhhh.r
Turn = 6
  01234567890123456789
0 hhh..hh......hhhhhr.
Turn = 7
  01234567890123456789
0 hhh..hh......hhhhrr.
Turn = 8
  01234567890123456789
0 hhh..hh......hhhrrr.
Turn = 9
  01234567890123456789
0 hhh..hh......hhrrrr.
*** Darwin 10x10 ***
Turn = 0
  0123456789
0 h.........
1 .h........
2 .r........
3 ..........
4 ..........
5 ..........
6 ..........
7 ..........
8 ..........
9 ..........
Turn = 1
  0123456789
0 .h........
1 hr........
2 ..........
3 ..........
4 ..........
5 ..........
6 ..........
7 ..........
8 ..........
9 ..........
Turn = 2
  0123456789
0 .rh.......
1 h.........
2 ..........
3 ..........
4 ..........
5 ..........
6 ..........
7 ..........
8 ..........
9 ..........
Turn = 3
  0123456789
0 .r.h......
1 h.........
2 ..........
3 ..........
4 ..........
5 ..........
6 ..........
7 ..........
8 ..........
9 ..........
Turn = 4
  0123456789
0 ..r.h.....
1 h.........
2 ..........
3 ..........
4 ..........
5 ..........
6 ..........
7 ..........
8 ..........
9 ..........
*** Darwin 20x20 ***
Turn = 0
  01234567890123456789
0 h...................
1 .h..................
2 .r..................
3 .......f............
4 ................f...
5 ....................
6 .................f..
7 .....f..............
8 .......f............
9 ....................
0 ....................
1 ..f...f.............
2 ....................
3 ....................
4 ....................
5 ....................
6 ....................
7 .......f............
8 ...f....f...........
9 ....................
Turn = 1
  01234567890123456789
0 .h..................
1 hr..................
2 ....................
3 .......f............
4 ................f...
5 ....................
6 .................f..
7 .....f..............
8 .......f............
9 ....................
0 ....................
1 ..f...f.............
2 ....................
3 ....................
4 ....................
5 ....................
6 ....................
7 .......f............
8 ...f....f...........
9 ....................
Turn = 2
  01234567890123456789
0 .rh.................
1 h...................
2 ....................
3 .......f............
4 ................f...
5 ....................
6 .................f..
7 .....f..............
8 .......f............
9 ....................
0 ....................
1 ..f...f.............
2 ....................
3 ....................
4 ....................
5 ....................
6 ....................
7 .......f............
8 ...f....f...........
9 ....................
Turn = 3
  01234567890123456789
0 .r.h................
1 h...................
2 ....................
3 .......f............
4 ................f...
5 ....................
6 .................f..
7 .....f..............
8 .......f............
9 ....................
0 ....................
1 ..f...f.............
2 ....................
3 ....................
4 ....................
5 ....................
6 ....................
7 .......f............
8 ...f....f...........
9 ....................
Turn = 4
  01234567890123456789
0 ..r.h...............
1 h...................
2 ....................
3 .......f............
4 ................f...
5 ....................
6 .................f..
7 .....f..............
8 .......f............
9 ....................
0 ....................
1 ..f...f.............
2 ....................
3 ....................
4 ....................
5 ....................
6 ....................
7 .......f............
8 ...f....f...........
9 ....................
Turn = 5
  01234567890123456789
0 ...r.h..............
1 h...................
2 ....................
3 .......f............
4 ................f...
5 ....................
6 .................f..
7 .....f..............
8 .......f............
9 ....................
0 ....................
1 ..f...f.............
2 ....................
3 ....................
4 ....................
5 ....................
6 ....................
7 .......f............
8 ...f....f...........
9 ....................
Turn = 6
  01234567890123456789
0 ....r.h.............
1 h...................
2 ....................
3 .......f............
4 ................f...
5 ....................
6 .................f..
7 .....f..............
8 .......f............
9 ....................
0 ....................
1 ..f...f.............
2 ....................
3 ....................
4 ....................
5 ....................
6 ....................
7 .......f............
8 ...f....f...........
9 ....................
Turn = 7
  01234567890123456789
0 .....r.h............
1 h...................
2 ....................
3 .......f............
4 ................f...
5 ....................
6 .................f..
7 .....f..............
8 .......f............
9 ....................
0 ....................
1 ..f...f.............
2 ....................
3 ....................
4 ....................
5 ....................
6 ....................
7 .......f............
8 ...f....f...........
9 ....................
Turn = 8
  01234567890123456789
0 ......r.h...........
1 h...................
2 ....................
3 .......f............
4 ................f...
5 ....................
6 .................f..
7 .....f..............
8 .......f............
9 ....................
0 ....................
1 ..f...f.............
2 ....................
3 ....................
4 ....................
5 ....................
6 ....................
7 .......f............
8 ...f....f...........
9 ....................
Turn = 9
  01234567890123456789
0 .......r.h..........
1 h...................
2 ....................
3 .......f............
4 ................f...
5 ....................
6 .................f..
7 .....f..............
8 .......f............
9 ....................
0 ....................
1 ..f...f.............
2 ....................
3 ....................
4 ....................
5 ....................
6 ....................
7 .......f............
8 ...f....f...........
9 ....................
*** Darwin 50x50 ***
Turn = 0
  01234567890123456789012345678901234567890123456789
0 h.................................................
1 .h................................................
2 .r....h...........................................
3 ....................h.............................
4 ..................................................
5 ..................................................
6 ..................................................
7 ..................................................
8 .......................................h..........
9 ..................................................
0 .h................................................
1 ..................................................
2 ..................................................
3 ..................................................
4 ..................................................
5 ..................h...............................
6 ..................................................
7 ..................................................
8 ..................................................
9 ..................................................
0 ..................................................
1 ..................................................
2 ..............................h...................
3 ..................................................
4 ..................................................
5 ..................................................
6 ..................................................
7 ..................................................
8 ..................................................
9 ..................................................
0 ..................................................
1 ..................................................
2 ..................................................
3 ..................................................
4 ..................................................
5 ..................................................
6 ..................................................
7 ..h...............................................
8 ..................................................
9 ..................................................
0 .h................................................
1 ..................................................
2 ..................................................
3 ..................................................
4 ..................................................
5 ..................................................
6 ..................................................
7 ..................................................
8 ..................................................
9 ..................................................
Turn = 1
  01234567890123456789012345678901234567890123456789
0 .h................................................
1 hr................................................
2 .....h............................................
3 .....................h............................
4 ..................................................
5 ..................................................
6 ..................................................
7 ..................................................
8 ..................................................
9 .h.....................................h..........
0 ..................................................
1 ..................................................
2 ..................................................
3 ..................................................
4 ..................................................
5 .................h................................
6 ..................................................
7 ..................................................
8 ..................................................
9 ..................................................
0 ..................................................
1 ..................................................
2 .............................h....................
3 ..................................................
4 ..................................................
5 ..................................................
6 ..................................................
7 ..................................................
8 ..................................................
9 ..................................................
0 ..................................................
1 ..................................................
2 ..................................................
3 ..................................................
4 ..................................................
5 ..................................................
6 ..................................................
7 ..................................................
8 ..h...............................................
9 ..................................................
0 h.................................................
1 ..................................................
2 ..................................................
3 ..................................................
4 ..................................................
5 ..................................................
6 ..................................................
7 ..................................................
8 ..................................................
9 ..................................................
Turn = 2
  01234567890123456789012345678901234567890123456789
0 .rh...............................................
1 h.................................................
2 ....h.............................................
3 ......................h...........................
4 ..................................................
5 ..................................................
6 ..................................................
7 ..................................................
8 .h................................................
9 ..................................................
0 .......................................h..........
1 ..................................................
2 ..................................................
3 ..................................................
4 ..................................................
5 ................h.................................
6 ..................................................
7 ..................................................
8 ..................................................
9 ..................................................
0 ..................................................
1 ..................................................
2 ............................h.....................
3 ..................................................
4 ..................................................
5 ..................................................
6 ..................................................
7 ..................................................
8 ..................................................
9 ..................................................
0 ..................................................
1 ..................................................
2 ..................................................
3 ..................................................
4 ..................................................
5 ..................................................
6 ..................................................
7 ..................................................
8 ..................................................
9 ..h...............................................
0 h.................................................
1 ..................................................
2 ..................................................
3 ..................................................
4 ..................................................
5 ..................................................
6 ..................................................
7 ..................................................
8 ..................................................
9 ..................................................
Turn = 3
  01234567890123456789012345678901234567890123456789
0 .r.h..............................................
1 h.................................................
2 ...h..............................................
3 .......................h..........................
4 ..................................................
5 ..................................................
6 ..................................................
7 .h................................................
8 ..................................................
9 ..................................................
0 ..................................................
1 .......................................h..........
2 ..................................................
3 ..................................................
4 ..................................................
5 ...............h..................................
6 ..................................................
7 ..................................................
8 ..................................................
9 ..................................................
0 ..................................................
1 ..................................................
2 ...........................h......................
3 ..................................................
4 ..................................................
5 ..................................................
6 ..................................................
7 ..................................................
8 ..................................................
9 ..................................................
0 ..................................................
1 ..................................................
2 ..................................................
3 ..................................................
4 ..................................................
5 ..................................................
6 ..................................................
7 ..................................................
8 ..................................................
9 ..................................................
0 h.h...............................................
1 ..................................................
2 ..................................................
3 ..................................................
4 ..................................................
5 ..................................................
6 ..................................................
7 ..................................................
8 ..................................................
9 ..................................................
Turn = 4
  01234567890123456789012345678901234567890123456789
0 ..r.h.............................................
1 h.................................................
2 ..h...............................................
3 ........................h.........................
4 ..................................................
5 ..................................................
6 .h................................................
7 ..................................................
8 ..................................................
9 ..................................................
0 ..................................................
1 ..................................................
2 .......................................h..........
3 ..................................................
4 ..................................................
5 ..............h...................................
6 ..................................................
7 ..................................................
8 ..................................................
9 ..................................................
0 ..................................................
1 ..................................................
2 ..........................h.......................
3 ..................................................
4 ..................................................
5 ..................................................
6 ..................................................
7 ..................................................
8 ..................................................
9 ..................................................
0 ..................................................
1 ..................................................
2 ..................................................
3 ..................................................
4 ..................................................
5 ..................................................
6 ..................................................
7 ..................................................
8 ..................................................
9 ..................................................
0 h.................................................
1 ..h...............................................
2 ..................................................
3 ..................................................
4 ..................................................
5 ..................................................
6 ..................................................
7 ..................................................
8 ..................................................
9 ..................................................
Turn = 5
  01234567890123456789012345678901234567890123456789
0 ...r.h............................................
1 h.................................................
2 .h................................................
3 .........................h........................
4 ..................................................
5 .h................................................
6 ..................................................
7 ..................................................
8 ..................................................
9 ..................................................
0 ..................................................
1 ..................................................
2 ..................................................
3 .......................................h..........
4 ..................................................
5 .............h....................................
6 ..................................................
7 ..................................................
8 ..................................................
9 ..................................................
0 ..................................................
1 ..................................................
2 .........................h........................
3 ..................................................
4 ..................................................
5 ..................................................
6 ..................................................
7 ..................................................
8 ..................................................
9 ..................................................
0 ..................................................
1 ..................................................
2 ..................................................
3 ..................................................
4 ..................................................
5 ..................................................
6 ..................................................
7 ..................................................
8 ..................................................
9 ..................................................
0 h.................................................
1 ..................................................
2 ..h...............................................
3 ..................................................
4 ..................................................
5 ..................................................
6 ..................................................
7 ..................................................
8 ..................................................
9 ..................................................
Turn = 6
  01234567890123456789012345678901234567890123456789
0 ....r.h...........................................
1 h.................................................
2 h.................................................
3 ..........................h.......................
4 .h................................................
5 ..................................................
6 ..................................................
7 ..................................................
8 ..................................................
9 ..................................................
0 ..................................................
1 ..................................................
2 ..................................................
3 ..................................................
4 .......................................h..........
5 ............h.....................................
6 ..................................................
7 ..................................................
8 ..................................................
9 ..................................................
0 ..................................................
1 ..................................................
2 ........................h.........................
3 ..................................................
4 ..................................................
5 ..................................................
6 ..................................................
7 ..................................................
8 ..................................................
9 ..................................................
0 ..................................................
1 ..................................................
2 ..................................................
3 ..................................................
4 ..................................................
5 ..................................................
6 ..................................................
7 ..................................................
8 ..................................................
9 ..................................................
0 h.................................................
1 ..................................................
2 ..................................................
3 ..h...............................................
4 ..................................................
5 ..................................................
6 ..................................................
7 ..................................................
8 ..................................................
9 ..................................................
Turn = 7
  01234567890123456789012345678901234567890123456789
0 .....r.h..........................................
1 h.................................................
2 h.................................................
3 .h.........................h......................
4 ..................................................
5 ..................................................
6 ..................................................
7 ..................................................
8 ..................................................
9 ..................................................
0 ..................................................
1 ..................................................
2 ..................................................
3 ..................................................
4 ..................................................
5 ...........h...........................h..........
6 ..................................................
7 ..................................................
8 ..................................................
9 ..................................................
0 ..................................................
1 ..................................................
2 .......................h..........................
3 ..................................................
4 ..................................................
5 ..................................................
6 ..................................................
7 ..................................................
8 ..................................................
9 ..................................................
0 ..................................................
1 ..................................................
2 ..................................................
3 ..................................................
4 ..................................................
5 ..................................................
6 ..................................................
7 ..................................................
8 ..................................................
9 ..................................................
0 h.................................................
1 ..................................................
2 ..................................................
3 ..................................................
4 ..h...............................................
5 ..................................................
6 ..................................................
7 ..................................................
8 ..................................................
9 ..................................................
Turn = 8
  01234567890123456789012345678901234567890123456789
0 ......r.h.........................................
1 h.................................................
2 hh................................................
3 ............................h.....................
4 ..................................................
5 ..................................................
6 ..................................................
7 ..................................................
8 ..................................................
9 ..................................................
0 ..................................................
1 ..................................................
2 ..................................................
3 ..................................................
4 ..................................................
5 ..........h.......................................
6 .......................................h..........
7 ..................................................
8 ..................................................
9 ..................................................
0 ..................................................
1 ..................................................
2 ......................h...........................
3 ..................................................
4 ..................................................
5 ..................................................
6 ..................................................
7 ..................................................
8 ..................................................
9 ..................................................
0 ..................................................
1 ..................................................
2 ..................................................
3 ..................................................
4 ..................................................
5 ..................................................
6 ..................................................
7 ..................................................
8 ..................................................
9 ..................................................
0 h.................................................
1 ..................................................
2 ..................................................
3 ..................................................
4 ..................................................
5 ..h...............................................
6 ..................................................
7 ..................................................
8 ..................................................
9 ..................................................
Turn = 9
  01234567890123456789012345678901234567890123456789
0 .......r.h........................................
1 hh................................................
2 h.................................................
3 .............................h....................
4 ..................................................
5 ..................................................
6 ..................................................
7 ..................................................
8 ..................................................
9 ..................................................
0 ..................................................
1 ..................................................
2 ..................................................
3 ..................................................
4 ..................................................
5 .........h........................................
6 ..................................................
7 .......................................h..........
8 ..................................................
9 ..................................................
0 ..................................................
1 ..................................................
2 .....................h............................
3 ..................................................
4 ..................................................
5 ..................................................
6 ..................................................
7 ..................................................
8 ..................................................
9 ..................................................
0 ..................................................
1 ..................................................
2 ..................................................
3 ..................................................
4 ..................................................
5 ..................................................
6 ..................................................
7 ..................................................
8 ..................................................
9 ..................................................
0 h.................................................
1 ..................................................
2 ..................................................
3 ..................................................
4 ..................................................
5 ..................................................
6 ..h...............................................
7 ..................................................
8 ..................................................
9 ..................................................
