*** Darwin 4x4 Swap Corners***
Turn = 0.
  0123
0 h..h
1 ....
2 ....
3 h..h

Turn = 1.
  0123
0 .h..
1 ...h
2 h...
3 ..h.

Turn = 2.
  0123
0 ..h.
1 h...
2 ...h
3 .h..

Turn = 3.
  0123
0 h..h
1 ....
2 ....
3 h..h

Turn = 4.
  0123
0 h..h
1 ....
2 ....
3 h..h

Turn = 5.
  0123
0 h..h
1 ....
2 ....
3 h..h

*** Darwin 4x4 Cross rovers ***
Turn = 0.
  0123
0 ....
1 ffff
2 ....
3 rrrr

Turn = 1.
  0123
0 ....
1 ffff
2 rrrr
3 ....

Turn = 2.
  0123
0 ....
1 rrrr
2 rrrr
3 ....

*** Darwin 4x4 Trap ***
Turn = 0.
  0123
0 hhhh
1 ....
2 ....
3 tttt

Turn = 10.
  0123
0 ....
1 ....
2 tttt
3 tttt

*** Darwin 8x8 ***
Turn = 0.
  01234567
0 f.......
1 ........
2 ........
3 ...hh...
4 ...hh...
5 ........
6 ........
7 .......f

Turn = 1.
  01234567
0 f.......
1 ........
2 ...h....
3 .....h..
4 ..h.....
5 ....h...
6 ........
7 .......f

Turn = 2.
  01234567
0 f.......
1 ...h....
2 ........
3 ......h.
4 .h......
5 ........
6 ....h...
7 .......f

Turn = 3.
  01234567
0 f..h....
1 ........
2 ........
3 .......h
4 h.......
5 ........
6 ........
7 ....h..f

Turn = 4.
  01234567
0 f..h....
1 ........
2 ........
3 .......h
4 h.......
5 ........
6 ........
7 ....h..f

Turn = 5.
  01234567
0 f..h....
1 ........
2 ........
3 .......h
4 h.......
5 ........
6 ........
7 ....h..f

