*** Darwin 50x50 crowded ***
Turn = 0
  01234567890123456789012345678901234567890123456789
0 ...........f......................................
1 .................f.............................r..
2 ..................t...............................
3 ................................................h.
4 ...........f...........................r..........
5 ....r........f.............f...............f..t...
6 ......t.............................h.........t...
7 ............f.......................f.............
8 ...r.................t............h...............
9 ..................................................
0 ...............................t........f.........
1 ...................f........................r..t..
2 ..................................................
3 ..................................................
4 .........t......................t.................
5 ....................t...........f.....r......r....
6 ...............h.r............................h...
7 ..................................................
8 ........................................t...r.....
9 ..................................................
0 ..................................................
1 .....................................r...h........
2 ........................h.........................
3 ........................................f.........
4 ...................t......r..h....................
5 ..................................h...............
6 .............hh.........................t.........
7 ...............r...........................f......
8 .............h...............f....r...............
9 ..................................................
0 ......................f.....t..............h......
1 .................f................................
2 .................................................f
3 ..r...................f...........................
4 ..................................................
5 ....................................r.............
6 ..................................................
7 ............h....................f................
8 .....................h............................
9 ...............................t..............ht..
0 ...t..............................................
1 .................t..............h.h.t.............
2 ..................................................
3 ..........................r.......................
4 ........t.........................................
5 ..........................r.......................
6 .r...h............................................
7 ............f.....................................
8 ................................r.................
9 ......h..........r................................

Turn = 1
  01234567890123456789012345678901234567890123456789
0 ...........f......................................
1 .................f................................
2 ..................t............................r..
3 ..................................................
4 ...........f....................................h.
5 .............f.............f...........r...f..t...
6 ....r.t.............................h.........t...
7 ............f.......................f.............
8 .....................t............................
9 ...r..............................h...............
0 ...............................t........f.........
1 ...................f...........................t..
2 ............................................r.....
3 ..................................................
4 .........t......................t.................
5 ....................t...........t.................
6 ......................................r......r....
7 ...............h.r............................h...
8 ........................................t.........
9 ............................................r.....
0 ..................................................
1 ..................................................
2 .....................................r...h........
3 ........................h...............f.........
4 ...................t..............................
5 ..........................r..h....................
6 ..................................h.....t.........
7 .............hh............................f......
8 ...............r.............f....................
9 .............h....................r...............
0 ......................f.....t.....................
1 .................f.........................h......
2 .................................................f
3 ......................f...........................
4 ..r...............................................
5 ..................................................
6 ....................................r.............
7 .................................f................
8 ............h.....................................
9 .....................h.........t...............t..
0 ...t..........................................h...
1 .................t..................t.............
2 ................................h.h...............
3 ..................................................
4 ........t.................r.......................
5 ..................................................
6 ..........................r.......................
7 .r...h......f.....................................
8 ..................................................
9 ......h..........r..............r.................

Turn = 2
  01234567890123456789012345678901234567890123456789
0 ...........f......................................
1 .................f................................
2 ..................t...............................
3 ...............................................r..
4 ...........f......................................
5 .............f.............f...............f..t.h.
6 ......t.............................h..r......t...
7 ....r.......f.......................f.............
8 .....................t............................
9 ..................................................
0 ...r...........................t..h.....f.........
1 ...................f...........................t..
2 ..................................................
3 ............................................r.....
4 .........t......................t.................
5 ....................t...........t.................
6 ..................................................
7 ......................................r......r....
8 ...............h.r......................t.....h...
9 ..................................................
0 ............................................r.....
1 ..................................................
2 ..................................................
3 .....................................r..fh........
4 ...................t....h.........................
5 ..................................................
6 ..........................r..h..........t.........
7 ..................................h........f......
8 .............hh..............f....................
9 ...............r..................................
0 .............h........f.....t.....r...............
1 .................f................................
2 ...........................................h.....f
3 ......................f...........................
4 ..................................................
5 ..r...............................................
6 ..................................................
7 .................................f..r.............
8 ..................................................
9 ............h..................t...............t..
0 ...t.................h............................
1 .................t..................t.........h...
2 ..................................................
3 ................................h.h...............
4 ........t.........................................
5 ..........................r.......................
6 ..................................................
7 ............f.............r.......................
8 .r...h............................................
9 ......h.........r...............r.................

Turn = 3
  01234567890123456789012345678901234567890123456789
0 ...........f......................................
1 .................f................................
2 ..................t...............................
3 ..................................................
4 ...........f...................................r..
5 .............f.............f...............f..t...
6 ......t.............................h.........t.h.
7 ............f.......................f..r..........
8 ....r................t............................
9 ..................................................
0 ...............................t........f.........
1 ...r...............f..............h............t..
2 ..................................................
3 ..................................................
4 .........t......................t...........r.....
5 ....................t...........t.................
6 ..................................................
7 ..................................................
8 ......................................r.t....r....
9 ...............h.r............................h...
0 ..................................................
1 ............................................r.....
2 ..................................................
3 ........................................f.........
4 ...................t.................r...h........
5 ........................h.........................
6 ........................................t.........
7 ..........................r..h.............f......
8 .............................f....h...............
9 .............hh...................................
0 ...............r......f.....t.....................
1 .............h...f................r...............
2 .................................................f
3 ......................f....................h......
4 ..................................................
5 ..................................................
6 ..r...............................................
7 .................................f................
8 ....................................r.............
9 ...............................t...............t..
0 ...t........h.....................................
1 .................t...h..............t.............
2 ..............................................h...
3 ..................................................
4 ........t.......................h.h...............
5 ..................................................
6 ..........................r.......................
7 ............f.....................................
8 ..........................r.......................
9 .r...hh........r.................r................

Turn = 4
  01234567890123456789012345678901234567890123456789
0 ...........f......................................
1 .................f................................
2 ..................t...............................
3 ..................................................
4 ...........f......................................
5 .............f.............f...............f..tr..
6 ......t.............................h.........t...
7 ............f.......................f...........h.
8 .....................t.................r..........
9 ....r.............................................
0 ...............................t........f.........
1 ...................f...........................t..
2 ...r..............................h...............
3 ..................................................
4 .........t......................t.................
5 ....................t...........t...........r.....
6 ..................................................
7 ..................................................
8 ........................................t.........
9 ......................................r......r....
0 ...............h.r............................h...
1 ..................................................
2 ............................................r.....
3 ........................................f.........
4 ...................t..............................
5 .....................................r...h........
6 ........................h...............t.........
7 .............................h.............f......
8 ..........................r..f....................
9 ..................................h...............
0 .............hh.......f.....t.....................
1 ...............r.f................................
2 .............h....................r..............f
3 ......................f...........................
4 ...........................................h......
5 ..................................................
6 ..................................................
7 ..r..............................f................
8 ..................................................
9 ...............................t....r..........t..
0 ...t..............................................
1 ............h....t..................t.............
2 .....................h............................
3 ..............................................h...
4 ........t.........................................
5 ................................h.h...............
6 ..................................................
7 ............f.............r.......................
8 ..................................................
9 .r...hh.......r...........r.......r...............

Turn = 5
  01234567890123456789012345678901234567890123456789
0 ...........f......................................
1 .................f................................
2 ..................t...............................
3 ..................................................
4 ...........f......................................
5 .............f.............f...............f..t...
6 ......t.............................h.........tr..
7 ............f.......................f.............
8 .....................t..........................h.
9 .......................................r..........
0 ....r..........................t........f.........
1 ...................f...........................t..
2 ..................................................
3 ...r..............................h...............
4 .........t......................t.................
5 ....................t...........t.................
6 ............................................r.....
7 ..................................................
8 ........................................t.........
9 ..................................................
0 ......................................r......r....
1 ...............h.r............................h...
2 ..................................................
3 ........................................f...r.....
4 ...................t..............................
5 ..................................................
6 .....................................r..th........
7 ........................h....h.............f......
8 .............................f....................
9 ..........................r.......................
0 ......................f.....t.....h...............
1 .............hh..f................................
2 ...............r.................................f
3 .............h........f...........r...............
4 ..................................................
5 ...........................................h......
6 ..................................................
7 .................................f................
8 ..r...............................................
9 ...............................t...............t..
0 ...t................................r.............
1 .................t..................t.............
2 ............h.....................................
3 .....................h............................
4 ........t.....................................h...
5 ..................................................
6 ................................h.h...............
7 ............f.....................................
8 ..........................r.......................
9 ..r..hh......r............r........r..............

Turn = 6
  01234567890123456789012345678901234567890123456789
0 ...........f......................................
1 .................f................................
2 ..................t...............................
3 ..................................................
4 ...........f......................................
5 .............f.............f...............f..t...
6 ......t.............................h.........tt..
7 ............f.......................f.............
8 .....................t............................
9 ................................................h.
0 ...............................t.......rf.........
1 ....r..............f...........................t..
2 ..................................................
3 ..................................................
4 ...r.....t......................t.h...............
5 ....................t...........t.................
6 ..................................................
7 ............................................r.....
8 ........................................t.........
9 ..................................................
0 ..................................................
1 ......................................r......r....
2 ...............h.r............................h...
3 ........................................f.........
4 ...................t........................r.....
5 ..................................................
6 ........................................tt........
7 .............................h.......r.....f......
8 ........................h....f....................
9 ..................................................
0 ......................f...r.t.....................
1 .................f................h...............
2 .............hh..................................f
3 ...............r......f...........................
4 .............h....................r...............
5 ..................................................
6 ...........................................h......
7 .................................f................
8 ..................................................
9 ..r............................t...............t..
0 ...t................................r.............
1 .................t...................r............
2 ..................................................
3 ............h.....................................
4 ........t............h............................
5 ..............................................h...
6 ..................................................
7 ............f...................h.h...............
8 ..........................r.......................
9 ...r.hh.....r..............r........r.............

Turn = 7
  01234567890123456789012345678901234567890123456789
0 ...........f......................................
1 .................f................................
2 ..................t...............................
3 ..................................................
4 ...........f......................................
5 .............f.............f...............f..t...
6 ......t.............................h.........tt..
7 ............f.......................f.............
8 .....................t............................
9 ..................................................
0 ...............................t........f.......h.
1 ...................f...................r.......t..
2 ....r.............................................
3 ..................................................
4 .........t......................t.................
5 ...r................t...........t.h...............
6 ..................................................
7 ..................................................
8 ........................................t...r.....
9 ..................................................
0 ..................................................
1 ..................................................
2 ......................................r......r....
3 ...............h.r......................f.....h...
4 ...................t..............................
5 ............................................r.....
6 ........................................tt........
7 .............................h.............f......
8 .............................f.......r............
9 ........................h.........................
0 ......................f.....t.....................
1 .................f........r.......................
2 ..................................h..............f
3 .............hh.......f...........................
4 ...............r..................................
5 .............h....................r...............
6 ..................................................
7 .................................f.........h......
8 ..................................................
9 ...............................t...............t..
0 ..rt..............................................
1 .................t..................r.r...........
2 ..................................................
3 ..................................................
4 ........t...h.....................................
5 .....................h............................
6 ..............................................h...
7 ............f.....................................
8 .........................r......h.h...............
9 ....rhh....r................r........r............

Turn = 8
  01234567890123456789012345678901234567890123456789
0 ...........f......................................
1 .................f................................
2 ..................t...............................
3 ..................................................
4 ...........f......................................
5 .............f.............f...............f..t...
6 ......t.............................h.........tt..
7 ............f.......................f.............
8 .....................t............................
9 ..................................................
0 ...............................t........f.........
1 ...................f...........................th.
2 .......................................r..........
3 ....r.............................................
4 .........t......................t.................
5 ....................t...........t.................
6 ...r..............................h...............
7 ..................................................
8 ........................................t.........
9 ............................................r.....
0 ..................................................
1 ..................................................
2 ..................................................
3 ......................................r.f....r....
4 ...............h.r.t..........................h...
5 ..................................................
6 ........................................tt..r.....
7 .............................h.............f......
8 .............................f....................
9 .....................................r............
0 ......................f.h...t.....................
1 .................f................................
2 ..........................r......................f
3 ......................f...........h...............
4 .............hh...................................
5 ...............r..................................
6 .............h....................r...............
7 .................................f................
8 ...........................................h......
9 ...............................t...............t..
0 ...t..............................................
1 ..r..............t.....................r..........
2 ....................................r.............
3 ..................................................
4 ........t.........................................
5 ............h.....................................
6 .....................h............................
7 ............f.................................h...
8 ........................r.........................
9 ....rrh...r..................r..h.h...r...........

Turn = 9
  01234567890123456789012345678901234567890123456789
0 ...........f......................................
1 .................f................................
2 ..................t...............................
3 ..................................................
4 ...........f......................................
5 .............f.............f...............f..t...
6 ......t.............................h.........tt..
7 ............f.......................f.............
8 .....................t............................
9 ..................................................
0 ...............................t........f.........
1 ...................f...........................t..
2 ................................................h.
3 .......................................r..........
4 ....r....t......................t.................
5 ....................t...........t.................
6 ..................................................
7 ...r..............................h...............
8 ........................................t.........
9 ..................................................
0 ............................................r.....
1 ..................................................
2 ..................................................
3 ........................................f.........
4 ...................t..................r......r....
5 ...............h.r............................h...
6 ........................................tt........
7 .............................h.............fr.....
8 .............................f....................
9 ..................................................
0 ......................f.....t........r............
1 .................f......h.........................
2 .................................................f
3 ......................f...r.......................
4 ..................................h...............
5 .............hh...................................
6 ...............r..................................
7 .............h...................fr...............
8 ..................................................
9 ...............................t...........h...t..
0 ...t..............................................
1 .................t......................r.........
2 ..r...............................................
3 ....................................r.............
4 ........t.........................................
5 ..................................................
6 ............h.....................................
7 ............f........h............................
8 .......................r......................h...
9 ....rrr..r....................r.h.h....r..........

Turn = 100
  01234567890123456789012345678901234567890123456789
0 r........r........................................
1 ..................................................
2 ..................................................
3 ...r..............................................
4 ...r.......f.......................r..............
5 ...r..t......f.............f........rr........t...
6 ......t.............................h.........tt.r
7 ............f.......................f.........t...
8 .....................t........................t...
9 ........r.....................................r..r
0 .........................r.....t........f....r....
1 ...............................................t..
2 .............................................r....
3 .............................................r...r
4 .........t......................t...............r.
5 ....................tt..........t.................
6 .......r.............t............................
7 ..................................................
8 ........................................t.........
9 ..................................................
0 ..................................................
1 ..................................................
2 ..................................................
3 ..................r.....................f.........
4 ..................................................
5 r.................................................
6 ........................................tt........
7 .............................h...........t........
8 .............................f....................
9 ..................................................
0 ..................................................
1 ..........r.................tt....................
2 .................................r................
3 r.................................r...............
4 ..................................................
5 ..................................................
6 ..................................r...............
7 ..................................................
8 .......r..........................................
9 ...t...........................t...............t..
0 .................t.............................tt.
1 .................tt............................ttr
2 ..............................................tttr
3 ................................................r.
4 r.................................................
5 ..................................................
6 .................................................r
7 ..................................................
8 ..................................................
9 .r....................r....................r......

Turn = 200
  01234567890123456789012345678901234567890123456789
0 ..........r.............................r.r..r....
1 .........r........................................
2 ...................................r..............
3 ..................................................
4 .............................r...r................
5 ......t...........................r...........t...
6 .....tt.......................................tt.t
7 ............f.................................tttt
8 .....................t.........r..................
9 ..................................................
0 ..................................................
1 .....................................r............
2 ..................................................
3 ..................................................
4 .........t...........t...........tt...............
5 ....................tt...........t................
6 ....................ttt...........................
7 ..................................................
8 ........................................tt........
9 ..................................................
0 ..................................................
1 r.................................................
2 ..................................................
3 ........................................f.........
4 ..................................................
5 ..................................................
6 ........................................ttt.......
7 .............................h....rr.....t........
8 r............................f....................
9 .....................r............................
0 .....................r............................
1 .............................t....................
2 ..................................................
3 ..................................................
4 ..................................................
5 r..................r..............................
6 ..................................................
7 ..................................................
8 .................................................r
9 r..tt.............t............................t.t
0 .................ttt...r........t..............ttt
1 .................tt...r........................ttt
2 ...............................................tt.
3 ...........r......................................
4 .......r....r.....................................
5 ............r.....................................
6 ..................................................
7 ..................................................
8 ..................................................
9 ....................r.............................

Turn = 300
  01234567890123456789012345678901234567890123456789
0 .r................................................
1 ..................................................
2 ..................................................
3 ..................................................
4 ..................................................
5 ......t.......................................tt.t
6 .....tt.......................................tttt
7 ............f.................................tttt
8 .....................t...........................t
9 .......r.........................................r
0 ..........................................r.....r.
1 ............................................r.....
2 ..................................................
3 .....................t............................
4 .........t...........t............................
5 ....................tt............................
6 ..........r.........ttt...........................
7 ......................t..................t........
8 ........................................tt........
9 ..................................................
0 ..................................................
1 ..................................................
2 ..................................................
3 .....r............................................
4 ..................................................
5 r.................................................
6 ........................................tt........
7 .........................................tt.......
8 r.................................................
9 ..................................................
0 .............................t....................
1 .............................t....................
2 ..................................................
3 ..................................................
4 ..................................................
5 ..................................................
6 ............................................r.....
7 ...........................................r......
8 .................................................t
9 .r.tt.............t.............t..............ttt
0 .................ttt............t..............ttt
1 .................tt............................ttt
2 ...............................................ttt
3 ...............................................ttt
4 .................................................t
5 .........r.......................................t
6 ...........................r......................
7 ...........................r......................
8 ..................................................
9 ...............................r..................

Turn = 400
  01234567890123456789012345678901234567890123456789
0 .........r......r.....r........r...r.....r........
1 ..................................................
2 ...................r..............................
3 ..............r...................................
4 .........................rr.......................
5 ......t........................r................tt
6 .....tt.......................................tttt
7 r...........f.................................tttt
8 .....................t...........................t
9 .................................................t
0 .................................................t
1 ..................................................
2 ..................................................
3 .....................t...........................r
4 .........t...........t............................
5 r....................t............................
6 .....................tt...........................
7 ......................t..................t........
8 ........................................tt........
9 r.................................................
0 ..................................................
1 .......................................r..........
2 ..................................................
3 ..................................................
4 ..................................................
5 ..................................................
6 ........................................tt........
7 .........................................tt.......
8 ..................................................
9 .................................................r
0 .................................................r
1 ..................................................
2 ..................................................
3 ..................................................
4 ..................................................
5 ..................................................
6 ..................................................
7 ..................................................
8 ..................t...............................
9 ....t.............t.............t..............ttt
0 .................tttt...........t..............ttt
1 .................tt............................ttt
2 ...............................................ttt
3 ...............................................ttt
4 .................................................r
5 ................................................rr
6 ..................................................
7 ..................................................
8 ..................................................
9 ..................r...............................

Turn = 500
  01234567890123456789012345678901234567890123456789
0 ...................r..............................
1 ..................................................
2 ..................................................
3 .................................................t
4 ................................................tt
5 ......t.........................................tt
6 .....tt.......................................tttt
7 ............f........t........................tttt
8 ....................tt...........................t
9 .................................................t
0 .................................................t
1 .................................................t
2 ..................................................
3 .....................tt...........................
4 .........t...........t............................
5 .....................t............................
6 .....................tt...........................
7 ......................t..................t........
8 ........................................tt........
9 ..................................................
0 ..................................................
1 ..................................................
2 ..................................................
3 ..................................................
4 ..................................................
5 r..r..............................................
6 ........................................tt........
7 .........................................tt.......
8 ..................................................
9 ..................................................
0 ..................................................
1 ..................................................
2 ..................................................
3 .........r........................................
4 ..........r.......................................
5 ..................................................
6 r.................................................
7 ..................................................
8 ..................t...............................
9 ....t.............t.............t..............ttt
0 r................tttt...........t..............ttt
1 .................tt............................ttt
2 ...............................................ttt
3 ...............................................ttt
4 ..r..............................................r
5 ................................................rr
6 r.................................................
7 ..r...............................................
8 ..................................................
9 r....................r............................

Turn = 600
  01234567890123456789012345678901234567890123456789
0 ....r.............................................
1 ..................................................
2 ..................................................
3 .................................................t
4 ................................................tt
5 ......t.........................................tt
6 .....tt.......................................tttt
7 ............f........t........................tttt
8 ....................tt..............r............t
9 ....................................r............t
0 .....................................r..........tt
1 ................................................t.
2 ..................................................
3 .....................tt...........................
4 .........t...........t............................
5 .....................t............................
6 .....................tt...........................
7 ......................t..................t........
8 ........................................tt........
9 ..................................................
0 ..................................................
1 ..................................................
2 ..................................................
3 .................................................r
4 ..................................................
5 ..................................................
6 ........................................tt........
7 .........................................tt.......
8 ..................................................
9 ..................................................
0 ..................................................
1 ..................................................
2 ........................rr........................
3 ..................................................
4 ..................................................
5 ..................................................
6 ..................................................
7 ..................................................
8 ..................t..............................t
9 ....t.............t.............t..............ttt
0 .................tttt...........t..............ttt
1 .................tt............................ttt
2 ...............................................ttt
3 r.............................................tttt
4 .................................................r
5 ................................................rr
6 ..................................................
7 r.................................................
8 ..................................................
9 ..................................................

Turn = 700
  01234567890123456789012345678901234567890123456789
0 ............................................r.r...
1 r.................................................
2 ........r.........................................
3 .......r..........................................
4 ................................................tt
5 ......t.........................................tt
6 .....tt.......................................tttt
7 ............f........t........................tttt
8 ....................tt..........................tt
9 ................................................tt
0 ................................................tt
1 ................................................tt
2 ..................................................
3 .....................tt...........................
4 .........t...........t............................
5 .....................t............................
6 .....................tt...........................
7 ......................t..................t........
8 ........................................tt........
9 ..................................................
0 ..................................................
1 ..................................................
2 ..................................................
3 ..................................................
4 ..................................................
5 ..................................................
6 ........................................tt........
7 .........................................tt.......
8 ..................................................
9 r.................................................
0 ........................r.........................
1 ..................................................
2 ..................................................
3 ..................................................
4 ..................................................
5 ..................................................
6 ..................................................
7 ..................................................
8 ..................t..............................t
9 ....t.............t.............t..............ttt
0 .................tttt...........t..............ttt
1 .................tt............................ttt
2 ...............................................ttt
3 ..............................................tttt
4 .................................................r
5 ................................................rr
6 ..................................................
7 ..................................................
8 ..................................................
9 ..................................................

Turn = 800
  01234567890123456789012345678901234567890123456789
0 ..................................r...............
1 ..................................................
2 .................................................t
3 r................................................t
4 ................................................tt
5 ......t.........................................tt
6 .....tt.......................................tttt
7 ............f........t........................tttt
8 ....................tt..........................tt
9 ................................................tt
0 ................................................tt
1 ................................................tt
2 ................................................t.
3 .....................tt...........................
4 .........t........................................
5 .........tt.......................................
6 .....................tt...........................
7 ......................t..................t........
8 ........................................tt........
9 ..................................................
0 ..................................................
1 ..................................................
2 ..................................................
3 ..................................................
4 ..................................................
5 ..................................................
6 ........................................tt........
7 .........................................tt.......
8 ..................................................
9 ..................................................
0 ..................................................
1 ..................................................
2 ..................................................
3 ..................................................
4 ..................................................
5 ..................................................
6 ..................................................
7 ..................................................
8 ..................t..............................t
9 ....t.............t.............t..............ttt
0 .................tttt...........t..............ttt
1 .................tt............................ttt
2 ...............................................ttt
3 ..............................................tttt
4 .................................................r
5 ................................................rr
6 r.................................................
7 ..................................................
8 ..............................................r...
9 ..................................................

Turn = 900
  01234567890123456789012345678901234567890123456789
0 ..r...............................................
1 ..................................................
2 .................................................t
3 .................................................t
4 ................................................tt
5 ......t.........................................tt
6 .....tt.......................................rttt
7 .............................................rrttt
8 ....................tt..........................tt
9 ................................................tt
0 ................................................tt
1 ................................................tt
2 ................................................t.
3 .....................tt...........................
4 .........t........................................
5 .........tt.......................................
6 .....................tt...........................
7 ......................t..................t........
8 ........................................tt........
9 ..................................................
0 ..................................................
1 ..................................................
2 ..................................................
3 ..................................................
4 ..................................................
5 ..................................................
6 ........................................tt........
7 .........................................tt.......
8 ..................................................
9 ..................................................
0 ..................................................
1 ..................................................
2 ..................................................
3 ..................................................
4 ..................................................
5 ..................................................
6 ..................................................
7 ..................................................
8 ..................t.............t................t
9 ....t.............t.............t..............ttt
0 ............r....tttt...........t..............ttt
1 ...........r.....tt............................ttt
2 ...............................................ttt
3 ..............................................tttt
4 .................................................r
5 ................................................rr
6 ..................................................
7 ..................................................
8 ..................................................
9 .........................................r........

Turn = 1000
  01234567890123456789012345678901234567890123456789
0 .......................r.............r............
1 ............r...................r.................
2 ..................................................
3 ..............................r...................
4 ......................r...........................
5 ......tt..........................................
6 .....tt........................................ttt
7 .....................r.........................ttt
8 ....................tr..........................tt
9 ......................r.........................tt
0 ................................................tt
1 ................................................tt
2 ................................................t.
3 .....................tt...........................
4 .........t........................................
5 .........tt.......................................
6 .....................tt...........................
7 ......................t..................t........
8 ........................................tt........
9 ..................................................
0 ..................................................
1 ..................................................
2 ..................................................
3 ..................................................
4 ..................................................
5 ..................................................
6 ........................................tt........
7 .........................................tt.......
8 ..................................................
9 ..................................................
0 ..................................................
1 ..................................................
2 ..................................................
3 ..................................................
4 ..................................................
5 ..................................................
6 ..................................................
7 ..................................................
8 ..................t.............ttt..............t
9 ....t.............t.............tt..............tt
0 .................tttt...........t...............tt
1 .................tt............................ttt
2 ...............................................ttt
3 .............................................ttttt
4 .................................................r
5 ................................................rr
6 .............r....................................
7 ..................................................
8 r.................................................
9 ..................................................

*** Darwin 10x50 bottleneck ***
Turn = 0
  01234567890123456789012345678901234567890123456789
0 ...........h..........h.................f..t......
1 .................h.h............t.t......r........
2 ........................t........................f
3 ......................f.................f.......r.
4 ...........h.................r....................
5 .............f.............f....h.r........f......
6 .....t.......ttr....................t.........t...
7 ............f....................f..f......h......
8 .............r.......r.......h....t...............
9 ......r.......................................r...

Turn = 1
  01234567890123456789012345678901234567890123456789
0 ........................................f..t......
1 ...........h..........h.........t.t...............
2 .................h.h....t................r.......f
3 ......................f.................f.........
4 ................................................r.
5 ...........h.f.............f.r.............f......
6 .....t.......tt.................h.r.t.........t...
7 ............f..r.................f..t.............
8 ..................................t........h......
9 ......r......r.......r.......h................r...

Turn = 2
  01234567890123456789012345678901234567890123456789
0 ........................................f..t......
1 ................................t.t...............
2 ...........h..........h.t........................f
3 .................h.h..f.................fr........
4 ..................................................
5 .............f.............f...............f....r.
6 .....t.....h.tt..............r......t.........t...
7 ............f...................hfr.t.............
8 ...............r..................t...............
9 .....r.......r.......r.......h.............h...r..

Turn = 3
  01234567890123456789012345678901234567890123456789
0 ........................................f..t......
1 ................................t.t...............
2 ......................h.t........................f
3 ...........h..........f.................f.........
4 .................h.h.....................r........
5 .............t.............f...............f......
6 .....t.......tt.....................t.........t.r.
7 ...........hf................r...fr.t.............
8 ................................h.r...............
9 ....r.........rr......r......h.............h....r.

Turn = 4
  01234567890123456789012345678901234567890123456789
0 ........................................f..t......
1 ................................t.t...............
2 ......................h.t........................f
3 ......................f.................f.........
4 ...........h......................................
5 .............t...h.h.......f.............r.f......
6 .....t.......tt.....................t.........t...
7 ............f....................fr.t...........r.
8 ...........h.................r...r................
9 ...r..........rr.......r.....h..h..........h.....r

Turn = 5
  01234567890123456789012345678901234567890123456789
0 ........................................f..t......
1 ................................t.t...............
2 ......................h.t........................f
3 ......................f.................f.........
4 ..................................................
5 ...........h.t.............f...............f......
6 .....t.......tt..h.h................t....r....t...
7 ............f....................f.rt.............
8 .............................r..r...............r.
9 ..r........h..rr........r....r..h..........h.....r

Turn = 6
  01234567890123456789012345678901234567890123456789
0 ........................................f..t......
1 ................................t.t...............
2 ......................h.t........................f
3 ......................f.................f.........
4 ..................................................
5 .............t.............f...............f......
6 .....t.....h.tt.....................t.........t...
7 ............f....h.h.............f.r.r...r........
8 ...............r.............r.r.................r
9 .r.........h..r..........r....r.h..........h....r.

Turn = 7
  01234567890123456789012345678901234567890123456789
0 ........................................f..t......
1 ................................t.t...............
2 ......................h.t........................f
3 ......................f.................f.........
4 ..................................................
5 .............t.............f...............f......
6 .....t.......tt.....................t.........t...
7 ...........hf..r.................f..r.r..........r
8 ..............r..h.h..........rr.........r........
9 r..........h..............r....rh..........h....r.

Turn = 8
  01234567890123456789012345678901234567890123456789
0 ........................................f..t......
1 ................................t.t...............
2 ......................h.t........................f
3 ......................f.................f.........
4 ..................................................
5 .............t.............f...............f......
6 .....t.......ttr....................t.........t..r
7 ............f.r................r.f...r.r..........
8 ...........h..................r...................
9 r..........h.....h.h.......r...rr........r.h.....r

Turn = 9
  01234567890123456789012345678901234567890123456789
0 ........................................f..t......
1 ................................t.t...............
2 ......................h.t........................f
3 ......................f.................f.........
4 ..................................................
5 .............t.r...........f...............f.....r
6 .....t.......tt................r....t.........t...
7 ............f.t...............r..f....r.r.........
8 ...........h......................................
9 r..........h.....h.h........r..r.r.......r.h.....r

Turn = 100
  01234567890123456789012345678901234567890123456789
0 ............r...........r..............r.r.......r
1 .........................t........................
2 rr.....................tttt.................r....r
3 .........................tt.......t..........r....
4 r.........................t.......................
5 .r...........t....................r...............
6 r....t........t................................t..
7 .....t.......tt..................f................
8 .....t............................r...............
9 r....r.....rr.....................................

Turn = 200
  01234567890123456789012345678901234567890123456789
0 r..........r..........rrtrt.......................
1 ...r...................rrtt.......................
2 .......................ttttt....................r.
3 .......................t.tt.......tt.............r
4 .........................tt.......................
5 .............................rr...........r.......
6 ..r...............................................
7 ..................................................
8 ..r............r..................r...............
9 rr..........................r.......r.............

Turn = 300
  01234567890123456789012345678901234567890123456789
0 ......................r.tttt......r...............
1 .................r......ttttt.....................
2 ................r.......ttttt.....................
3 .......................ttt..t.....t...............
4 ......................r.ttt.......................
5 ..........................t....................r..
6 ................................................r.
7 ..................................................
8 ......................r........r...........r...rr.
9 .............r................r...................

Turn = 400
  01234567890123456789012345678901234567890123456789
0 .r...r................r.tttttt.................r..
1 ........................tttttt...................r
2 .....................r...tttt...................r.
3 .......................ttttt......................
4 .........................tt.......................
5 .........................t........................
6 ............r.....................................
7 ..................................................
8 ..................................................
9 .......r...r...........r.................rr.......

Turn = 500
  01234567890123456789012345678901234567890123456789
0 .....r..r.............r......tttt.r.............r.
1 ...........................t......................
2 ..........................tttt....................
3 ....rr.......r..........rrtt......................
4 ..........r...r...............r...................
5 ......................................r...........
6 .....................................r............
7 ...............r..................................
8 ..r............r..................................
9 r.......r......r..........rr....r.r.......r.......

*** Darwin 10x10 traps v rovers ***
Turn = 0
  0123456789
0 ..........
1 .t........
2 ..t......t
3 ..........
4 r........r
5 ..........
6 ..rr...t.t
7 ..r....r..
8 ..tr..r...
9 r..r......

Turn = 1
  0123456789
0 ..........
1 .t........
2 ..t......t
3 ..........
4 ..........
5 r........r
6 ..r....t.t
7 ..rr...t..
8 ...r......
9 r.rr..r...

Turn = 2
  0123456789
0 ..........
1 .t........
2 ..t......t
3 ..........
4 ..........
5 .........r
6 rr.....t.r
7 ...r...t..
8 ..rr......
9 r.rr..r...

Turn = 3
  0123456789
0 ..........
1 .t........
2 ..t......t
3 ..........
4 ..........
5 .........r
6 r......t.r
7 r.r....t..
8 ..rr......
9 rr.r.r....

Turn = 4
  0123456789
0 ..........
1 .t........
2 ..t......t
3 ..........
4 ..........
5 .........r
6 r......t.r
7 .r.....t..
8 r.r.r.....
9 rr..rr....

Turn = 5
  0123456789
0 ..........
1 .t........
2 ..t......t
3 ..........
4 .........r
5 ..........
6 .......t..
7 rr.....t.r
8 r....r....
9 rrr.rr....

Turn = 6
  0123456789
0 ..........
1 .t........
2 ..t......t
3 .........r
4 ..........
5 ..........
6 .......t..
7 r......t..
8 rr....r..r
9 rrr.r.r...

Turn = 7
  0123456789
0 ..........
1 .t........
2 ..t......r
3 .........r
4 ..........
5 ..........
6 .......t..
7 rr.....t..
8 .r.....r..
9 rr.rr..r.r

Turn = 8
  0123456789
0 ..........
1 .t........
2 ..t.....rr
3 ..........
4 ..........
5 ..........
6 r......t..
7 ..r....t..
8 ..r.....r.
9 r.rrr...rr

Turn = 9
  0123456789
0 ..........
1 .t.......r
2 ..t....r..
3 ..........
4 ..........
5 r.........
6 .......t..
7 ...r...t..
8 ...r.....r
9 r.rr.r..rr

Turn = 10
  0123456789
0 .........r
1 .t........
2 ..t...r...
3 ..........
4 r.........
5 ..........
6 .......t..
7 ....r..t..
8 ..r.r....r
9 .r..r.r.rr

*** Darwin 10x10 99 foods, 1 trap ***
Turn = 0
  0123456789
0 ffffffffff
1 ffffffffff
2 ffffffffff
3 ffffffffff
4 ffffffffff
5 ffffftffff
6 ffffffffff
7 ffffffffff
8 ffffffffff
9 ffffffffff

Turn = 1
  0123456789
0 ffffffffff
1 ffffffffff
2 ffffffffff
3 ffffffffff
4 ffffffffff
5 ffffftffff
6 ffffftffff
7 ffffftffff
8 ffffftffff
9 ffffftffff

Turn = 2
  0123456789
0 ffffffffff
1 ffffffffff
2 ffffffffff
3 ffffffffff
4 ffffffffff
5 ffffftffff
6 ffffftffff
7 ffffftffff
8 ffffftffff
9 fffffttttt

Turn = 3
  0123456789
0 ffffffffff
1 ffffffffff
2 ffffffffff
3 ffffffffff
4 fffffftfff
5 fffffttfff
6 fffffttfff
7 fffffttfff
8 fffffttfft
9 fffffttttt

Turn = 4
  0123456789
0 ffffffffff
1 ffffffffff
2 ffffffffff
3 ffffffffff
4 fffffttfff
5 fffffttfff
6 fffffttfff
7 fffffttfff
8 fffffttttt
9 fffffttttt

Turn = 5
  0123456789
0 ffffffffff
1 ffffffffff
2 ffffffffff
3 ffffffffff
4 fffffttfff
5 fffffttfff
6 fffffttfff
7 fffffttfff
8 fffffttttt
9 fffftttttt

Turn = 6
  0123456789
0 ffffffffff
1 ffffffffff
2 ffffffffff
3 ffffffffff
4 fffffttfff
5 fffftttfff
6 fffftttttt
7 fffftttttt
8 fffftttttt
9 fffftttttt

Turn = 7
  0123456789
0 ffffffffff
1 ffffffffff
2 ffffffffff
3 ffffftftff
4 ffffttttff
5 ffffttttft
6 fffftttttt
7 fffftttttt
8 fffftttttt
9 fffftttttt

Turn = 8
  0123456789
0 ffffffffff
1 ffffffffff
2 ffffffffff
3 ffffttttff
4 ffftttttff
5 fffftttttt
6 fffttttttt
7 fffttttttt
8 fffttttttt
9 fffttttttt

Turn = 9
  0123456789
0 ffffffffff
1 ffffffffff
2 ffffffffff
3 ffffttttff
4 ffftttttff
5 fffttttttt
6 fffttttttt
7 fffttttttt
8 fffttttttt
9 fffttttttt

Turn = 10
  0123456789
0 ffffffffff
1 ffffffffff
2 ffffffffff
3 ffffttttff
4 ffftttttff
5 fffttttttt
6 fffttttttt
7 fffttttttt
8 fffttttttt
9 fffttttttt

*** Darwin 1x20 2 hoppers, 1 row ***
Turn = 0
  01234567890123456789
0 h..................h

Turn = 1
  01234567890123456789
0 .h................h.

Turn = 2
  01234567890123456789
0 ..h..............h..

Turn = 3
  01234567890123456789
0 ...h............h...

Turn = 4
  01234567890123456789
0 ....h..........h....

Turn = 5
  01234567890123456789
0 .....h........h.....

Turn = 6
  01234567890123456789
0 ......h......h......

Turn = 7
  01234567890123456789
0 .......h....h.......

Turn = 8
  01234567890123456789
0 ........h..h........

Turn = 9
  01234567890123456789
0 .........hh.........

Turn = 10
  01234567890123456789
0 .........hh.........

*** Darwin 20x20 rover ball of doom ***
Turn = 0
  01234567890123456789
0 tttttttttttttttttttt
1 t..................t
2 t..................t
3 t..................t
4 t..................t
5 t..................t
6 t.....rrrrrrrrr....t
7 t.....rrrrrrrrr....t
8 t.....rrrrrrrrr....t
9 t.....rrrrrrrrr....t
0 t.....rrrrrrrrr....t
1 t.....rrrrrrrrr....t
2 t.....rrrrrrrrr....t
3 t.....rrrrrrrrr....t
4 t.....rrrrrrrrr....t
5 t..................t
6 t..................t
7 t..................t
8 t..................t
9 tttttttttttttttttttt

Turn = 1
  01234567890123456789
0 tttttttttttttttttttt
1 t..................t
2 t..................t
3 t..................t
4 t..................t
5 t..................t
6 t.....rrrrrrrrr....t
7 t.....rrrrrrrrr....t
8 t.....rrrrrrrrr....t
9 t.....rrrrrrrrr....t
0 t.....rrrrrrrrr....t
1 t.....rrrrrrrrr....t
2 t.....rrrrrrrrr....t
3 t.....rrrrrrrrr....t
4 t..................t
5 t.....rrrrrrrrr....t
6 t..................t
7 t..................t
8 t..................t
9 tttttttttttttttttttt

Turn = 2
  01234567890123456789
0 tttttttttttttttttttt
1 t..................t
2 t..................t
3 t..................t
4 t..................t
5 t..................t
6 t.....rrrrrrrrr....t
7 t.....rrrrrrrr.r...t
8 t.....rrrrrrrrr....t
9 t....rrrr.rrrr.r...t
0 t....r.rrrrrrr.r...t
1 t.....rrrrrrrrr....t
2 t....rrr.rrrrrr....t
3 t.....rrrrrrrrr....t
4 t..................t
5 t..................t
6 t.....rrrrrrrrr....t
7 t..................t
8 t..................t
9 tttttttttttttttttttt

Turn = 3
  01234567890123456789
0 tttttttttttttttttttt
1 t..................t
2 t..................t
3 t..................t
4 t..................t
5 t.....rr.r....r....t
6 t.....r.rrrrrr.....t
7 t......rr.rrrrr.r..t
8 t.....rrr.rrrr.....t
9 t...rrrrrrrrrr..r..t
0 t...r..rrrrrrrr.r..t
1 t.....rr.rrrrr.....t
2 t...rrr..rrrrrr....t
3 t.....r...r.rr.....t
4 t......rrr.r..r....t
5 t..................t
6 t..................t
7 t.....rrrrrrrrr....t
8 t..................t
9 tttttttttttttttttttt

Turn = 4
  01234567890123456789
0 tttttttttttttttttttt
1 t..................t
2 t..................t
3 t..................t
4 t.....rr.r....r....t
5 t.....r..r.........t
6 t.......rr.rr.r....t
7 t.....r..rrrrrr..r.t
8 t.....rrrr.rr.r....t
9 t..rrrr.rrrrr.r..r.t
0 t..r...rrrrrrrr..r.t
1 t.....rr.rrrrr.....t
2 t..rrr...rrrrr.r...t
3 t......r...rrr.....t
4 t..................t
5 t......rrr.r..r....t
6 t..................t
7 t..................t
8 t.....rrrrrrrrr....t
9 tttttttttttttttttttt

Turn = 5
  01234567890123456789
0 tttttttttttttttttttt
1 t..................t
2 t..................t
3 t.....rr.r....r....t
4 t.....r..r.........t
5 t...........r......t
6 t.......r.rr...r...t
7 t....r..rr.rrr....rt
8 t.....r.rrrrrr.r...t
9 t.rrrr.rrr.rr..r..rt
0 t.r....rrrrrrr.r..rt
1 t......r.rrrrr.....t
2 t.rrr.r..rrrrr..r..t
3 t.......r..r.r.....t
4 t...........r......t
5 t..................t
6 t......rrr.r..r....t
7 t..................t
8 t.....rrrrrrrrr....t
9 ttttttrrrrrrrrrttttt

Turn = 6
  01234567890123456789
0 tttttttttttttttttttt
1 t..................t
2 t.....rr.r....r....t
3 t.....r..r.........t
4 t...........r......t
5 t.........r........t
6 t......r..r.....r..t
7 t...r...rrrrr.....rr
8 t....r.r.rrrr...r..t
9 trrrr..rrrrr.r..r.rr
0 tr....r.r.rrrr..r.rr
1 t.....r.rrrrr.r....t
2 trrr....rrr.r.r..r.t
3 t.....r..r..r......t
4 t..........r.......t
5 t...........r......t
6 t..................t
7 t......rrr.r..r....t
8 t.....rrrrrrrrr....t
9 ttttttttrrrrrrrttttt

Turn = 7
  01234567890123456789
0 tttttttttttttttttttt
1 t.....rr.r....r....t
2 t.....r..r.........t
3 t...........r......t
4 t.........r........t
5 t..................t
6 t.....r..r.......r.r
7 t..r...r.rrrr.....rt
8 t...r.r.rr.rr....r.t
9 trrrr.r.rrrrrr...rrr
0 tr...r.r.rrr.r...rrt
1 t....r..r.r.r..r...t
2 trrr...rrr.rr..r..rt
3 t.........rr.......t
4 t.....r............t
5 t..........r.......t
6 t...........r......t
7 t......rrr.r..r....t
8 t.....rrrrrrrrr....t
9 ttttttttrrrrrrrttttt

Turn = 8
  01234567890123456789
0 ttttttrrtrttttrttttt
1 t.....rr.r....r....t
2 t.....r..r..r......t
3 t.........r........t
4 t..................t
5 t..................t
6 t....r..r.rr......rt
7 t.r...r..r..r......t
8 t..r.r.rr.rrrr...rrt
9 tr...r...rr.r....rrr
0 trrrrrr.rrr.r.r..r.t
1 t.rrr....r.r.r..r.rt
2 tr....rrr..r.r..r.rr
3 t.........rr.......t
4 t..................t
5 t.....r............t
6 t..........r.......t
7 t......rrrrrrr.....t
8 t.....rrr.rrrrr....t
9 ttttttrrrrrrrrtttttt

Turn = 9
  01234567890123456789
0 ttttttrrtrttttrttttt
1 t.....rr.r..r.r....t
2 t......rr.r........t
3 t..................t
4 t..................t
5 t.........rr.......r
6 t...r..r..........rt
7 tr...r....rrr......t
8 t.r.r.rr.r.r..r..rtt
9 tr..rr...rrrr....rrr
0 trrrrr..r....r.r...r
1 t.rrr...r.r.r.r.rrrr
2 tr...rrr..rrr.r..rrr
3 t..................r
4 t..................r
5 t..................r
6 t.....r.rr.r.......r
7 t......r..rrrr.....r
8 t.....rr.rrrrr.r...r
9 tttttrrrrrrrrrtttttr

Turn = 100
  01234567890123456789
0 tttttt.rrtrtttttt...
1 ttttt...trttttttt...
2 tttttt..t.tttt......
3 tt.tt...t.ttttt.....
4 ....t...t..ttt......
5 tttt..t............r
6 ttt..rt............t
7 ttt.ttt...........tt
8 ttttttt..........ttt
9 tttttt............tt
0 ttttt.............tt
1 ttttt............r..
2 tttt...r..r.........
3 ttt.................
4 ttttt...............
5 ttt............rr...
6 ttt.................
7 tt.tttt.............
8 tttttttt...rr.......
9 ttttttttrr..r...r...

*** Darwin 5x10 Gladiatorial Arena ***
Turn = 0
  0123456789
0 h........r
1 h........r
2 h........r
3 h........r
4 h........r

Turn = 1
  0123456789
0 .h......r.
1 .h......r.
2 .h......r.
3 .h......r.
4 .h......r.

Turn = 2
  0123456789
0 ..h....r..
1 ..h....r..
2 ..h....r..
3 ..h....r..
4 ..h....r..

Turn = 3
  0123456789
0 ...h..r...
1 ...h..r...
2 ...h..r...
3 ...h..r...
4 ...h..r...

Turn = 4
  0123456789
0 ....hr....
1 ....hr....
2 ....hr....
3 ....hr....
4 ....hr....

Turn = 5
  0123456789
0 ....rr....
1 ....rr....
2 ....rr....
3 ....rr....
4 ....rr....

Turn = 6
  0123456789
0 ....rr....
1 ....rr....
2 ....rr....
3 ....rr....
4 ....rr....

Turn = 7
  0123456789
0 ....rr....
1 ....rr....
2 ....rr....
3 ....rr....
4 ....rr....

Turn = 8
  0123456789
0 ...rr.....
1 ....rr....
2 ....rr....
3 ...r..r...
4 ...r..r...

Turn = 9
  0123456789
0 ..rr.r....
1 ....rr....
2 ....r.....
3 ..r....r..
4 ..r....r..

Turn = 10
  0123456789
0 .rr..r....
1 ....rr....
2 .....r....
3 .r......r.
4 .r......r.

